04/07/08 下午 04時15分51秒 - Building message catalogs...
04/07/08 下午 04時15分52秒 - Building FreeBSD x86 install...  
04/07/08 下午 04時15分52秒 - Building main.tcl...
04/07/08 下午 04時15分52秒 - Refreshing file groups...
04/07/08 下午 04時15分52秒 - Getting file list...
04/07/08 下午 04時15分52秒 - Building file manifest...
04/07/08 下午 04時15分52秒 - Saving install information...
04/07/08 下午 04時15分52秒 - Building install...
04/07/08 下午 04時15分52秒 - Wrapping install files...
04/07/08 下午 04時15分53秒 - FreeBSD x86 build completed in 00m01s.
04/07/08 下午 04時15分53秒 - Installer size is 1.50 MB.
04/07/08 下午 04時15分53秒 - Build completed in 00m02s.
04/08/08 下午 03時21分39秒 - Building message catalogs...
04/08/08 下午 03時21分39秒 - Building FreeBSD x86 install...  
04/08/08 下午 03時21分39秒 - Building main.tcl...
04/08/08 下午 03時21分39秒 - Refreshing file groups...
04/08/08 下午 03時21分39秒 - Getting file list...
04/08/08 下午 03時21分39秒 - Building file manifest...
04/08/08 下午 03時21分39秒 - Saving install information...
04/08/08 下午 03時21分40秒 - Building install...
04/08/08 下午 03時21分40秒 - Wrapping install files...
04/08/08 下午 03時21分40秒 - FreeBSD x86 build completed in 00m01s.
04/08/08 下午 03時21分40秒 - Installer size is 1.50 MB.
04/08/08 下午 03時21分40秒 - Build completed in 00m01s.
04/08/08 下午 03時43分40秒 - Building message catalogs...
04/08/08 下午 03時43分40秒 - Building FreeBSD x86 install...  
04/08/08 下午 03時43分40秒 - Building main.tcl...
04/08/08 下午 03時43分40秒 - Refreshing file groups...
04/08/08 下午 03時43分40秒 - Getting file list...
04/08/08 下午 03時43分40秒 - Building file manifest...
04/08/08 下午 03時43分40秒 - Saving install information...
04/08/08 下午 03時43分40秒 - Building install...
04/08/08 下午 03時43分40秒 - Wrapping install files...
04/08/08 下午 03時43分41秒 - FreeBSD x86 build completed in 00m01s.
04/08/08 下午 03時43分41秒 - Installer size is 1.50 MB.
04/08/08 下午 03時43分41秒 - Build completed in 00m01s.
04/09/08 下午 01時50分11秒 - Building message catalogs...
04/09/08 下午 01時50分11秒 - Building FreeBSD x86 install...  
04/09/08 下午 01時50分11秒 - Rebuilding without repackaging files...
04/09/08 下午 01時50分11秒 - Building main.tcl...
04/09/08 下午 01時50分11秒 - Saving install information...
04/09/08 下午 01時50分11秒 - Building install...
04/09/08 下午 01時50分12秒 - FreeBSD x86 build completed in 00m01s.
04/09/08 下午 01時50分12秒 - Installer size is 1.65 MB.
04/09/08 下午 01時50分12秒 - Build completed in 00m01s.
04/09/08 下午 01時50分13秒 - Building message catalogs...
04/09/08 下午 01時50分13秒 - Building FreeBSD x86 install...  
04/09/08 下午 01時50分13秒 - Building main.tcl...
04/09/08 下午 01時50分13秒 - Refreshing file groups...
04/09/08 下午 01時50分13秒 - Getting file list...
04/09/08 下午 01時50分13秒 - Building file manifest...
04/09/08 下午 01時50分13秒 - Saving install information...
04/09/08 下午 01時50分14秒 - Building install...
04/09/08 下午 01時50分14秒 - Wrapping install files...
04/09/08 下午 01時50分14秒 - FreeBSD x86 build completed in 00m01s.
04/09/08 下午 01時50分14秒 - Installer size is 1.50 MB.
04/09/08 下午 01時50分14秒 - Build completed in 00m01s.
04/09/08 下午 01時50分15秒 - Building message catalogs...
04/09/08 下午 01時50分15秒 - Building FreeBSD x86 install...  
04/09/08 下午 01時50分15秒 - Building main.tcl...
04/09/08 下午 01時50分15秒 - Refreshing file groups...
04/09/08 下午 01時50分15秒 - Getting file list...
04/09/08 下午 01時50分15秒 - Building file manifest...
04/09/08 下午 01時50分15秒 - Saving install information...
04/09/08 下午 01時50分16秒 - Building install...
04/09/08 下午 01時50分16秒 - Wrapping install files...
04/09/08 下午 01時50分16秒 - FreeBSD x86 build completed in 00m01s.
04/09/08 下午 01時50分16秒 - Installer size is 1.50 MB.
04/09/08 下午 01時50分16秒 - Build completed in 00m01s.
04/09/08 下午 01時50分17秒 - Building message catalogs...
04/09/08 下午 01時50分17秒 - Building FreeBSD x86 install...  
04/09/08 下午 01時50分17秒 - Building main.tcl...
04/09/08 下午 01時50分17秒 - Refreshing file groups...
04/09/08 下午 01時50分17秒 - Getting file list...
04/09/08 下午 01時50分17秒 - Building file manifest...
04/09/08 下午 01時50分17秒 - Saving install information...
04/09/08 下午 01時50分18秒 - Building install...
04/09/08 下午 01時50分18秒 - Wrapping install files...
04/09/08 下午 01時50分18秒 - FreeBSD x86 build completed in 00m01s.
04/09/08 下午 01時50分18秒 - Installer size is 1.50 MB.
04/09/08 下午 01時50分18秒 - Build completed in 00m01s.
04/09/08 下午 02時18分18秒 - Building message catalogs...
04/09/08 下午 02時18分18秒 - Building FreeBSD x86 install...  
04/09/08 下午 02時18分18秒 - Rebuilding without repackaging files...
04/09/08 下午 02時18分18秒 - Building main.tcl...
04/09/08 下午 02時18分18秒 - Saving install information...
04/09/08 下午 02時18分19秒 - Building install...
04/09/08 下午 02時18分19秒 - FreeBSD x86 build completed in 00m01s.
04/09/08 下午 02時18分19秒 - Installer size is 1.65 MB.
04/09/08 下午 02時18分19秒 - Build completed in 00m01s.
04/09/08 下午 02時18分20秒 - Building message catalogs...
04/09/08 下午 02時18分20秒 - Building FreeBSD x86 install...  
04/09/08 下午 02時18分20秒 - Building main.tcl...
04/09/08 下午 02時18分20秒 - Refreshing file groups...
04/09/08 下午 02時18分20秒 - Getting file list...
04/09/08 下午 02時18分20秒 - Building file manifest...
04/09/08 下午 02時18分20秒 - Saving install information...
04/09/08 下午 02時18分21秒 - Building install...
04/09/08 下午 02時18分21秒 - Wrapping install files...
04/09/08 下午 02時18分21秒 - FreeBSD x86 build completed in 00m01s.
04/09/08 下午 02時18分21秒 - Installer size is 1.50 MB.
04/09/08 下午 02時18分21秒 - Build completed in 00m01s.
04/09/08 下午 02時18分22秒 - Building message catalogs...
04/09/08 下午 02時18分22秒 - Building FreeBSD x86 install...  
04/09/08 下午 02時18分22秒 - Rebuilding without repackaging files...
04/09/08 下午 02時18分22秒 - Building main.tcl...
04/09/08 下午 02時18分22秒 - Saving install information...
04/09/08 下午 02時18分23秒 - Building install...
04/09/08 下午 02時18分23秒 - FreeBSD x86 build completed in 00m01s.
04/09/08 下午 02時18分23秒 - Installer size is 1.65 MB.
04/09/08 下午 02時18分23秒 - Build completed in 00m01s.
04/10/08 下午 12時04分45秒 - Building message catalogs...
04/10/08 下午 12時04分45秒 - Building FreeBSD x86 install...  
04/10/08 下午 12時04分45秒 - Building main.tcl...
04/10/08 下午 12時04分45秒 - Refreshing file groups...
04/10/08 下午 12時04分45秒 - Getting file list...
04/10/08 下午 12時04分45秒 - Building file manifest...
04/10/08 下午 12時04分45秒 - Saving install information...
04/10/08 下午 12時04分46秒 - Building install...
04/10/08 下午 12時04分46秒 - Wrapping install files...
04/10/08 下午 12時04分46秒 - FreeBSD x86 build completed in 00m01s.
04/10/08 下午 12時04分46秒 - Installer size is 1.50 MB.
04/10/08 下午 12時04分46秒 - Build completed in 00m01s.
04/10/08 下午 01時06分28秒 - Building message catalogs...
04/10/08 下午 01時06分28秒 - Building FreeBSD x86 install...  
04/10/08 下午 01時06分28秒 - Building main.tcl...
04/10/08 下午 01時06分28秒 - Refreshing file groups...
04/10/08 下午 01時06分28秒 - Getting file list...
04/10/08 下午 01時06分28秒 - Building file manifest...
04/10/08 下午 01時06分28秒 - Saving install information...
04/10/08 下午 01時06分28秒 - Building install...
04/10/08 下午 01時06分28秒 - Wrapping install files...
04/10/08 下午 01時06分28秒 - FreeBSD x86 build completed in 00m00s.
04/10/08 下午 01時06分29秒 - Installer size is 1.50 MB.
04/10/08 下午 01時06分29秒 - Build completed in 00m02s.
04/11/08 上午 10時32分32秒 - Building message catalogs...
04/11/08 上午 10時32分33秒 - Building FreeBSD x86 install...  
04/11/08 上午 10時32分33秒 - Building main.tcl...
04/11/08 上午 10時32分33秒 - Refreshing file groups...
04/11/08 上午 10時32分33秒 - Getting file list...
04/11/08 上午 10時32分33秒 - Building file manifest...
04/11/08 上午 10時32分33秒 - Saving install information...
04/11/08 上午 10時32分33秒 - Building install...
04/11/08 上午 10時32分33秒 - Wrapping install files...
04/11/08 上午 10時32分34秒 - FreeBSD x86 build completed in 00m01s.
04/11/08 上午 10時32分34秒 - Installer size is 1.50 MB.
04/11/08 上午 10時32分34秒 - Build completed in 00m02s.
