04/01/08 下午 05時43分55秒 - Building message catalogs...
04/01/08 下午 05時43分55秒 - Building FreeBSD x86 install...  
04/01/08 下午 05時43分55秒 - Building main.tcl...
04/01/08 下午 05時43分55秒 - Refreshing file groups...
04/01/08 下午 05時43分55秒 - Getting file list...
04/01/08 下午 05時43分55秒 - Building file manifest...
04/01/08 下午 05時43分55秒 - Saving install information...
04/01/08 下午 05時43分56秒 - Building install...
04/01/08 下午 05時43分56秒 - Wrapping install files...
04/01/08 下午 05時43分56秒 - FreeBSD x86 build completed in 00m01s.
04/01/08 下午 05時43分56秒 - Installer size is 1.52 MB.
04/01/08 下午 05時43分56秒 - Build completed in 00m01s.
04/08/08 下午 01時55分52秒 - Building message catalogs...
04/08/08 下午 01時55分52秒 - Building FreeBSD x86 install...  
04/08/08 下午 01時55分52秒 - Building main.tcl...
04/08/08 下午 01時55分52秒 - Refreshing file groups...
04/08/08 下午 01時55分52秒 - Getting file list...
04/08/08 下午 01時55分52秒 - Building file manifest...
04/08/08 下午 01時55分52秒 - Saving install information...
04/08/08 下午 01時55分53秒 - Building install...
04/08/08 下午 01時55分53秒 - Wrapping install files...
04/08/08 下午 01時55分53秒 - FreeBSD x86 build completed in 00m01s.
04/08/08 下午 01時55分53秒 - Installer size is 1.52 MB.
04/08/08 下午 01時55分53秒 - Build completed in 00m01s.
04/08/08 下午 03時28分20秒 - Building message catalogs...
04/08/08 下午 03時28分20秒 - Building FreeBSD x86 install...  
04/08/08 下午 03時28分20秒 - Building main.tcl...
04/08/08 下午 03時28分20秒 - Refreshing file groups...
04/08/08 下午 03時28分20秒 - Getting file list...
04/08/08 下午 03時28分20秒 - File '/media/sda3/_work/ftp/.sync_ftp_users.sql.swp' does not exist!
04/08/08 下午 03時28分20秒 - FreeBSD x86 build completed with errors
04/08/08 下午 03時28分20秒 - Build completed in 00m00s.
04/08/08 下午 03時43分45秒 - Building message catalogs...
04/08/08 下午 03時43分45秒 - Building FreeBSD x86 install...  
04/08/08 下午 03時43分45秒 - Building main.tcl...
04/08/08 下午 03時43分45秒 - Refreshing file groups...
04/08/08 下午 03時43分45秒 - Getting file list...
04/08/08 下午 03時43分45秒 - File '/media/sda3/_work/ftp/.sync_ftp_users.sql.swp' does not exist!
04/08/08 下午 03時43分45秒 - FreeBSD x86 build completed with errors
04/08/08 下午 03時43分45秒 - Build completed in 00m00s.
04/10/08 下午 12時04分50秒 - Building message catalogs...
04/10/08 下午 12時04分50秒 - Building FreeBSD x86 install...  
04/10/08 下午 12時04分50秒 - Building main.tcl...
04/10/08 下午 12時04分50秒 - Refreshing file groups...
04/10/08 下午 12時04分50秒 - Getting file list...
04/10/08 下午 12時04分50秒 - File '/media/sda3/_work/ftp/.sync_ftp_users.sql.swp' does not exist!
04/10/08 下午 12時04分50秒 - FreeBSD x86 build completed with errors
04/10/08 下午 12時04分50秒 - Build completed in 00m00s.
04/10/08 下午 12時04分53秒 - Building message catalogs...
04/10/08 下午 12時04分53秒 - Building FreeBSD x86 install...  
04/10/08 下午 12時04分53秒 - Building main.tcl...
04/10/08 下午 12時04分53秒 - Refreshing file groups...
04/10/08 下午 12時04分53秒 - Getting file list...
04/10/08 下午 12時04分53秒 - File '/media/sda3/_work/ftp/.sync_ftp_users.sql.swp' does not exist!
04/10/08 下午 12時04分53秒 - FreeBSD x86 build completed with errors
04/10/08 下午 12時04分53秒 - Build completed in 00m00s.
04/10/08 下午 01時06分41秒 - Building message catalogs...
04/10/08 下午 01時06分41秒 - Building FreeBSD x86 install...  
04/10/08 下午 01時06分41秒 - Building main.tcl...
04/10/08 下午 01時06分41秒 - Refreshing file groups...
04/10/08 下午 01時06分41秒 - Getting file list...
04/10/08 下午 01時06分41秒 - File '/media/sda3/_work/ftp/.sync_ftp_users.sql.swp' does not exist!
04/10/08 下午 01時06分41秒 - FreeBSD x86 build completed with errors
04/10/08 下午 01時06分41秒 - Build completed in 00m01s.
04/10/08 下午 01時06分59秒 - Building message catalogs...
04/10/08 下午 01時06分59秒 - Building FreeBSD x86 install...  
04/10/08 下午 01時06分59秒 - Building main.tcl...
04/10/08 下午 01時06分59秒 - Refreshing file groups...
04/10/08 下午 01時06分59秒 - Getting file list...
04/10/08 下午 01時06分59秒 - Building file manifest...
04/10/08 下午 01時06分59秒 - Saving install information...
04/10/08 下午 01時07分00秒 - Building install...
04/10/08 下午 01時07分00秒 - Wrapping install files...
04/10/08 下午 01時07分00秒 - FreeBSD x86 build completed in 00m01s.
04/10/08 下午 01時07分00秒 - Installer size is 1.52 MB.
04/10/08 下午 01時07分00秒 - Build completed in 00m01s.
04/11/08 上午 10時32分48秒 - Building message catalogs...
04/11/08 上午 10時32分48秒 - Building FreeBSD x86 install...  
04/11/08 上午 10時32分48秒 - Building main.tcl...
04/11/08 上午 10時32分48秒 - Refreshing file groups...
04/11/08 上午 10時32分48秒 - Getting file list...
04/11/08 上午 10時32分49秒 - Building file manifest...
04/11/08 上午 10時32分49秒 - Saving install information...
04/11/08 上午 10時32分49秒 - Building install...
04/11/08 上午 10時32分50秒 - Wrapping install files...
04/11/08 上午 10時32分50秒 - FreeBSD x86 build completed in 00m02s.
04/11/08 上午 10時32分50秒 - Installer size is 1.52 MB.
04/11/08 上午 10時32分50秒 - Build completed in 00m02s.
04/17/08 下午 04時02分11秒 - Building message catalogs...
04/17/08 下午 04時02分11秒 - Building FreeBSD x86 install...  
04/17/08 下午 04時02分11秒 - Building main.tcl...
04/17/08 下午 04時02分11秒 - Refreshing file groups...
04/17/08 下午 04時02分12秒 - Getting file list...
04/17/08 下午 04時02分12秒 - Building file manifest...
04/17/08 下午 04時02分12秒 - Saving install information...
04/17/08 下午 04時02分12秒 - Building install...
04/17/08 下午 04時02分13秒 - Wrapping install files...
04/17/08 下午 04時02分13秒 - FreeBSD x86 build completed in 00m02s.
04/17/08 下午 04時02分13秒 - Installer size is 1.52 MB.
04/17/08 下午 04時02分13秒 - Build completed in 00m02s.
