04/07/08 上午 11時16分52秒 - Building message catalogs...
04/07/08 上午 11時16分52秒 - Building FreeBSD x86 install...  
04/07/08 上午 11時16分52秒 - Building main.tcl...
04/07/08 上午 11時16分52秒 - Refreshing file groups...
04/07/08 上午 11時16分53秒 - Getting file list...
04/07/08 上午 11時16分55秒 - Building file manifest...
04/07/08 上午 11時16分55秒 - Saving install information...
04/07/08 上午 11時16分57秒 - Building install...
04/07/08 上午 11時16分57秒 - Wrapping install files...
04/07/08 上午 11時17分03秒 - FreeBSD x86 build completed in 00m11s.
04/07/08 上午 11時17分03秒 - Installer size is 2.61 MB.
04/07/08 上午 11時17分03秒 - Build completed in 00m11s.
04/07/08 下午 03時46分58秒 - Building message catalogs...
04/07/08 下午 03時46分58秒 - Building FreeBSD x86 install...  
04/07/08 下午 03時46分58秒 - Building main.tcl...
04/07/08 下午 03時46分58秒 - Refreshing file groups...
04/07/08 下午 03時46分58秒 - Getting file list...
04/07/08 下午 03時46分58秒 - Building file manifest...
04/07/08 下午 03時46分58秒 - Saving install information...
04/07/08 下午 03時46分59秒 - Building install...
04/07/08 下午 03時47分00秒 - Wrapping install files...
04/07/08 下午 03時47分00秒 - FreeBSD x86 build completed in 00m02s.
04/07/08 下午 03時47分00秒 - Installer size is 1.50 MB.
04/07/08 下午 03時47分00秒 - Build completed in 00m02s.
04/07/08 下午 04時01分30秒 - Building message catalogs...
04/07/08 下午 04時01分30秒 - Building FreeBSD x86 install...  
04/07/08 下午 04時01分30秒 - Building main.tcl...
04/07/08 下午 04時01分30秒 - Refreshing file groups...
04/07/08 下午 04時01分30秒 - Getting file list...
04/07/08 下午 04時01分30秒 - Building file manifest...
04/07/08 下午 04時01分30秒 - Saving install information...
04/07/08 下午 04時01分31秒 - Building install...
04/07/08 下午 04時01分31秒 - Wrapping install files...
04/07/08 下午 04時01分31秒 - FreeBSD x86 build completed in 00m01s.
04/07/08 下午 04時01分31秒 - Installer size is 1.50 MB.
04/07/08 下午 04時01分31秒 - Build completed in 00m01s.
04/07/08 下午 04時06分09秒 - Building message catalogs...
04/07/08 下午 04時06分09秒 - Building FreeBSD x86 install...  
04/07/08 下午 04時06分09秒 - Building main.tcl...
04/07/08 下午 04時06分09秒 - Refreshing file groups...
04/07/08 下午 04時06分09秒 - Getting file list...
04/07/08 下午 04時06分09秒 - Building file manifest...
04/07/08 下午 04時06分09秒 - Saving install information...
04/07/08 下午 04時06分10秒 - Building install...
04/07/08 下午 04時06分10秒 - Wrapping install files...
04/07/08 下午 04時06分10秒 - FreeBSD x86 build completed in 00m01s.
04/07/08 下午 04時06分10秒 - Installer size is 1.51 MB.
04/07/08 下午 04時06分10秒 - Build completed in 00m01s.
04/08/08 下午 02時04分17秒 - Building message catalogs...
04/08/08 下午 02時04分17秒 - Building FreeBSD x86 install...  
04/08/08 下午 02時04分17秒 - Building main.tcl...
04/08/08 下午 02時04分17秒 - Refreshing file groups...
04/08/08 下午 02時04分17秒 - Getting file list...
04/08/08 下午 02時04分17秒 - Building file manifest...
04/08/08 下午 02時04分17秒 - Saving install information...
04/08/08 下午 02時04分18秒 - Building install...
04/08/08 下午 02時04分18秒 - Wrapping install files...
04/08/08 下午 02時04分19秒 - FreeBSD x86 build completed in 00m02s.
04/08/08 下午 02時04分19秒 - Installer size is 1.51 MB.
04/08/08 下午 02時04分19秒 - Build completed in 00m02s.
04/08/08 下午 03時43分58秒 - Building message catalogs...
04/08/08 下午 03時43分58秒 - Building FreeBSD x86 install...  
04/08/08 下午 03時43分58秒 - Building main.tcl...
04/08/08 下午 03時43分58秒 - Refreshing file groups...
04/08/08 下午 03時43分58秒 - Getting file list...
04/08/08 下午 03時43分58秒 - Building file manifest...
04/08/08 下午 03時43分58秒 - Saving install information...
04/08/08 下午 03時43分59秒 - Building install...
04/08/08 下午 03時43分59秒 - Wrapping install files...
04/08/08 下午 03時43分59秒 - FreeBSD x86 build completed in 00m01s.
04/08/08 下午 03時43分59秒 - Installer size is 1.51 MB.
04/08/08 下午 03時43分59秒 - Build completed in 00m01s.
04/10/08 下午 12時05分01秒 - Building message catalogs...
04/10/08 下午 12時05分01秒 - Building FreeBSD x86 install...  
04/10/08 下午 12時05分01秒 - Building main.tcl...
04/10/08 下午 12時05分01秒 - Refreshing file groups...
04/10/08 下午 12時05分01秒 - Getting file list...
04/10/08 下午 12時05分01秒 - Building file manifest...
04/10/08 下午 12時05分01秒 - Saving install information...
04/10/08 下午 12時05分02秒 - Building install...
04/10/08 下午 12時05分02秒 - Wrapping install files...
04/10/08 下午 12時05分02秒 - FreeBSD x86 build completed in 00m01s.
04/10/08 下午 12時05分02秒 - Installer size is 1.51 MB.
04/10/08 下午 12時05分02秒 - Build completed in 00m01s.
04/10/08 下午 01時07分52秒 - Building message catalogs...
04/10/08 下午 01時07分52秒 - Building FreeBSD x86 install...  
04/10/08 下午 01時07分52秒 - Building main.tcl...
04/10/08 下午 01時07分52秒 - Refreshing file groups...
04/10/08 下午 01時07分52秒 - Getting file list...
04/10/08 下午 01時07分52秒 - Building file manifest...
04/10/08 下午 01時07分52秒 - Saving install information...
04/10/08 下午 01時07分53秒 - Building install...
04/10/08 下午 01時07分53秒 - Wrapping install files...
04/10/08 下午 01時07分53秒 - FreeBSD x86 build completed in 00m01s.
04/10/08 下午 01時07分53秒 - Installer size is 1.51 MB.
04/10/08 下午 01時07分53秒 - Build completed in 00m01s.
04/11/08 上午 10時33分20秒 - Building message catalogs...
04/11/08 上午 10時33分20秒 - Building FreeBSD x86 install...  
04/11/08 上午 10時33分20秒 - Building main.tcl...
04/11/08 上午 10時33分20秒 - Refreshing file groups...
04/11/08 上午 10時33分20秒 - Getting file list...
04/11/08 上午 10時33分20秒 - Building file manifest...
04/11/08 上午 10時33分20秒 - Saving install information...
04/11/08 上午 10時33分21秒 - Building install...
04/11/08 上午 10時33分21秒 - Wrapping install files...
04/11/08 上午 10時33分21秒 - FreeBSD x86 build completed in 00m01s.
04/11/08 上午 10時33分21秒 - Installer size is 1.51 MB.
04/11/08 上午 10時33分21秒 - Build completed in 00m01s.
