04/02/08 下午 05時09分04秒 - Building message catalogs...
04/02/08 下午 05時09分04秒 - Building FreeBSD x86 install...  
04/02/08 下午 05時09分04秒 - Building main.tcl...
04/02/08 下午 05時09分04秒 - Refreshing file groups...
04/02/08 下午 05時09分04秒 - Getting file list...
04/02/08 下午 05時09分04秒 - Building file manifest...
04/02/08 下午 05時09分04秒 - Saving install information...
04/02/08 下午 05時09分05秒 - Building install...
04/02/08 下午 05時09分05秒 - Wrapping install files...
04/02/08 下午 05時09分05秒 - FreeBSD x86 build completed in 00m01s.
04/02/08 下午 05時09分05秒 - Installer size is 1.53 MB.
04/02/08 下午 05時09分05秒 - Build completed in 00m01s.
04/02/08 下午 05時58分13秒 - Building message catalogs...
04/02/08 下午 05時58分13秒 - Building FreeBSD x86 install...  
04/02/08 下午 05時58分13秒 - Building main.tcl...
04/02/08 下午 05時58分13秒 - Refreshing file groups...
04/02/08 下午 05時58分13秒 - Getting file list...
04/02/08 下午 05時58分13秒 - Building file manifest...
04/02/08 下午 05時58分13秒 - Saving install information...
04/02/08 下午 05時58分14秒 - Building install...
04/02/08 下午 05時58分14秒 - Wrapping install files...
04/02/08 下午 05時58分14秒 - FreeBSD x86 build completed in 00m01s.
04/02/08 下午 05時58分14秒 - Installer size is 1.52 MB.
04/02/08 下午 05時58分14秒 - Build completed in 00m01s.
04/02/08 下午 06時23分21秒 - Building message catalogs...
04/02/08 下午 06時23分21秒 - Building FreeBSD x86 install...  
04/02/08 下午 06時23分21秒 - Building main.tcl...
04/02/08 下午 06時23分21秒 - Refreshing file groups...
04/02/08 下午 06時23分21秒 - Getting file list...
04/02/08 下午 06時23分21秒 - Building file manifest...
04/02/08 下午 06時23分21秒 - Saving install information...
04/02/08 下午 06時23分22秒 - Building install...
04/02/08 下午 06時23分22秒 - Wrapping install files...
04/02/08 下午 06時23分22秒 - FreeBSD x86 build completed in 00m01s.
04/02/08 下午 06時23分22秒 - Installer size is 1.52 MB.
04/02/08 下午 06時23分22秒 - Build completed in 00m01s.
04/02/08 下午 06時31分53秒 - Building message catalogs...
04/02/08 下午 06時31分53秒 - Building FreeBSD x86 install...  
04/02/08 下午 06時31分53秒 - Rebuilding without repackaging files...
04/02/08 下午 06時31分53秒 - Building main.tcl...
04/02/08 下午 06時31分53秒 - Saving install information...
04/02/08 下午 06時31分54秒 - Building install...
04/02/08 下午 06時31分54秒 - FreeBSD x86 build completed in 00m01s.
04/02/08 下午 06時31分54秒 - Installer size is 1.67 MB.
04/02/08 下午 06時31分54秒 - Build completed in 00m01s.
04/03/08 上午 09時38分16秒 - Building message catalogs...
04/03/08 上午 09時38分16秒 - Building FreeBSD x86 install...  
04/03/08 上午 09時38分16秒 - Rebuilding without repackaging files...
04/03/08 上午 09時38分16秒 - Building main.tcl...
04/03/08 上午 09時38分16秒 - Saving install information...
04/03/08 上午 09時38分17秒 - Building install...
04/03/08 上午 09時38分17秒 - FreeBSD x86 build completed in 00m01s.
04/03/08 上午 09時38分17秒 - Installer size is 1.82 MB.
04/03/08 上午 09時38分17秒 - Build completed in 00m01s.
04/03/08 上午 10時07分30秒 - Building message catalogs...
04/03/08 上午 10時07分30秒 - Building FreeBSD x86 install...  
04/03/08 上午 10時07分30秒 - Building main.tcl...
04/03/08 上午 10時07分30秒 - Refreshing file groups...
04/03/08 上午 10時07分30秒 - Getting file list...
04/03/08 上午 10時07分30秒 - Building file manifest...
04/03/08 上午 10時07分30秒 - Saving install information...
04/03/08 上午 10時07分31秒 - Building install...
04/03/08 上午 10時07分31秒 - Wrapping install files...
04/03/08 上午 10時07分31秒 - FreeBSD x86 build completed in 00m01s.
04/03/08 上午 10時07分31秒 - Installer size is 1.52 MB.
04/03/08 上午 10時07分31秒 - Build completed in 00m01s.
04/03/08 上午 11時02分24秒 - Building message catalogs...
04/03/08 上午 11時02分24秒 - Building FreeBSD x86 install...  
04/03/08 上午 11時02分24秒 - Rebuilding without repackaging files...
04/03/08 上午 11時02分24秒 - Building main.tcl...
04/03/08 上午 11時02分24秒 - Refreshing file groups...
04/03/08 上午 11時02分24秒 - Getting file list...
04/03/08 上午 11時02分24秒 - Saving install information...
04/03/08 上午 11時02分25秒 - Building install...
04/03/08 上午 11時02分25秒 - FreeBSD x86 build completed in 00m01s.
04/03/08 上午 11時02分25秒 - Installer size is 1.67 MB.
04/03/08 上午 11時02分25秒 - Build completed in 00m02s.
04/03/08 上午 11時27分40秒 - Building message catalogs...
04/03/08 上午 11時27分40秒 - Building FreeBSD x86 install...  
04/03/08 上午 11時27分40秒 - Rebuilding without repackaging files...
04/03/08 上午 11時27分40秒 - Building main.tcl...
04/03/08 上午 11時27分40秒 - Saving install information...
04/03/08 上午 11時27分41秒 - Building install...
04/03/08 上午 11時27分41秒 - FreeBSD x86 build completed in 00m01s.
04/03/08 上午 11時27分41秒 - Installer size is 1.82 MB.
04/03/08 上午 11時27分41秒 - Build completed in 00m01s.
04/03/08 上午 11時31分12秒 - Building message catalogs...
04/03/08 上午 11時31分12秒 - Building FreeBSD x86 install...  
04/03/08 上午 11時31分12秒 - Building main.tcl...
04/03/08 上午 11時31分12秒 - Refreshing file groups...
04/03/08 上午 11時31分12秒 - Getting file list...
04/03/08 上午 11時31分12秒 - File '/media/sda3/_work/host/gotojail/.install.sh.swp' does not exist!
04/03/08 上午 11時31分12秒 - FreeBSD x86 build completed with errors
04/03/08 上午 11時31分12秒 - Build completed in 00m00s.
04/03/08 下午 02時13分36秒 - Building message catalogs...
04/03/08 下午 02時13分36秒 - Building FreeBSD x86 install...  
04/03/08 下午 02時13分36秒 - Building main.tcl...
04/03/08 下午 02時13分36秒 - Refreshing file groups...
04/03/08 下午 02時13分36秒 - Getting file list...
04/03/08 下午 02時13分36秒 - File '/media/sda3/_work/host/gotojail/.install.sh.swp' does not exist!
04/03/08 下午 02時13分36秒 - FreeBSD x86 build completed with errors
04/03/08 下午 02時13分36秒 - Build completed in 00m00s.
04/03/08 下午 02時13分42秒 - Building message catalogs...
04/03/08 下午 02時13分42秒 - Building FreeBSD x86 install...  
04/03/08 下午 02時13分42秒 - Building main.tcl...
04/03/08 下午 02時13分42秒 - Refreshing file groups...
04/03/08 下午 02時13分42秒 - Getting file list...
04/03/08 下午 02時13分42秒 - File '/media/sda3/_work/host/gotojail/.install.sh.swp' does not exist!
04/03/08 下午 02時13分42秒 - FreeBSD x86 build completed with errors
04/03/08 下午 02時13分42秒 - Build completed in 00m00s.
04/03/08 下午 02時43分29秒 - Building message catalogs...
04/03/08 下午 02時43分29秒 - Building FreeBSD x86 install...  
04/03/08 下午 02時43分29秒 - Building main.tcl...
04/03/08 下午 02時43分29秒 - Refreshing file groups...
04/03/08 下午 02時43分29秒 - Getting file list...
04/03/08 下午 02時43分29秒 - File '/media/sda3/_work/host/gotojail/.install.sh.swp' does not exist!
04/03/08 下午 02時43分29秒 - FreeBSD x86 build completed with errors
04/03/08 下午 02時43分29秒 - Build completed in 00m00s.
04/03/08 下午 02時43分31秒 - Building message catalogs...
04/03/08 下午 02時43分31秒 - Building FreeBSD x86 install...  
04/03/08 下午 02時43分31秒 - Building main.tcl...
04/03/08 下午 02時43分31秒 - Refreshing file groups...
04/03/08 下午 02時43分31秒 - Getting file list...
04/03/08 下午 02時43分31秒 - File '/media/sda3/_work/host/gotojail/.install.sh.swp' does not exist!
04/03/08 下午 02時43分31秒 - FreeBSD x86 build completed with errors
04/03/08 下午 02時43分31秒 - Build completed in 00m00s.
04/03/08 下午 02時45分10秒 - Building message catalogs...
04/03/08 下午 02時45分10秒 - Building FreeBSD x86 install...  
04/03/08 下午 02時45分10秒 - Rebuilding without repackaging files...
04/03/08 下午 02時45分10秒 - Building main.tcl...
04/03/08 下午 02時45分10秒 - Saving install information...
04/03/08 下午 02時45分11秒 - Building install...
04/03/08 下午 02時45分11秒 - FreeBSD x86 build completed in 00m01s.
04/03/08 下午 02時45分11秒 - Installer size is 1.97 MB.
04/03/08 下午 02時45分11秒 - Build completed in 00m01s.
04/03/08 下午 02時45分12秒 - Building message catalogs...
04/03/08 下午 02時45分12秒 - Building FreeBSD x86 install...  
04/03/08 下午 02時45分12秒 - Building main.tcl...
04/03/08 下午 02時45分12秒 - Refreshing file groups...
04/03/08 下午 02時45分12秒 - Getting file list...
04/03/08 下午 02時45分12秒 - File '/media/sda3/_work/host/gotojail/.install.sh.swp' does not exist!
04/03/08 下午 02時45分12秒 - FreeBSD x86 build completed with errors
04/03/08 下午 02時45分12秒 - Build completed in 00m00s.
04/03/08 下午 02時45分28秒 - Building message catalogs...
04/03/08 下午 02時45分28秒 - Building FreeBSD x86 install...  
04/03/08 下午 02時45分28秒 - Building main.tcl...
04/03/08 下午 02時45分28秒 - Refreshing file groups...
04/03/08 下午 02時45分29秒 - Getting file list...
04/03/08 下午 02時45分29秒 - Building file manifest...
04/03/08 下午 02時45分29秒 - Saving install information...
04/03/08 下午 02時45分29秒 - Building install...
04/03/08 下午 02時45分29秒 - Wrapping install files...
04/03/08 下午 02時45分30秒 - FreeBSD x86 build completed in 00m02s.
04/03/08 下午 02時45分30秒 - Installer size is 4.67 MB.
04/03/08 下午 02時45分30秒 - Build completed in 00m02s.
