03/31/08 上午 11時08分10秒 - Building message catalogs...
03/31/08 上午 11時08分10秒 - Building FreeBSD x86 install...  
03/31/08 上午 11時08分10秒 - Building main.tcl...
03/31/08 上午 11時08分10秒 - Refreshing file groups...
03/31/08 上午 11時08分10秒 - Getting file list...
03/31/08 上午 11時08分10秒 - Building file manifest...
03/31/08 上午 11時08分10秒 - Saving install information...
03/31/08 上午 11時08分12秒 - Building install...
03/31/08 上午 11時08分12秒 - Wrapping install files...
03/31/08 上午 11時08分12秒 - FreeBSD x86 build completed in 00m02s.
03/31/08 上午 11時08分12秒 - Installer size is 1.50 MB.
03/31/08 上午 11時08分12秒 - Build completed in 00m02s.
03/31/08 上午 11時08分49秒 - Building message catalogs...
03/31/08 上午 11時08分49秒 - Building FreeBSD x86 install...  
03/31/08 上午 11時08分49秒 - Building main.tcl...
03/31/08 上午 11時08分49秒 - Refreshing file groups...
03/31/08 上午 11時08分49秒 - Getting file list...
03/31/08 上午 11時08分49秒 - Building file manifest...
03/31/08 上午 11時08分49秒 - Saving install information...
03/31/08 上午 11時08分49秒 - Building install...
03/31/08 上午 11時08分50秒 - Wrapping install files...
03/31/08 上午 11時08分50秒 - FreeBSD x86 build completed in 00m01s.
03/31/08 上午 11時08分50秒 - Installer size is 1.50 MB.
03/31/08 上午 11時08分50秒 - Build completed in 00m01s.
03/31/08 下午 02時13分07秒 - Building message catalogs...
03/31/08 下午 02時13分07秒 - Building FreeBSD x86 install...  
03/31/08 下午 02時13分07秒 - Building main.tcl...
03/31/08 下午 02時13分07秒 - Refreshing file groups...
03/31/08 下午 02時13分07秒 - Getting file list...
03/31/08 下午 02時13分07秒 - Building file manifest...
03/31/08 下午 02時13分07秒 - Saving install information...
03/31/08 下午 02時13分08秒 - Building install...
03/31/08 下午 02時13分08秒 - Wrapping install files...
03/31/08 下午 02時13分08秒 - FreeBSD x86 build completed in 00m01s.
03/31/08 下午 02時13分08秒 - Installer size is 1.51 MB.
03/31/08 下午 02時13分08秒 - Build completed in 00m01s.
03/31/08 下午 02時13分19秒 - Building message catalogs...
03/31/08 下午 02時13分19秒 - Building FreeBSD x86 install...  
03/31/08 下午 02時13分19秒 - Building main.tcl...
03/31/08 下午 02時13分19秒 - Refreshing file groups...
03/31/08 下午 02時13分19秒 - Getting file list...
03/31/08 下午 02時13分19秒 - Building file manifest...
03/31/08 下午 02時13分19秒 - Saving install information...
03/31/08 下午 02時13分20秒 - Building install...
03/31/08 下午 02時13分20秒 - Wrapping install files...
03/31/08 下午 02時13分20秒 - FreeBSD x86 build completed in 00m01s.
03/31/08 下午 02時13分20秒 - Installer size is 1.51 MB.
03/31/08 下午 02時13分20秒 - Build completed in 00m01s.
03/31/08 下午 02時25分28秒 - Building message catalogs...
03/31/08 下午 02時25分28秒 - Building FreeBSD x86 install...  
03/31/08 下午 02時25分28秒 - Building main.tcl...
03/31/08 下午 02時25分28秒 - Refreshing file groups...
03/31/08 下午 02時25分28秒 - Getting file list...
03/31/08 下午 02時25分28秒 - Building file manifest...
03/31/08 下午 02時25分28秒 - Saving install information...
03/31/08 下午 02時25分29秒 - Building install...
03/31/08 下午 02時25分29秒 - Wrapping install files...
03/31/08 下午 02時25分29秒 - FreeBSD x86 build completed in 00m01s.
03/31/08 下午 02時25分29秒 - Installer size is 1.51 MB.
03/31/08 下午 02時25分29秒 - Build completed in 00m01s.
03/31/08 下午 02時38分25秒 - Building message catalogs...
03/31/08 下午 02時38分25秒 - Building FreeBSD x86 install...  
03/31/08 下午 02時38分25秒 - Building main.tcl...
03/31/08 下午 02時38分25秒 - Refreshing file groups...
03/31/08 下午 02時38分25秒 - Getting file list...
03/31/08 下午 02時38分25秒 - Building file manifest...
03/31/08 下午 02時38分25秒 - Saving install information...
03/31/08 下午 02時38分26秒 - Building install...
03/31/08 下午 02時38分26秒 - Wrapping install files...
03/31/08 下午 02時38分26秒 - FreeBSD x86 build completed in 00m01s.
03/31/08 下午 02時38分26秒 - Installer size is 1.51 MB.
03/31/08 下午 02時38分26秒 - Build completed in 00m01s.
03/31/08 下午 04時32分32秒 - Building message catalogs...
03/31/08 下午 04時32分32秒 - Building FreeBSD x86 install...  
03/31/08 下午 04時32分32秒 - Building main.tcl...
03/31/08 下午 04時32分32秒 - Refreshing file groups...
03/31/08 下午 04時32分32秒 - Getting file list...
03/31/08 下午 04時32分32秒 - Building file manifest...
03/31/08 下午 04時32分32秒 - Saving install information...
03/31/08 下午 04時32分33秒 - Building install...
03/31/08 下午 04時32分33秒 - Wrapping install files...
03/31/08 下午 04時32分33秒 - FreeBSD x86 build completed in 00m01s.
03/31/08 下午 04時32分33秒 - Installer size is 1.51 MB.
03/31/08 下午 04時32分33秒 - Build completed in 00m01s.
03/31/08 下午 04時49分05秒 - Building message catalogs...
03/31/08 下午 04時49分05秒 - Building FreeBSD x86 install...  
03/31/08 下午 04時49分05秒 - Building main.tcl...
03/31/08 下午 04時49分05秒 - Refreshing file groups...
03/31/08 下午 04時49分05秒 - Getting file list...
03/31/08 下午 04時49分05秒 - Building file manifest...
03/31/08 下午 04時49分05秒 - Saving install information...
03/31/08 下午 04時49分06秒 - Building install...
03/31/08 下午 04時49分06秒 - Wrapping install files...
03/31/08 下午 04時49分06秒 - FreeBSD x86 build completed in 00m01s.
03/31/08 下午 04時49分06秒 - Installer size is 1.51 MB.
03/31/08 下午 04時49分06秒 - Build completed in 00m01s.
03/31/08 下午 04時50分28秒 - Building message catalogs...
03/31/08 下午 04時50分28秒 - Building FreeBSD x86 install...  
03/31/08 下午 04時50分28秒 - Building main.tcl...
03/31/08 下午 04時50分28秒 - Refreshing file groups...
03/31/08 下午 04時50分28秒 - Getting file list...
03/31/08 下午 04時50分28秒 - Building file manifest...
03/31/08 下午 04時50分28秒 - Saving install information...
03/31/08 下午 04時50分29秒 - Building install...
03/31/08 下午 04時50分29秒 - Wrapping install files...
03/31/08 下午 04時50分29秒 - FreeBSD x86 build completed in 00m01s.
03/31/08 下午 04時50分29秒 - Installer size is 1.51 MB.
03/31/08 下午 04時50分29秒 - Build completed in 00m01s.
03/31/08 下午 04時54分51秒 - Building message catalogs...
03/31/08 下午 04時54分51秒 - Building FreeBSD x86 install...  
03/31/08 下午 04時54分51秒 - Building main.tcl...
03/31/08 下午 04時54分51秒 - Refreshing file groups...
03/31/08 下午 04時54分51秒 - Getting file list...
03/31/08 下午 04時54分51秒 - Building file manifest...
03/31/08 下午 04時54分52秒 - Saving install information...
03/31/08 下午 04時54分52秒 - Building install...
03/31/08 下午 04時54分52秒 - Wrapping install files...
03/31/08 下午 04時54分53秒 - FreeBSD x86 build completed in 00m02s.
03/31/08 下午 04時54分53秒 - Installer size is 1.51 MB.
03/31/08 下午 04時54分53秒 - Build completed in 00m02s.
04/03/08 下午 04時21分02秒 - Building message catalogs...
04/03/08 下午 04時21分02秒 - Building FreeBSD x86 install...  
04/03/08 下午 04時21分02秒 - Building main.tcl...
04/03/08 下午 04時21分02秒 - Refreshing file groups...
04/03/08 下午 04時21分02秒 - Getting file list...
04/03/08 下午 04時21分02秒 - Building file manifest...
04/03/08 下午 04時21分02秒 - Saving install information...
04/03/08 下午 04時21分03秒 - Building install...
04/03/08 下午 04時21分03秒 - Wrapping install files...
04/03/08 下午 04時21分03秒 - FreeBSD x86 build completed in 00m01s.
04/03/08 下午 04時21分03秒 - Installer size is 1.51 MB.
04/03/08 下午 04時21分03秒 - Build completed in 00m01s.
04/08/08 上午 11時49分03秒 - Building message catalogs...
04/08/08 上午 11時49分03秒 - Building FreeBSD x86 install...  
04/08/08 上午 11時49分03秒 - Building main.tcl...
04/08/08 上午 11時49分03秒 - Refreshing file groups...
04/08/08 上午 11時49分03秒 - Getting file list...
04/08/08 上午 11時49分03秒 - Building file manifest...
04/08/08 上午 11時49分03秒 - Saving install information...
04/08/08 上午 11時49分04秒 - Building install...
04/08/08 上午 11時49分04秒 - Wrapping install files...
04/08/08 上午 11時49分04秒 - FreeBSD x86 build completed in 00m01s.
04/08/08 上午 11時49分04秒 - Installer size is 1.52 MB.
04/08/08 上午 11時49分04秒 - Build completed in 00m01s.
04/08/08 上午 11時53分29秒 - Building message catalogs...
04/08/08 上午 11時53分29秒 - Building FreeBSD x86 install...  
04/08/08 上午 11時53分29秒 - Building main.tcl...
04/08/08 上午 11時53分29秒 - Refreshing file groups...
04/08/08 上午 11時53分29秒 - Getting file list...
04/08/08 上午 11時53分29秒 - Building file manifest...
04/08/08 上午 11時53分29秒 - Saving install information...
04/08/08 上午 11時53分30秒 - Building install...
04/08/08 上午 11時53分30秒 - Wrapping install files...
04/08/08 上午 11時53分30秒 - FreeBSD x86 build completed in 00m01s.
04/08/08 上午 11時53分30秒 - Installer size is 1.52 MB.
04/08/08 上午 11時53分30秒 - Build completed in 00m01s.
04/08/08 下午 03時43分54秒 - Building message catalogs...
04/08/08 下午 03時43分54秒 - Building FreeBSD x86 install...  
04/08/08 下午 03時43分54秒 - Building main.tcl...
04/08/08 下午 03時43分54秒 - Refreshing file groups...
04/08/08 下午 03時43分54秒 - Getting file list...
04/08/08 下午 03時43分55秒 - File '/media/sda3/_work/stompserver/.install_db.sh.swp' does not exist!
04/08/08 下午 03時43分55秒 - FreeBSD x86 build completed with errors
04/08/08 下午 03時43分55秒 - Build completed in 00m01s.
04/08/08 下午 05時00分49秒 - Building message catalogs...
04/08/08 下午 05時00分49秒 - Building FreeBSD x86 install...  
04/08/08 下午 05時00分49秒 - Building main.tcl...
04/08/08 下午 05時00分49秒 - Refreshing file groups...
04/08/08 下午 05時00分49秒 - Getting file list...
04/08/08 下午 05時00分49秒 - File '/media/sda3/_work/stompserver/.install_db.sh.swp' does not exist!
04/08/08 下午 05時00分49秒 - FreeBSD x86 build completed with errors
04/08/08 下午 05時00分49秒 - Build completed in 00m00s.
04/08/08 下午 05時01分38秒 - Building message catalogs...
04/08/08 下午 05時01分38秒 - Building FreeBSD x86 install...  
04/08/08 下午 05時01分38秒 - Building main.tcl...
04/08/08 下午 05時01分38秒 - Refreshing file groups...
04/08/08 下午 05時01分38秒 - Getting file list...
04/08/08 下午 05時01分38秒 - File '/media/sda3/_work/stompserver/.install_db.sh.swp' does not exist!
04/08/08 下午 05時01分38秒 - FreeBSD x86 build completed with errors
04/08/08 下午 05時01分38秒 - Build completed in 00m00s.
04/08/08 下午 05時05分26秒 - Building message catalogs...
04/08/08 下午 05時05分26秒 - Building FreeBSD x86 install...  
04/08/08 下午 05時05分26秒 - Building main.tcl...
04/08/08 下午 05時05分26秒 - Refreshing file groups...
04/08/08 下午 05時05分26秒 - Getting file list...
04/08/08 下午 05時05分26秒 - File '/media/sda3/_work/stompserver/.install_db.sh.swp' does not exist!
04/08/08 下午 05時05分26秒 - FreeBSD x86 build completed with errors
04/08/08 下午 05時05分26秒 - Build completed in 00m00s.
04/08/08 下午 05時06分06秒 - Building message catalogs...
04/08/08 下午 05時06分06秒 - Building FreeBSD x86 install...  
04/08/08 下午 05時06分06秒 - Building main.tcl...
04/08/08 下午 05時06分06秒 - Refreshing file groups...
04/08/08 下午 05時06分06秒 - Getting file list...
04/08/08 下午 05時06分06秒 - File '/media/sda3/_work/stompserver/.install_db.sh.swp' does not exist!
04/08/08 下午 05時06分06秒 - FreeBSD x86 build completed with errors
04/08/08 下午 05時06分06秒 - Build completed in 00m00s.
04/08/08 下午 05時06分07秒 - Building message catalogs...
04/08/08 下午 05時06分07秒 - Building FreeBSD x86 install...  
04/08/08 下午 05時06分07秒 - Building main.tcl...
04/08/08 下午 05時06分07秒 - Refreshing file groups...
04/08/08 下午 05時06分07秒 - Getting file list...
04/08/08 下午 05時06分07秒 - File '/media/sda3/_work/stompserver/.install_db.sh.swp' does not exist!
04/08/08 下午 05時06分07秒 - FreeBSD x86 build completed with errors
04/08/08 下午 05時06分07秒 - Build completed in 00m00s.
04/08/08 下午 05時06分08秒 - Building message catalogs...
04/08/08 下午 05時06分08秒 - Building FreeBSD x86 install...  
04/08/08 下午 05時06分08秒 - Building main.tcl...
04/08/08 下午 05時06分08秒 - Refreshing file groups...
04/08/08 下午 05時06分08秒 - Getting file list...
04/08/08 下午 05時06分08秒 - File '/media/sda3/_work/stompserver/.install_db.sh.swp' does not exist!
04/08/08 下午 05時06分08秒 - FreeBSD x86 build completed with errors
04/08/08 下午 05時06分08秒 - Build completed in 00m00s.
04/08/08 下午 05時06分08秒 - Building message catalogs...
04/08/08 下午 05時06分08秒 - Building FreeBSD x86 install...  
04/08/08 下午 05時06分08秒 - Building main.tcl...
04/08/08 下午 05時06分08秒 - Refreshing file groups...
04/08/08 下午 05時06分08秒 - Getting file list...
04/08/08 下午 05時06分08秒 - File '/media/sda3/_work/stompserver/.install_db.sh.swp' does not exist!
04/08/08 下午 05時06分08秒 - FreeBSD x86 build completed with errors
04/08/08 下午 05時06分08秒 - Build completed in 00m00s.
04/08/08 下午 05時06分09秒 - Building message catalogs...
04/08/08 下午 05時06分10秒 - Building FreeBSD x86 install...  
04/08/08 下午 05時06分10秒 - Building main.tcl...
04/08/08 下午 05時06分10秒 - Refreshing file groups...
04/08/08 下午 05時06分10秒 - Getting file list...
04/08/08 下午 05時06分10秒 - File '/media/sda3/_work/stompserver/.install_db.sh.swp' does not exist!
04/08/08 下午 05時06分10秒 - FreeBSD x86 build completed with errors
04/08/08 下午 05時06分10秒 - Build completed in 00m01s.
04/08/08 下午 05時06分10秒 - Building message catalogs...
04/08/08 下午 05時06分10秒 - Building FreeBSD x86 install...  
04/08/08 下午 05時06分10秒 - Building main.tcl...
04/08/08 下午 05時06分10秒 - Refreshing file groups...
04/08/08 下午 05時06分10秒 - Getting file list...
04/08/08 下午 05時06分10秒 - File '/media/sda3/_work/stompserver/.install_db.sh.swp' does not exist!
04/08/08 下午 05時06分10秒 - FreeBSD x86 build completed with errors
04/08/08 下午 05時06分10秒 - Build completed in 00m00s.
04/08/08 下午 05時06分10秒 - Building message catalogs...
04/08/08 下午 05時06分10秒 - Building FreeBSD x86 install...  
04/08/08 下午 05時06分10秒 - Building main.tcl...
04/08/08 下午 05時06分10秒 - Refreshing file groups...
04/08/08 下午 05時06分10秒 - Getting file list...
04/08/08 下午 05時06分10秒 - File '/media/sda3/_work/stompserver/.install_db.sh.swp' does not exist!
04/08/08 下午 05時06分10秒 - FreeBSD x86 build completed with errors
04/08/08 下午 05時06分10秒 - Build completed in 00m00s.
04/08/08 下午 05時06分28秒 - Building message catalogs...
04/08/08 下午 05時06分28秒 - Building FreeBSD x86 install...  
04/08/08 下午 05時06分28秒 - Building main.tcl...
04/08/08 下午 05時06分28秒 - Refreshing file groups...
04/08/08 下午 05時06分28秒 - Getting file list...
04/08/08 下午 05時06分29秒 - Building file manifest...
04/08/08 下午 05時06分29秒 - Saving install information...
04/08/08 下午 05時06分29秒 - Building install...
04/08/08 下午 05時06分29秒 - Wrapping install files...
04/08/08 下午 05時06分30秒 - FreeBSD x86 build completed in 00m02s.
04/08/08 下午 05時06分30秒 - Installer size is 1.51 MB.
04/08/08 下午 05時06分30秒 - Build completed in 00m02s.
04/08/08 下午 05時24分10秒 - Building message catalogs...
04/08/08 下午 05時24分10秒 - Building FreeBSD x86 install...  
04/08/08 下午 05時24分10秒 - Building main.tcl...
04/08/08 下午 05時24分10秒 - Refreshing file groups...
04/08/08 下午 05時24分10秒 - Getting file list...
04/08/08 下午 05時24分10秒 - Building file manifest...
04/08/08 下午 05時24分10秒 - Saving install information...
04/08/08 下午 05時24分11秒 - Building install...
04/08/08 下午 05時24分11秒 - Wrapping install files...
04/08/08 下午 05時24分11秒 - FreeBSD x86 build completed in 00m01s.
04/08/08 下午 05時24分11秒 - Installer size is 1.51 MB.
04/08/08 下午 05時24分11秒 - Build completed in 00m01s.
04/08/08 下午 05時24分20秒 - Building message catalogs...
04/08/08 下午 05時24分20秒 - Building FreeBSD x86 install...  
04/08/08 下午 05時24分20秒 - Building main.tcl...
04/08/08 下午 05時24分20秒 - Refreshing file groups...
04/08/08 下午 05時24分20秒 - Getting file list...
04/08/08 下午 05時24分20秒 - Building file manifest...
04/08/08 下午 05時24分20秒 - Saving install information...
04/08/08 下午 05時24分21秒 - Building install...
04/08/08 下午 05時24分21秒 - Wrapping install files...
04/08/08 下午 05時24分21秒 - FreeBSD x86 build completed in 00m01s.
04/08/08 下午 05時24分21秒 - Installer size is 1.51 MB.
04/08/08 下午 05時24分21秒 - Build completed in 00m01s.
04/09/08 下午 01時49分33秒 - Building message catalogs...
04/09/08 下午 01時49分33秒 - Building FreeBSD x86 install...  
04/09/08 下午 01時49分33秒 - Rebuilding without repackaging files...
04/09/08 下午 01時49分33秒 - Building main.tcl...
04/09/08 下午 01時49分33秒 - Saving install information...
04/09/08 下午 01時49分34秒 - Building install...
04/09/08 下午 01時49分34秒 - FreeBSD x86 build completed in 00m01s.
04/09/08 下午 01時49分34秒 - Installer size is 1.67 MB.
04/09/08 下午 01時49分34秒 - Build completed in 00m01s.
04/09/08 下午 01時49分36秒 - Building message catalogs...
04/09/08 下午 01時49分36秒 - Building FreeBSD x86 install...  
04/09/08 下午 01時49分36秒 - Building main.tcl...
04/09/08 下午 01時49分36秒 - Refreshing file groups...
04/09/08 下午 01時49分36秒 - Getting file list...
04/09/08 下午 01時49分36秒 - Building file manifest...
04/09/08 下午 01時49分36秒 - Saving install information...
04/09/08 下午 01時49分36秒 - Building install...
04/09/08 下午 01時49分37秒 - Wrapping install files...
04/09/08 下午 01時49分37秒 - FreeBSD x86 build completed in 00m01s.
04/09/08 下午 01時49分37秒 - Installer size is 1.51 MB.
04/09/08 下午 01時49分37秒 - Build completed in 00m01s.
04/09/08 下午 02時26分40秒 - Building message catalogs...
04/09/08 下午 02時26分40秒 - Building FreeBSD x86 install...  
04/09/08 下午 02時26分40秒 - Rebuilding without repackaging files...
04/09/08 下午 02時26分40秒 - Building main.tcl...
04/09/08 下午 02時26分40秒 - Refreshing file groups...
04/09/08 下午 02時26分40秒 - Getting file list...
04/09/08 下午 02時26分40秒 - Saving install information...
04/09/08 下午 02時26分41秒 - Building install...
04/09/08 下午 02時26分41秒 - FreeBSD x86 build completed in 00m01s.
04/09/08 下午 02時26分41秒 - Installer size is 1.67 MB.
04/09/08 下午 02時26分41秒 - Build completed in 00m01s.
04/09/08 下午 02時26分41秒 - Building message catalogs...
04/09/08 下午 02時26分41秒 - Building FreeBSD x86 install...  
04/09/08 下午 02時26分41秒 - Building main.tcl...
04/09/08 下午 02時26分41秒 - Refreshing file groups...
04/09/08 下午 02時26分41秒 - Getting file list...
04/09/08 下午 02時26分41秒 - File '/media/sda3/_work/stompserver/.install_ruby.sh.swp' does not exist!
04/09/08 下午 02時26分41秒 - FreeBSD x86 build completed with errors
04/09/08 下午 02時26分41秒 - Build completed in 00m00s.
04/10/08 上午 10時39分18秒 - Building message catalogs...
04/10/08 上午 10時39分18秒 - Building FreeBSD x86 install...  
04/10/08 上午 10時39分18秒 - Building main.tcl...
04/10/08 上午 10時39分18秒 - Refreshing file groups...
04/10/08 上午 10時39分18秒 - Getting file list...
04/10/08 上午 10時39分18秒 - File '/media/sda3/_work/stompserver/.install_ruby.sh.swp' does not exist!
04/10/08 上午 10時39分18秒 - FreeBSD x86 build completed with errors
04/10/08 上午 10時39分18秒 - Build completed in 00m00s.
04/10/08 上午 10時39分19秒 - Building message catalogs...
04/10/08 上午 10時39分19秒 - Building FreeBSD x86 install...  
04/10/08 上午 10時39分19秒 - Rebuilding without repackaging files...
04/10/08 上午 10時39分19秒 - Building main.tcl...
04/10/08 上午 10時39分19秒 - Saving install information...
04/10/08 上午 10時39分20秒 - Building install...
04/10/08 上午 10時39分20秒 - FreeBSD x86 build completed in 00m01s.
04/10/08 上午 10時39分20秒 - Installer size is 1.82 MB.
04/10/08 上午 10時39分20秒 - Build completed in 00m01s.
04/10/08 上午 10時39分21秒 - Building message catalogs...
04/10/08 上午 10時39分21秒 - Building FreeBSD x86 install...  
04/10/08 上午 10時39分21秒 - Rebuilding without repackaging files...
04/10/08 上午 10時39分21秒 - Building main.tcl...
04/10/08 上午 10時39分21秒 - Saving install information...
04/10/08 上午 10時39分22秒 - Building install...
04/10/08 上午 10時39分22秒 - FreeBSD x86 build completed in 00m01s.
04/10/08 上午 10時39分22秒 - Installer size is 1.97 MB.
04/10/08 上午 10時39分22秒 - Build completed in 00m01s.
04/10/08 上午 10時39分48秒 - Building message catalogs...
04/10/08 上午 10時39分49秒 - Building FreeBSD x86 install...  
04/10/08 上午 10時39分49秒 - Building main.tcl...
04/10/08 上午 10時39分49秒 - Refreshing file groups...
04/10/08 上午 10時39分49秒 - Getting file list...
04/10/08 上午 10時39分49秒 - File '/media/sda3/_work/stompserver/.install_ruby.sh.swp' does not exist!
04/10/08 上午 10時39分49秒 - FreeBSD x86 build completed with errors
04/10/08 上午 10時39分49秒 - Build completed in 00m01s.
04/10/08 下午 12時04分57秒 - Building message catalogs...
04/10/08 下午 12時04分57秒 - Building FreeBSD x86 install...  
04/10/08 下午 12時04分57秒 - Building main.tcl...
04/10/08 下午 12時04分57秒 - Refreshing file groups...
04/10/08 下午 12時04分57秒 - Getting file list...
04/10/08 下午 12時04分57秒 - File '/media/sda3/_work/stompserver/.install_ruby.sh.swp' does not exist!
04/10/08 下午 12時04分57秒 - FreeBSD x86 build completed with errors
04/10/08 下午 12時04分57秒 - Build completed in 00m00s.
04/10/08 下午 12時07分12秒 - Building message catalogs...
04/10/08 下午 12時07分13秒 - Building FreeBSD x86 install...  
04/10/08 下午 12時07分13秒 - Building main.tcl...
04/10/08 下午 12時07分13秒 - Refreshing file groups...
04/10/08 下午 12時07分13秒 - Getting file list...
04/10/08 下午 12時07分13秒 - File '/media/sda3/_work/stompserver/.install_ruby.sh.swp' does not exist!
04/10/08 下午 12時07分13秒 - FreeBSD x86 build completed with errors
04/10/08 下午 12時07分13秒 - Build completed in 00m01s.
04/10/08 下午 12時07分14秒 - Building message catalogs...
04/10/08 下午 12時07分14秒 - Building FreeBSD x86 install...  
04/10/08 下午 12時07分14秒 - Install does not exist.  Building all files...
04/10/08 下午 12時07分14秒 - Building main.tcl...
04/10/08 下午 12時07分14秒 - Refreshing file groups...
04/10/08 下午 12時07分14秒 - Getting file list...
04/10/08 下午 12時07分14秒 - File '/media/sda3/_work/stompserver/.install_ruby.sh.swp' does not exist!
04/10/08 下午 12時07分14秒 - FreeBSD x86 build completed with errors
04/10/08 下午 12時07分14秒 - Build completed in 00m00s.
04/10/08 下午 12時07分14秒 - Building message catalogs...
04/10/08 下午 12時07分14秒 - Building FreeBSD x86 install...  
04/10/08 下午 12時07分14秒 - Building main.tcl...
04/10/08 下午 12時07分14秒 - Refreshing file groups...
04/10/08 下午 12時07分14秒 - Getting file list...
04/10/08 下午 12時07分15秒 - File '/media/sda3/_work/stompserver/.install_ruby.sh.swp' does not exist!
04/10/08 下午 12時07分15秒 - FreeBSD x86 build completed with errors
04/10/08 下午 12時07分15秒 - Build completed in 00m01s.
04/10/08 下午 12時08分14秒 - Building message catalogs...
04/10/08 下午 12時08分14秒 - Building FreeBSD x86 install...  
04/10/08 下午 12時08分14秒 - Building main.tcl...
04/10/08 下午 12時08分14秒 - Refreshing file groups...
04/10/08 下午 12時08分14秒 - Getting file list...
04/10/08 下午 12時08分14秒 - File '/media/sda3/_work/stompserver/.install_ruby.sh.swp' does not exist!
04/10/08 下午 12時08分14秒 - FreeBSD x86 build completed with errors
04/10/08 下午 12時08分14秒 - Build completed in 00m00s.
04/10/08 下午 01時07分44秒 - Building message catalogs...
04/10/08 下午 01時07分44秒 - Building FreeBSD x86 install...  
04/10/08 下午 01時07分44秒 - Building main.tcl...
04/10/08 下午 01時07分44秒 - Refreshing file groups...
04/10/08 下午 01時07分44秒 - Getting file list...
04/10/08 下午 01時07分44秒 - Building file manifest...
04/10/08 下午 01時07分44秒 - Saving install information...
04/10/08 下午 01時07分44秒 - Building install...
04/10/08 下午 01時07分45秒 - Wrapping install files...
04/10/08 下午 01時07分45秒 - FreeBSD x86 build completed in 00m01s.
04/10/08 下午 01時07分45秒 - Installer size is 1.52 MB.
04/10/08 下午 01時07分45秒 - Build completed in 00m01s.
04/11/08 上午 10時33分14秒 - Building message catalogs...
04/11/08 上午 10時33分14秒 - Building FreeBSD x86 install...  
04/11/08 上午 10時33分14秒 - Building main.tcl...
04/11/08 上午 10時33分14秒 - Refreshing file groups...
04/11/08 上午 10時33分14秒 - Getting file list...
04/11/08 上午 10時33分14秒 - Building file manifest...
04/11/08 上午 10時33分14秒 - Saving install information...
04/11/08 上午 10時33分15秒 - Building install...
04/11/08 上午 10時33分15秒 - Wrapping install files...
04/11/08 上午 10時33分15秒 - FreeBSD x86 build completed in 00m01s.
04/11/08 上午 10時33分15秒 - Installer size is 1.52 MB.
04/11/08 上午 10時33分15秒 - Build completed in 00m02s.
04/16/08 上午 10時28分45秒 - Building message catalogs...
04/16/08 上午 10時28分45秒 - Building FreeBSD x86 install...  
04/16/08 上午 10時28分45秒 - Building main.tcl...
04/16/08 上午 10時28分45秒 - Refreshing file groups...
04/16/08 上午 10時28分45秒 - Getting file list...
04/16/08 上午 10時28分45秒 - Building file manifest...
04/16/08 上午 10時28分45秒 - Saving install information...
04/16/08 上午 10時28分46秒 - Building install...
04/16/08 上午 10時28分46秒 - Wrapping install files...
04/16/08 上午 10時28分47秒 - FreeBSD x86 build completed in 00m02s.
04/16/08 上午 10時28分47秒 - Installer size is 1.52 MB.
04/16/08 上午 10時28分47秒 - Build completed in 00m02s.
04/16/08 上午 11時01分03秒 - Building message catalogs...
04/16/08 上午 11時01分03秒 - Building FreeBSD x86 install...  
04/16/08 上午 11時01分03秒 - Building main.tcl...
04/16/08 上午 11時01分03秒 - Refreshing file groups...
04/16/08 上午 11時01分03秒 - Getting file list...
04/16/08 上午 11時01分03秒 - Building file manifest...
04/16/08 上午 11時01分03秒 - Saving install information...
04/16/08 上午 11時01分04秒 - Building install...
04/16/08 上午 11時01分04秒 - Wrapping install files...
04/16/08 上午 11時01分04秒 - FreeBSD x86 build completed in 00m01s.
04/16/08 上午 11時01分04秒 - Installer size is 1.52 MB.
04/16/08 上午 11時01分04秒 - Build completed in 00m01s.
04/16/08 上午 11時02分00秒 - Building message catalogs...
04/16/08 上午 11時02分00秒 - Building FreeBSD x86 install...  
04/16/08 上午 11時02分00秒 - Building main.tcl...
04/16/08 上午 11時02分00秒 - Refreshing file groups...
04/16/08 上午 11時02分00秒 - Getting file list...
04/16/08 上午 11時02分00秒 - Building file manifest...
04/16/08 上午 11時02分00秒 - Saving install information...
04/16/08 上午 11時02分01秒 - Building install...
04/16/08 上午 11時02分01秒 - Wrapping install files...
04/16/08 上午 11時02分01秒 - FreeBSD x86 build completed in 00m01s.
04/16/08 上午 11時02分01秒 - Installer size is 1.52 MB.
04/16/08 上午 11時02分02秒 - Build completed in 00m02s.
04/16/08 上午 11時09分17秒 - Building message catalogs...
04/16/08 上午 11時09分17秒 - Building FreeBSD x86 install...  
04/16/08 上午 11時09分17秒 - Building main.tcl...
04/16/08 上午 11時09分17秒 - Refreshing file groups...
04/16/08 上午 11時09分17秒 - Getting file list...
04/16/08 上午 11時09分17秒 - Building file manifest...
04/16/08 上午 11時09分17秒 - Saving install information...
04/16/08 上午 11時09分18秒 - Building install...
04/16/08 上午 11時09分18秒 - Wrapping install files...
04/16/08 上午 11時09分18秒 - FreeBSD x86 build completed in 00m01s.
04/16/08 上午 11時09分18秒 - Installer size is 1.52 MB.
04/16/08 上午 11時09分18秒 - Build completed in 00m01s.
04/16/08 下午 02時40分53秒 - Building message catalogs...
04/16/08 下午 02時40分53秒 - Building FreeBSD x86 install...  
04/16/08 下午 02時40分53秒 - Rebuilding without repackaging files...
04/16/08 下午 02時40分53秒 - Building main.tcl...
04/16/08 下午 02時40分53秒 - Saving install information...
04/16/08 下午 02時40分54秒 - Building install...
04/16/08 下午 02時40分54秒 - FreeBSD x86 build completed in 00m01s.
04/16/08 下午 02時40分54秒 - Installer size is 1.67 MB.
04/16/08 下午 02時40分54秒 - Build completed in 00m01s.
04/16/08 下午 02時59分09秒 - Building message catalogs...
04/16/08 下午 02時59分09秒 - Building FreeBSD x86 install...  
04/16/08 下午 02時59分09秒 - Rebuilding without repackaging files...
04/16/08 下午 02時59分09秒 - Building main.tcl...
04/16/08 下午 02時59分09秒 - Saving install information...
04/16/08 下午 02時59分10秒 - Building install...
04/16/08 下午 02時59分10秒 - FreeBSD x86 build completed in 00m01s.
04/16/08 下午 02時59分10秒 - Installer size is 1.82 MB.
04/16/08 下午 02時59分10秒 - Build completed in 00m01s.
04/16/08 下午 02時59分12秒 - Building message catalogs...
04/16/08 下午 02時59分12秒 - Building FreeBSD x86 install...  
04/16/08 下午 02時59分12秒 - Rebuilding without repackaging files...
04/16/08 下午 02時59分12秒 - Building main.tcl...
04/16/08 下午 02時59分12秒 - Saving install information...
04/16/08 下午 02時59分13秒 - Building install...
04/16/08 下午 02時59分13秒 - FreeBSD x86 build completed in 00m01s.
04/16/08 下午 02時59分13秒 - Installer size is 1.97 MB.
04/16/08 下午 02時59分13秒 - Build completed in 00m01s.
04/16/08 下午 03時13分27秒 - Building message catalogs...
04/16/08 下午 03時13分27秒 - Building FreeBSD x86 install...  
04/16/08 下午 03時13分27秒 - Rebuilding without repackaging files...
04/16/08 下午 03時13分27秒 - Building main.tcl...
04/16/08 下午 03時13分27秒 - Refreshing file groups...
04/16/08 下午 03時13分27秒 - Getting file list...
04/16/08 下午 03時13分27秒 - Saving install information...
04/16/08 下午 03時13分28秒 - Building install...
04/16/08 下午 03時13分28秒 - FreeBSD x86 build completed in 00m01s.
04/16/08 下午 03時13分28秒 - Installer size is 2.12 MB.
04/16/08 下午 03時13分28秒 - Build completed in 00m01s.
04/16/08 下午 03時37分30秒 - Building message catalogs...
04/16/08 下午 03時37分30秒 - Building FreeBSD x86 install...  
04/16/08 下午 03時37分30秒 - Install does not exist.  Building all files...
04/16/08 下午 03時37分30秒 - Building main.tcl...
04/16/08 下午 03時37分30秒 - Refreshing file groups...
04/16/08 下午 03時37分30秒 - Getting file list...
04/16/08 下午 03時37分30秒 - Building file manifest...
04/16/08 下午 03時37分30秒 - Saving install information...
04/16/08 下午 03時37分31秒 - Building install...
04/16/08 下午 03時37分31秒 - Wrapping install files...
04/16/08 下午 03時37分32秒 - FreeBSD x86 build completed in 00m02s.
04/16/08 下午 03時37分32秒 - Installer size is 1.52 MB.
04/16/08 下午 03時37分32秒 - Build completed in 00m02s.
04/16/08 下午 03時37分35秒 - Building message catalogs...
04/16/08 下午 03時37分35秒 - Building FreeBSD x86 install...  
04/16/08 下午 03時37分35秒 - Rebuilding without repackaging files...
04/16/08 下午 03時37分35秒 - Building main.tcl...
04/16/08 下午 03時37分35秒 - Saving install information...
04/16/08 下午 03時37分36秒 - Building install...
04/16/08 下午 03時37分36秒 - FreeBSD x86 build completed in 00m01s.
04/16/08 下午 03時37分36秒 - Installer size is 1.67 MB.
04/16/08 下午 03時37分36秒 - Build completed in 00m01s.
04/16/08 下午 03時43分27秒 - Building message catalogs...
04/16/08 下午 03時43分27秒 - Building FreeBSD x86 install...  
04/16/08 下午 03時43分27秒 - Rebuilding without repackaging files...
04/16/08 下午 03時43分27秒 - Building main.tcl...
04/16/08 下午 03時43分27秒 - Saving install information...
04/16/08 下午 03時43分28秒 - Building install...
04/16/08 下午 03時43分28秒 - FreeBSD x86 build completed in 00m01s.
04/16/08 下午 03時43分28秒 - Installer size is 1.82 MB.
04/16/08 下午 03時43分28秒 - Build completed in 00m01s.
04/16/08 下午 03時53分25秒 - Building message catalogs...
04/16/08 下午 03時53分25秒 - Building FreeBSD x86 install...  
04/16/08 下午 03時53分25秒 - Rebuilding without repackaging files...
04/16/08 下午 03時53分25秒 - Building main.tcl...
04/16/08 下午 03時53分25秒 - Saving install information...
04/16/08 下午 03時53分26秒 - Building install...
04/16/08 下午 03時53分26秒 - FreeBSD x86 build completed in 00m01s.
04/16/08 下午 03時53分26秒 - Installer size is 1.97 MB.
04/16/08 下午 03時53分26秒 - Build completed in 00m01s.
04/16/08 下午 04時07分36秒 - Building message catalogs...
04/16/08 下午 04時07分36秒 - Building FreeBSD x86 install...  
04/16/08 下午 04時07分36秒 - Rebuilding without repackaging files...
04/16/08 下午 04時07分36秒 - Building main.tcl...
04/16/08 下午 04時07分36秒 - Saving install information...
04/16/08 下午 04時07分37秒 - Building install...
04/16/08 下午 04時07分37秒 - FreeBSD x86 build completed in 00m01s.
04/16/08 下午 04時07分37秒 - Installer size is 2.12 MB.
04/16/08 下午 04時07分37秒 - Build completed in 00m01s.
04/16/08 下午 04時07分48秒 - Building message catalogs...
04/16/08 下午 04時07分48秒 - Building FreeBSD x86 install...  
04/16/08 下午 04時07分48秒 - Install does not exist.  Building all files...
04/16/08 下午 04時07分48秒 - Building main.tcl...
04/16/08 下午 04時07分48秒 - Refreshing file groups...
04/16/08 下午 04時07分48秒 - Getting file list...
04/16/08 下午 04時07分48秒 - Building file manifest...
04/16/08 下午 04時07分48秒 - Saving install information...
04/16/08 下午 04時07分49秒 - Building install...
04/16/08 下午 04時07分49秒 - Wrapping install files...
04/16/08 下午 04時07分49秒 - FreeBSD x86 build completed in 00m01s.
04/16/08 下午 04時07分49秒 - Installer size is 1.52 MB.
04/16/08 下午 04時07分50秒 - Build completed in 00m02s.
04/16/08 下午 04時14分05秒 - Building message catalogs...
04/16/08 下午 04時14分05秒 - Building FreeBSD x86 install...  
04/16/08 下午 04時14分05秒 - Building main.tcl...
04/16/08 下午 04時14分05秒 - Refreshing file groups...
04/16/08 下午 04時14分05秒 - Getting file list...
04/16/08 下午 04時14分06秒 - Building file manifest...
04/16/08 下午 04時14分06秒 - Saving install information...
04/16/08 下午 04時14分06秒 - Building install...
04/16/08 下午 04時14分07秒 - Wrapping install files...
04/16/08 下午 04時14分07秒 - FreeBSD x86 build completed in 00m02s.
04/16/08 下午 04時14分07秒 - Installer size is 1.52 MB.
04/16/08 下午 04時14分07秒 - Build completed in 00m02s.
04/16/08 下午 04時18分49秒 - Building message catalogs...
04/16/08 下午 04時18分49秒 - Building FreeBSD x86 install...  
04/16/08 下午 04時18分49秒 - Building main.tcl...
04/16/08 下午 04時18分49秒 - Refreshing file groups...
04/16/08 下午 04時18分49秒 - Getting file list...
04/16/08 下午 04時18分49秒 - Building file manifest...
04/16/08 下午 04時18分49秒 - Saving install information...
04/16/08 下午 04時18分50秒 - Building install...
04/16/08 下午 04時18分50秒 - Wrapping install files...
04/16/08 下午 04時18分51秒 - FreeBSD x86 build completed in 00m02s.
04/16/08 下午 04時18分51秒 - Installer size is 1.52 MB.
04/16/08 下午 04時18分51秒 - Build completed in 00m02s.
04/16/08 下午 05時06分17秒 - Building message catalogs...
04/16/08 下午 05時06分17秒 - Building FreeBSD x86 install...  
04/16/08 下午 05時06分17秒 - Building main.tcl...
04/16/08 下午 05時06分17秒 - Refreshing file groups...
04/16/08 下午 05時06分17秒 - Getting file list...
04/16/08 下午 05時06分17秒 - Building file manifest...
04/16/08 下午 05時06分17秒 - Saving install information...
04/16/08 下午 05時06分17秒 - Building install...
04/16/08 下午 05時06分18秒 - Wrapping install files...
04/16/08 下午 05時06分18秒 - FreeBSD x86 build completed in 00m01s.
04/16/08 下午 05時06分18秒 - Installer size is 1.52 MB.
04/16/08 下午 05時06分18秒 - Build completed in 00m01s.
04/16/08 下午 05時14分09秒 - Building message catalogs...
04/16/08 下午 05時14分09秒 - Building FreeBSD x86 install...  
04/16/08 下午 05時14分09秒 - Building main.tcl...
04/16/08 下午 05時14分09秒 - Refreshing file groups...
04/16/08 下午 05時14分09秒 - Getting file list...
04/16/08 下午 05時14分09秒 - Building file manifest...
04/16/08 下午 05時14分09秒 - Saving install information...
04/16/08 下午 05時14分10秒 - Building install...
04/16/08 下午 05時14分10秒 - Wrapping install files...
04/16/08 下午 05時14分10秒 - FreeBSD x86 build completed in 00m01s.
04/16/08 下午 05時14分10秒 - Installer size is 1.52 MB.
04/16/08 下午 05時14分10秒 - Build completed in 00m01s.
04/17/08 上午 11時27分56秒 - Building message catalogs...
04/17/08 上午 11時27分56秒 - Building FreeBSD x86 install...  
04/17/08 上午 11時27分56秒 - Building main.tcl...
04/17/08 上午 11時27分56秒 - Refreshing file groups...
04/17/08 上午 11時27分56秒 - Getting file list...
04/17/08 上午 11時27分56秒 - Building file manifest...
04/17/08 上午 11時27分56秒 - Saving install information...
04/17/08 上午 11時27分57秒 - Building install...
04/17/08 上午 11時27分57秒 - Wrapping install files...
04/17/08 上午 11時27分57秒 - FreeBSD x86 build completed in 00m01s.
04/17/08 上午 11時27分57秒 - Installer size is 1.52 MB.
04/17/08 上午 11時27分57秒 - Build completed in 00m02s.
04/17/08 上午 11時33分06秒 - Building message catalogs...
04/17/08 上午 11時33分06秒 - Building FreeBSD x86 install...  
04/17/08 上午 11時33分06秒 - Building main.tcl...
04/17/08 上午 11時33分06秒 - Refreshing file groups...
04/17/08 上午 11時33分06秒 - Getting file list...
04/17/08 上午 11時33分06秒 - Building file manifest...
04/17/08 上午 11時33分06秒 - Saving install information...
04/17/08 上午 11時33分07秒 - Building install...
04/17/08 上午 11時33分07秒 - Wrapping install files...
04/17/08 上午 11時33分07秒 - FreeBSD x86 build completed in 00m01s.
04/17/08 上午 11時33分07秒 - Installer size is 1.52 MB.
04/17/08 上午 11時33分07秒 - Build completed in 00m01s.
04/17/08 上午 11時33分46秒 - Building message catalogs...
04/17/08 上午 11時33分46秒 - Building FreeBSD x86 install...  
04/17/08 上午 11時33分46秒 - Building main.tcl...
04/17/08 上午 11時33分46秒 - Refreshing file groups...
04/17/08 上午 11時33分46秒 - Getting file list...
04/17/08 上午 11時33分46秒 - Building file manifest...
04/17/08 上午 11時33分46秒 - Saving install information...
04/17/08 上午 11時33分46秒 - Building install...
04/17/08 上午 11時33分47秒 - Wrapping install files...
04/17/08 上午 11時33分47秒 - FreeBSD x86 build completed in 00m01s.
04/17/08 上午 11時33分47秒 - Installer size is 1.52 MB.
04/17/08 上午 11時33分47秒 - Build completed in 00m02s.
04/17/08 上午 11時36分31秒 - Building message catalogs...
04/17/08 上午 11時36分31秒 - Building FreeBSD x86 install...  
04/17/08 上午 11時36分31秒 - Building main.tcl...
04/17/08 上午 11時36分31秒 - Refreshing file groups...
04/17/08 上午 11時36分31秒 - Getting file list...
04/17/08 上午 11時36分31秒 - Building file manifest...
04/17/08 上午 11時36分31秒 - Saving install information...
04/17/08 上午 11時36分32秒 - Building install...
04/17/08 上午 11時36分32秒 - Wrapping install files...
04/17/08 上午 11時36分32秒 - FreeBSD x86 build completed in 00m01s.
04/17/08 上午 11時36分32秒 - Installer size is 1.52 MB.
04/17/08 上午 11時36分32秒 - Build completed in 00m01s.
04/17/08 上午 11時43分29秒 - Building message catalogs...
04/17/08 上午 11時43分29秒 - Building FreeBSD x86 install...  
04/17/08 上午 11時43分29秒 - Building main.tcl...
04/17/08 上午 11時43分29秒 - Refreshing file groups...
04/17/08 上午 11時43分29秒 - Getting file list...
04/17/08 上午 11時43分29秒 - Building file manifest...
04/17/08 上午 11時43分29秒 - Saving install information...
04/17/08 上午 11時43分30秒 - Building install...
04/17/08 上午 11時43分30秒 - Wrapping install files...
04/17/08 上午 11時43分30秒 - FreeBSD x86 build completed in 00m01s.
04/17/08 上午 11時43分30秒 - Installer size is 1.52 MB.
04/17/08 上午 11時43分30秒 - Build completed in 00m01s.
04/17/08 上午 11時48分03秒 - Building message catalogs...
04/17/08 上午 11時48分03秒 - Building FreeBSD x86 install...  
04/17/08 上午 11時48分03秒 - Building main.tcl...
04/17/08 上午 11時48分03秒 - Refreshing file groups...
04/17/08 上午 11時48分03秒 - Getting file list...
04/17/08 上午 11時48分03秒 - Building file manifest...
04/17/08 上午 11時48分03秒 - Saving install information...
04/17/08 上午 11時48分04秒 - Building install...
04/17/08 上午 11時48分04秒 - Wrapping install files...
04/17/08 上午 11時48分04秒 - FreeBSD x86 build completed in 00m01s.
04/17/08 上午 11時48分04秒 - Installer size is 1.52 MB.
04/17/08 上午 11時48分04秒 - Build completed in 00m01s.
04/17/08 上午 11時52分16秒 - Building message catalogs...
04/17/08 上午 11時52分16秒 - Building FreeBSD x86 install...  
04/17/08 上午 11時52分16秒 - Building main.tcl...
04/17/08 上午 11時52分16秒 - Refreshing file groups...
04/17/08 上午 11時52分16秒 - Getting file list...
04/17/08 上午 11時52分16秒 - File '/media/sda3/_work/stompserver/.install_db.sh.swp' does not exist!
04/17/08 上午 11時52分16秒 - FreeBSD x86 build completed with errors
04/17/08 上午 11時52分16秒 - Build completed in 00m00s.
04/17/08 上午 11時54分34秒 - Building message catalogs...
04/17/08 上午 11時54分34秒 - Building FreeBSD x86 install...  
04/17/08 上午 11時54分34秒 - Building main.tcl...
04/17/08 上午 11時54分34秒 - Refreshing file groups...
04/17/08 上午 11時54分34秒 - Getting file list...
04/17/08 上午 11時54分34秒 - File '/media/sda3/_work/stompserver/.install_db.sh.swp' does not exist!
04/17/08 上午 11時54分34秒 - FreeBSD x86 build completed with errors
04/17/08 上午 11時54分34秒 - Build completed in 00m00s.
04/17/08 上午 11時59分34秒 - Building message catalogs...
04/17/08 上午 11時59分34秒 - Building FreeBSD x86 install...  
04/17/08 上午 11時59分34秒 - Building main.tcl...
04/17/08 上午 11時59分34秒 - Refreshing file groups...
04/17/08 上午 11時59分34秒 - Getting file list...
04/17/08 上午 11時59分34秒 - File '/media/sda3/_work/stompserver/.install_db.sh.swp' does not exist!
04/17/08 上午 11時59分34秒 - FreeBSD x86 build completed with errors
04/17/08 上午 11時59分34秒 - Build completed in 00m00s.
04/17/08 上午 11時59分37秒 - Building message catalogs...
04/17/08 上午 11時59分37秒 - Building FreeBSD x86 install...  
04/17/08 上午 11時59分37秒 - Rebuilding without repackaging files...
04/17/08 上午 11時59分37秒 - Building main.tcl...
04/17/08 上午 11時59分37秒 - Saving install information...
04/17/08 上午 11時59分38秒 - Building install...
04/17/08 上午 11時59分38秒 - FreeBSD x86 build completed in 00m01s.
04/17/08 上午 11時59分38秒 - Installer size is 1.68 MB.
04/17/08 上午 11時59分38秒 - Build completed in 00m01s.
04/17/08 上午 11時59分39秒 - Building message catalogs...
04/17/08 上午 11時59分39秒 - Building FreeBSD x86 install...  
04/17/08 上午 11時59分39秒 - Building main.tcl...
04/17/08 上午 11時59分39秒 - Refreshing file groups...
04/17/08 上午 11時59分39秒 - Getting file list...
04/17/08 上午 11時59分39秒 - File '/media/sda3/_work/stompserver/.install_db.sh.swp' does not exist!
04/17/08 上午 11時59分39秒 - FreeBSD x86 build completed with errors
04/17/08 上午 11時59分39秒 - Build completed in 00m00s.
04/17/08 上午 11時59分40秒 - Building message catalogs...
04/17/08 上午 11時59分40秒 - Building FreeBSD x86 install...  
04/17/08 上午 11時59分40秒 - Building main.tcl...
04/17/08 上午 11時59分40秒 - Refreshing file groups...
04/17/08 上午 11時59分40秒 - Getting file list...
04/17/08 上午 11時59分40秒 - File '/media/sda3/_work/stompserver/.install_db.sh.swp' does not exist!
04/17/08 上午 11時59分40秒 - FreeBSD x86 build completed with errors
04/17/08 上午 11時59分40秒 - Build completed in 00m00s.
04/17/08 上午 11時59分41秒 - Building message catalogs...
04/17/08 上午 11時59分41秒 - Building FreeBSD x86 install...  
04/17/08 上午 11時59分41秒 - Building main.tcl...
04/17/08 上午 11時59分41秒 - Refreshing file groups...
04/17/08 上午 11時59分41秒 - Getting file list...
04/17/08 上午 11時59分41秒 - File '/media/sda3/_work/stompserver/.install_db.sh.swp' does not exist!
04/17/08 上午 11時59分41秒 - FreeBSD x86 build completed with errors
04/17/08 上午 11時59分41秒 - Build completed in 00m00s.
04/17/08 上午 11時59分41秒 - Building message catalogs...
04/17/08 上午 11時59分41秒 - Building FreeBSD x86 install...  
04/17/08 上午 11時59分41秒 - Building main.tcl...
04/17/08 上午 11時59分41秒 - Refreshing file groups...
04/17/08 上午 11時59分41秒 - Getting file list...
04/17/08 上午 11時59分41秒 - File '/media/sda3/_work/stompserver/.install_db.sh.swp' does not exist!
04/17/08 上午 11時59分41秒 - FreeBSD x86 build completed with errors
04/17/08 上午 11時59分41秒 - Build completed in 00m00s.
04/17/08 上午 11時59分42秒 - Building message catalogs...
04/17/08 上午 11時59分42秒 - Building FreeBSD x86 install...  
04/17/08 上午 11時59分42秒 - Building main.tcl...
04/17/08 上午 11時59分42秒 - Refreshing file groups...
04/17/08 上午 11時59分42秒 - Getting file list...
04/17/08 上午 11時59分42秒 - File '/media/sda3/_work/stompserver/.install_db.sh.swp' does not exist!
04/17/08 上午 11時59分42秒 - FreeBSD x86 build completed with errors
04/17/08 上午 11時59分42秒 - Build completed in 00m00s.
04/17/08 上午 11時59分47秒 - Building message catalogs...
04/17/08 上午 11時59分47秒 - Building FreeBSD x86 install...  
04/17/08 上午 11時59分47秒 - Building main.tcl...
04/17/08 上午 11時59分47秒 - Refreshing file groups...
04/17/08 上午 11時59分47秒 - Getting file list...
04/17/08 上午 11時59分47秒 - File '/media/sda3/_work/stompserver/.install_db.sh.swp' does not exist!
04/17/08 上午 11時59分47秒 - FreeBSD x86 build completed with errors
04/17/08 上午 11時59分47秒 - Build completed in 00m00s.
04/17/08 上午 11時59分54秒 - Building message catalogs...
04/17/08 上午 11時59分54秒 - Building FreeBSD x86 install...  
04/17/08 上午 11時59分54秒 - Building main.tcl...
04/17/08 上午 11時59分54秒 - Refreshing file groups...
04/17/08 上午 11時59分54秒 - Getting file list...
04/17/08 上午 11時59分54秒 - File '/media/sda3/_work/stompserver/.install_db.sh.swp' does not exist!
04/17/08 上午 11時59分54秒 - FreeBSD x86 build completed with errors
04/17/08 上午 11時59分54秒 - Build completed in 00m00s.
04/17/08 下午 12時00分15秒 - Building message catalogs...
04/17/08 下午 12時00分15秒 - Building FreeBSD x86 install...  
04/17/08 下午 12時00分15秒 - Building main.tcl...
04/17/08 下午 12時00分15秒 - Refreshing file groups...
04/17/08 下午 12時00分15秒 - Getting file list...
04/17/08 下午 12時00分15秒 - File '/media/sda3/_work/stompserver/.install_db.sh.swp' does not exist!
04/17/08 下午 12時00分15秒 - FreeBSD x86 build completed with errors
04/17/08 下午 12時00分15秒 - Build completed in 00m00s.
04/17/08 下午 12時00分32秒 - Building message catalogs...
04/17/08 下午 12時00分32秒 - Building FreeBSD x86 install...  
04/17/08 下午 12時00分32秒 - Building main.tcl...
04/17/08 下午 12時00分32秒 - Refreshing file groups...
04/17/08 下午 12時00分32秒 - Getting file list...
04/17/08 下午 12時00分32秒 - File '/media/sda3/_work/stompserver/.install_db.sh.swp' does not exist!
04/17/08 下午 12時00分32秒 - FreeBSD x86 build completed with errors
04/17/08 下午 12時00分32秒 - Build completed in 00m00s.
04/17/08 下午 12時00分41秒 - Building message catalogs...
04/17/08 下午 12時00分41秒 - Building FreeBSD x86 install...  
04/17/08 下午 12時00分41秒 - Install does not exist.  Building all files...
04/17/08 下午 12時00分41秒 - Building main.tcl...
04/17/08 下午 12時00分41秒 - Refreshing file groups...
04/17/08 下午 12時00分41秒 - Getting file list...
04/17/08 下午 12時00分41秒 - File '/media/sda3/_work/stompserver/.install_db.sh.swp' does not exist!
04/17/08 下午 12時00分41秒 - FreeBSD x86 build completed with errors
04/17/08 下午 12時00分41秒 - Build completed in 00m00s.
04/17/08 下午 12時01分28秒 - Building message catalogs...
04/17/08 下午 12時01分29秒 - Building FreeBSD x86 install...  
04/17/08 下午 12時01分29秒 - Building main.tcl...
04/17/08 下午 12時01分29秒 - Refreshing file groups...
04/17/08 下午 12時01分29秒 - Getting file list...
04/17/08 下午 12時01分29秒 - Building file manifest...
04/17/08 下午 12時01分29秒 - Saving install information...
04/17/08 下午 12時01分29秒 - Building install...
04/17/08 下午 12時01分29秒 - Wrapping install files...
04/17/08 下午 12時01分30秒 - FreeBSD x86 build completed in 00m02s.
04/17/08 下午 12時01分30秒 - Installer size is 1.52 MB.
04/17/08 下午 12時01分30秒 - Build completed in 00m02s.
04/17/08 下午 12時03分19秒 - Building message catalogs...
04/17/08 下午 12時03分19秒 - Building FreeBSD x86 install...  
04/17/08 下午 12時03分19秒 - Building main.tcl...
04/17/08 下午 12時03分19秒 - Refreshing file groups...
04/17/08 下午 12時03分19秒 - Getting file list...
04/17/08 下午 12時03分19秒 - Building file manifest...
04/17/08 下午 12時03分19秒 - Saving install information...
04/17/08 下午 12時03分20秒 - Building install...
04/17/08 下午 12時03分20秒 - Wrapping install files...
04/17/08 下午 12時03分20秒 - FreeBSD x86 build completed in 00m01s.
04/17/08 下午 12時03分20秒 - Installer size is 1.52 MB.
04/17/08 下午 12時03分20秒 - Build completed in 00m01s.
04/17/08 下午 02時19分36秒 - Building message catalogs...
04/17/08 下午 02時19分36秒 - Building FreeBSD x86 install...  
04/17/08 下午 02時19分36秒 - Building main.tcl...
04/17/08 下午 02時19分36秒 - Refreshing file groups...
04/17/08 下午 02時19分36秒 - Getting file list...
04/17/08 下午 02時19分36秒 - Building file manifest...
04/17/08 下午 02時19分36秒 - Saving install information...
04/17/08 下午 02時19分37秒 - Building install...
04/17/08 下午 02時19分37秒 - Wrapping install files...
04/17/08 下午 02時19分37秒 - FreeBSD x86 build completed in 00m01s.
04/17/08 下午 02時19分37秒 - Installer size is 1.52 MB.
04/17/08 下午 02時19分37秒 - Build completed in 00m01s.
04/17/08 下午 02時19分58秒 - Building message catalogs...
04/17/08 下午 02時19分58秒 - Building FreeBSD x86 install...  
04/17/08 下午 02時19分58秒 - Building main.tcl...
04/17/08 下午 02時19分58秒 - Refreshing file groups...
04/17/08 下午 02時19分58秒 - Getting file list...
04/17/08 下午 02時19分58秒 - Building file manifest...
04/17/08 下午 02時19分58秒 - Saving install information...
04/17/08 下午 02時19分59秒 - Building install...
04/17/08 下午 02時19分59秒 - Wrapping install files...
04/17/08 下午 02時19分59秒 - FreeBSD x86 build completed in 00m01s.
04/17/08 下午 02時19分59秒 - Installer size is 1.52 MB.
04/17/08 下午 02時19分59秒 - Build completed in 00m01s.
04/17/08 下午 02時31分34秒 - Building message catalogs...
04/17/08 下午 02時31分34秒 - Building FreeBSD x86 install...  
04/17/08 下午 02時31分34秒 - Building main.tcl...
04/17/08 下午 02時31分34秒 - Refreshing file groups...
04/17/08 下午 02時31分34秒 - Getting file list...
04/17/08 下午 02時31分34秒 - Building file manifest...
04/17/08 下午 02時31分34秒 - Saving install information...
04/17/08 下午 02時31分35秒 - Building install...
04/17/08 下午 02時31分35秒 - Wrapping install files...
04/17/08 下午 02時31分35秒 - FreeBSD x86 build completed in 00m01s.
04/17/08 下午 02時31分35秒 - Installer size is 1.52 MB.
04/17/08 下午 02時31分35秒 - Build completed in 00m01s.
04/17/08 下午 02時31分49秒 - Building message catalogs...
04/17/08 下午 02時31分49秒 - Building FreeBSD x86 install...  
04/17/08 下午 02時31分49秒 - Building main.tcl...
04/17/08 下午 02時31分49秒 - Refreshing file groups...
04/17/08 下午 02時31分49秒 - Getting file list...
04/17/08 下午 02時31分49秒 - Building file manifest...
04/17/08 下午 02時31分49秒 - Saving install information...
04/17/08 下午 02時31分50秒 - Building install...
04/17/08 下午 02時31分50秒 - Wrapping install files...
04/17/08 下午 02時31分50秒 - FreeBSD x86 build completed in 00m01s.
04/17/08 下午 02時31分50秒 - Installer size is 1.52 MB.
04/17/08 下午 02時31分50秒 - Build completed in 00m01s.
04/17/08 下午 02時37分08秒 - Building message catalogs...
04/17/08 下午 02時37分08秒 - Building FreeBSD x86 install...  
04/17/08 下午 02時37分08秒 - Building main.tcl...
04/17/08 下午 02時37分08秒 - Refreshing file groups...
04/17/08 下午 02時37分08秒 - Getting file list...
04/17/08 下午 02時37分08秒 - Building file manifest...
04/17/08 下午 02時37分08秒 - Saving install information...
04/17/08 下午 02時37分09秒 - Building install...
04/17/08 下午 02時37分09秒 - Wrapping install files...
04/17/08 下午 02時37分09秒 - FreeBSD x86 build completed in 00m01s.
04/17/08 下午 02時37分09秒 - Installer size is 1.52 MB.
04/17/08 下午 02時37分09秒 - Build completed in 00m01s.
04/17/08 下午 02時43分24秒 - Building message catalogs...
04/17/08 下午 02時43分24秒 - Building FreeBSD x86 install...  
04/17/08 下午 02時43分25秒 - Building main.tcl...
04/17/08 下午 02時43分25秒 - Refreshing file groups...
04/17/08 下午 02時43分25秒 - Getting file list...
04/17/08 下午 02時43分25秒 - File '/media/sda3/_work/stompserver/.install_ruby.sh.swp' does not exist!
04/17/08 下午 02時43分25秒 - FreeBSD x86 build completed with errors
04/17/08 下午 02時43分25秒 - Build completed in 00m01s.
04/17/08 下午 02時45分53秒 - Building message catalogs...
04/17/08 下午 02時45分53秒 - Building FreeBSD x86 install...  
04/17/08 下午 02時45分53秒 - Building main.tcl...
04/17/08 下午 02時45分53秒 - Refreshing file groups...
04/17/08 下午 02時45分53秒 - Getting file list...
04/17/08 下午 02時45分53秒 - Building file manifest...
04/17/08 下午 02時45分53秒 - Saving install information...
04/17/08 下午 02時45分54秒 - Building install...
04/17/08 下午 02時45分54秒 - Wrapping install files...
04/17/08 下午 02時45分54秒 - FreeBSD x86 build completed in 00m01s.
04/17/08 下午 02時45分54秒 - Installer size is 1.52 MB.
04/17/08 下午 02時45分54秒 - Build completed in 00m01s.
04/17/08 下午 03時48分04秒 - Building message catalogs...
04/17/08 下午 03時48分04秒 - Building FreeBSD x86 install...  
04/17/08 下午 03時48分04秒 - Building main.tcl...
04/17/08 下午 03時48分04秒 - Refreshing file groups...
04/17/08 下午 03時48分04秒 - Getting file list...
04/17/08 下午 03時48分04秒 - Building file manifest...
04/17/08 下午 03時48分04秒 - Saving install information...
04/17/08 下午 03時48分05秒 - Building install...
04/17/08 下午 03時48分05秒 - Wrapping install files...
04/17/08 下午 03時48分05秒 - FreeBSD x86 build completed in 00m01s.
04/17/08 下午 03時48分05秒 - Installer size is 1.52 MB.
04/17/08 下午 03時48分05秒 - Build completed in 00m01s.
04/17/08 下午 03時52分40秒 - Building message catalogs...
04/17/08 下午 03時52分40秒 - Building FreeBSD x86 install...  
04/17/08 下午 03時52分40秒 - Building main.tcl...
04/17/08 下午 03時52分40秒 - Refreshing file groups...
04/17/08 下午 03時52分40秒 - Getting file list...
04/17/08 下午 03時52分40秒 - Building file manifest...
04/17/08 下午 03時52分40秒 - Saving install information...
04/17/08 下午 03時52分41秒 - Building install...
04/17/08 下午 03時52分41秒 - Wrapping install files...
04/17/08 下午 03時52分41秒 - FreeBSD x86 build completed in 00m01s.
04/17/08 下午 03時52分41秒 - Installer size is 1.52 MB.
04/17/08 下午 03時52分41秒 - Build completed in 00m01s.
