03/21/08 下午 12時03分38秒 - Building message catalogs...
03/21/08 下午 12時03分38秒 - Building FreeBSD x86 install...  
03/21/08 下午 12時03分38秒 - Building main.tcl...
03/21/08 下午 12時03分38秒 - Refreshing file groups...
03/21/08 下午 12時03分39秒 - Getting file list...
03/21/08 下午 12時03分39秒 - Building file manifest...
03/21/08 下午 12時03分39秒 - Saving install information...
03/21/08 下午 12時03分40秒 - Building install...
03/21/08 下午 12時03分40秒 - Wrapping install files...
03/21/08 下午 12時03分41秒 - FreeBSD x86 build completed in 00m03s.
03/21/08 下午 12時03分41秒 - Installer size is 1.56 MB.
03/21/08 下午 12時03分41秒 - Build completed in 00m03s.
03/21/08 下午 03時59分58秒 - Building message catalogs...
03/21/08 下午 03時59分58秒 - Building FreeBSD x86 install...  
03/21/08 下午 03時59分58秒 - Building main.tcl...
03/21/08 下午 03時59分58秒 - Refreshing file groups...
03/21/08 下午 03時59分58秒 - Getting file list...
03/21/08 下午 03時59分59秒 - Building file manifest...
03/21/08 下午 03時59分59秒 - Saving install information...
03/21/08 下午 04時00分00秒 - Building install...
03/21/08 下午 04時00分00秒 - Wrapping install files...
03/21/08 下午 04時00分01秒 - FreeBSD x86 build completed in 00m03s.
03/21/08 下午 04時00分01秒 - Installer size is 1.56 MB.
03/21/08 下午 04時00分01秒 - Build completed in 00m03s.
03/21/08 下午 04時09分14秒 - Building message catalogs...
03/21/08 下午 04時09分14秒 - Building FreeBSD x86 install...  
03/21/08 下午 04時09分14秒 - Building main.tcl...
03/21/08 下午 04時09分14秒 - Refreshing file groups...
03/21/08 下午 04時09分14秒 - Getting file list...
03/21/08 下午 04時09分15秒 - Building file manifest...
03/21/08 下午 04時09分15秒 - Saving install information...
03/21/08 下午 04時09分16秒 - Building install...
03/21/08 下午 04時09分16秒 - Wrapping install files...
03/21/08 下午 04時09分16秒 - FreeBSD x86 build completed in 00m02s.
03/21/08 下午 04時09分16秒 - Installer size is 1.56 MB.
03/21/08 下午 04時09分16秒 - Build completed in 00m02s.
03/21/08 下午 04時15分43秒 - Building message catalogs...
03/21/08 下午 04時15分43秒 - Building FreeBSD x86 install...  
03/21/08 下午 04時15分43秒 - Building main.tcl...
03/21/08 下午 04時15分43秒 - Refreshing file groups...
03/21/08 下午 04時15分44秒 - Getting file list...
03/21/08 下午 04時15分44秒 - Building file manifest...
03/21/08 下午 04時15分44秒 - Saving install information...
03/21/08 下午 04時15分45秒 - Building install...
03/21/08 下午 04時15分45秒 - Wrapping install files...
03/21/08 下午 04時15分45秒 - FreeBSD x86 build completed in 00m02s.
03/21/08 下午 04時15分45秒 - Installer size is 1.56 MB.
03/21/08 下午 04時15分45秒 - Build completed in 00m02s.
03/21/08 下午 04時18分00秒 - Building message catalogs...
03/21/08 下午 04時18分00秒 - Building FreeBSD x86 install...  
03/21/08 下午 04時18分00秒 - Building main.tcl...
03/21/08 下午 04時18分00秒 - Refreshing file groups...
03/21/08 下午 04時18分00秒 - Getting file list...
03/21/08 下午 04時18分01秒 - Building file manifest...
03/21/08 下午 04時18分01秒 - Saving install information...
03/21/08 下午 04時18分02秒 - Building install...
03/21/08 下午 04時18分02秒 - Wrapping install files...
03/21/08 下午 04時18分02秒 - FreeBSD x86 build completed in 00m02s.
03/21/08 下午 04時18分02秒 - Installer size is 1.56 MB.
03/21/08 下午 04時18分02秒 - Build completed in 00m02s.
03/21/08 下午 04時25分50秒 - Building message catalogs...
03/21/08 下午 04時25分50秒 - Building FreeBSD x86 install...  
03/21/08 下午 04時25分50秒 - Building main.tcl...
03/21/08 下午 04時25分50秒 - Refreshing file groups...
03/21/08 下午 04時25分50秒 - Getting file list...
03/21/08 下午 04時25分51秒 - Building file manifest...
03/21/08 下午 04時25分51秒 - Saving install information...
03/21/08 下午 04時25分52秒 - Building install...
03/21/08 下午 04時25分52秒 - Wrapping install files...
03/21/08 下午 04時25分52秒 - FreeBSD x86 build completed in 00m02s.
03/21/08 下午 04時25分52秒 - Installer size is 1.56 MB.
03/21/08 下午 04時25分52秒 - Build completed in 00m02s.
03/21/08 下午 04時29分02秒 - Building message catalogs...
03/21/08 下午 04時29分02秒 - Building FreeBSD x86 install...  
03/21/08 下午 04時29分02秒 - Building main.tcl...
03/21/08 下午 04時29分02秒 - Refreshing file groups...
03/21/08 下午 04時29分02秒 - Getting file list...
03/21/08 下午 04時29分02秒 - Building file manifest...
03/21/08 下午 04時29分02秒 - Saving install information...
03/21/08 下午 04時29分03秒 - Building install...
03/21/08 下午 04時29分03秒 - Wrapping install files...
03/21/08 下午 04時29分03秒 - FreeBSD x86 build completed in 00m01s.
03/21/08 下午 04時29分03秒 - Installer size is 1.56 MB.
03/21/08 下午 04時29分03秒 - Build completed in 00m01s.
03/21/08 下午 05時02分09秒 - Building message catalogs...
03/21/08 下午 05時02分09秒 - Building FreeBSD x86 install...  
03/21/08 下午 05時02分09秒 - Building main.tcl...
03/21/08 下午 05時02分09秒 - Refreshing file groups...
03/21/08 下午 05時02分09秒 - Getting file list...
03/21/08 下午 05時02分10秒 - Building file manifest...
03/21/08 下午 05時02分10秒 - Saving install information...
03/21/08 下午 05時02分11秒 - Building install...
03/21/08 下午 05時02分11秒 - Wrapping install files...
03/21/08 下午 05時02分11秒 - FreeBSD x86 build completed in 00m02s.
03/21/08 下午 05時02分11秒 - Installer size is 1.56 MB.
03/21/08 下午 05時02分11秒 - Build completed in 00m02s.
03/21/08 下午 05時35分16秒 - Building message catalogs...
03/21/08 下午 05時35分16秒 - Building FreeBSD x86 install...  
03/21/08 下午 05時35分16秒 - Building main.tcl...
03/21/08 下午 05時35分16秒 - Refreshing file groups...
03/21/08 下午 05時35分16秒 - Getting file list...
03/21/08 下午 05時35分17秒 - Building file manifest...
03/21/08 下午 05時35分17秒 - Saving install information...
03/21/08 下午 05時35分17秒 - Building install...
03/21/08 下午 05時35分17秒 - Wrapping install files...
03/21/08 下午 05時35分18秒 - FreeBSD x86 build completed in 00m02s.
03/21/08 下午 05時35分18秒 - Installer size is 1.56 MB.
03/21/08 下午 05時35分18秒 - Build completed in 00m02s.
03/21/08 下午 05時51分40秒 - Building message catalogs...
03/21/08 下午 05時51分40秒 - Building FreeBSD x86 install...  
03/21/08 下午 05時51分40秒 - Building main.tcl...
03/21/08 下午 05時51分40秒 - Refreshing file groups...
03/21/08 下午 05時51分40秒 - Getting file list...
03/21/08 下午 05時51分40秒 - Building file manifest...
03/21/08 下午 05時51分40秒 - Saving install information...
03/21/08 下午 05時51分41秒 - Building install...
03/21/08 下午 05時51分41秒 - Wrapping install files...
03/21/08 下午 05時51分42秒 - FreeBSD x86 build completed in 00m02s.
03/21/08 下午 05時51分42秒 - Installer size is 1.56 MB.
03/21/08 下午 05時51分42秒 - Build completed in 00m02s.
03/24/08 上午 11時20分16秒 - Building message catalogs...
03/24/08 上午 11時20分16秒 - Building FreeBSD x86 install...  
03/24/08 上午 11時20分16秒 - Building main.tcl...
03/24/08 上午 11時20分16秒 - Refreshing file groups...
03/24/08 上午 11時20分16秒 - Getting file list...
03/24/08 上午 11時20分16秒 - Building file manifest...
03/24/08 上午 11時20分16秒 - Saving install information...
03/24/08 上午 11時20分17秒 - Building install...
03/24/08 上午 11時20分17秒 - Wrapping install files...
03/24/08 上午 11時20分18秒 - FreeBSD x86 build completed in 00m02s.
03/24/08 上午 11時20分18秒 - Installer size is 1.56 MB.
03/24/08 上午 11時20分18秒 - Build completed in 00m02s.
03/24/08 下午 05時13分45秒 - Building message catalogs...
03/24/08 下午 05時13分45秒 - Building FreeBSD x86 install...  
03/24/08 下午 05時13分45秒 - Building main.tcl...
03/24/08 下午 05時13分45秒 - Refreshing file groups...
03/24/08 下午 05時13分45秒 - Getting file list...
03/24/08 下午 05時13分46秒 - Building file manifest...
03/24/08 下午 05時13分46秒 - Saving install information...
03/24/08 下午 05時13分47秒 - Building install...
03/24/08 下午 05時13分47秒 - Wrapping install files...
03/24/08 下午 05時13分47秒 - FreeBSD x86 build completed in 00m02s.
03/24/08 下午 05時13分47秒 - Installer size is 1.56 MB.
03/24/08 下午 05時13分47秒 - Build completed in 00m02s.
03/24/08 下午 06時05分36秒 - Building message catalogs...
03/24/08 下午 06時05分36秒 - Building FreeBSD x86 install...  
03/24/08 下午 06時05分36秒 - Building main.tcl...
03/24/08 下午 06時05分36秒 - Refreshing file groups...
03/24/08 下午 06時05分36秒 - Getting file list...
03/24/08 下午 06時05分36秒 - Building file manifest...
03/24/08 下午 06時05分36秒 - Saving install information...
03/24/08 下午 06時05分37秒 - Building install...
03/24/08 下午 06時05分37秒 - Wrapping install files...
03/24/08 下午 06時05分38秒 - FreeBSD x86 build completed in 00m02s.
03/24/08 下午 06時05分38秒 - Installer size is 1.56 MB.
03/24/08 下午 06時05分38秒 - Build completed in 00m02s.
03/24/08 下午 06時11分19秒 - Building message catalogs...
03/24/08 下午 06時11分19秒 - Building FreeBSD x86 install...  
03/24/08 下午 06時11分19秒 - Building main.tcl...
03/24/08 下午 06時11分19秒 - Refreshing file groups...
03/24/08 下午 06時11分20秒 - Getting file list...
03/24/08 下午 06時11分20秒 - Building file manifest...
03/24/08 下午 06時11分20秒 - Saving install information...
03/24/08 下午 06時11分21秒 - Building install...
03/24/08 下午 06時11分21秒 - Wrapping install files...
03/24/08 下午 06時11分21秒 - FreeBSD x86 build completed in 00m02s.
03/24/08 下午 06時11分21秒 - Installer size is 1.56 MB.
03/24/08 下午 06時11分21秒 - Build completed in 00m02s.
03/24/08 下午 06時11分25秒 - Building message catalogs...
03/24/08 下午 06時11分25秒 - Building FreeBSD x86 install...  
03/24/08 下午 06時11分25秒 - Building main.tcl...
03/24/08 下午 06時11分25秒 - Refreshing file groups...
03/24/08 下午 06時11分25秒 - Getting file list...
03/24/08 下午 06時11分25秒 - Building file manifest...
03/24/08 下午 06時11分25秒 - Saving install information...
03/24/08 下午 06時11分26秒 - Building install...
03/24/08 下午 06時11分26秒 - Wrapping install files...
03/24/08 下午 06時11分27秒 - FreeBSD x86 build completed in 00m02s.
03/24/08 下午 06時11分27秒 - Installer size is 1.56 MB.
03/24/08 下午 06時11分27秒 - Build completed in 00m02s.
03/24/08 下午 06時20分19秒 - Building message catalogs...
03/24/08 下午 06時20分19秒 - Building FreeBSD x86 install...  
03/24/08 下午 06時20分19秒 - Building main.tcl...
03/24/08 下午 06時20分19秒 - Refreshing file groups...
03/24/08 下午 06時20分19秒 - Getting file list...
03/24/08 下午 06時20分20秒 - Building file manifest...
03/24/08 下午 06時20分20秒 - Saving install information...
03/24/08 下午 06時20分20秒 - Building install...
03/24/08 下午 06時20分21秒 - Wrapping install files...
03/24/08 下午 06時20分21秒 - FreeBSD x86 build completed in 00m02s.
03/24/08 下午 06時20分21秒 - Installer size is 1.56 MB.
03/24/08 下午 06時20分21秒 - Build completed in 00m02s.
03/24/08 下午 06時33分07秒 - Building message catalogs...
03/24/08 下午 06時33分07秒 - Building FreeBSD x86 install...  
03/24/08 下午 06時33分07秒 - Building main.tcl...
03/24/08 下午 06時33分07秒 - Refreshing file groups...
03/24/08 下午 06時33分07秒 - Getting file list...
03/24/08 下午 06時33分08秒 - Building file manifest...
03/24/08 下午 06時33分08秒 - Saving install information...
03/24/08 下午 06時33分09秒 - Building install...
03/24/08 下午 06時33分09秒 - Wrapping install files...
03/24/08 下午 06時33分09秒 - FreeBSD x86 build completed in 00m02s.
03/24/08 下午 06時33分09秒 - Installer size is 1.56 MB.
03/24/08 下午 06時33分09秒 - Build completed in 00m02s.
03/25/08 上午 08時13分47秒 - Building message catalogs...
03/25/08 上午 08時13分47秒 - Building FreeBSD x86 install...  
03/25/08 上午 08時13分47秒 - Building main.tcl...
03/25/08 上午 08時13分47秒 - Refreshing file groups...
03/25/08 上午 08時13分47秒 - Getting file list...
03/25/08 上午 08時13分47秒 - Building file manifest...
03/25/08 上午 08時13分47秒 - Saving install information...
03/25/08 上午 08時13分48秒 - Building install...
03/25/08 上午 08時13分48秒 - Wrapping install files...
03/25/08 上午 08時13分49秒 - FreeBSD x86 build completed in 00m02s.
03/25/08 上午 08時13分49秒 - Installer size is 1.56 MB.
03/25/08 上午 08時13分49秒 - Build completed in 00m02s.
03/25/08 上午 08時57分31秒 - Building message catalogs...
03/25/08 上午 08時57分31秒 - Building FreeBSD x86 install...  
03/25/08 上午 08時57分31秒 - Building main.tcl...
03/25/08 上午 08時57分31秒 - Refreshing file groups...
03/25/08 上午 08時57分31秒 - Getting file list...
03/25/08 上午 08時57分31秒 - Building file manifest...
03/25/08 上午 08時57分31秒 - Saving install information...
03/25/08 上午 08時57分32秒 - Building install...
03/25/08 上午 08時57分32秒 - Wrapping install files...
03/25/08 上午 08時57分33秒 - FreeBSD x86 build completed in 00m02s.
03/25/08 上午 08時57分33秒 - Installer size is 1.56 MB.
03/25/08 上午 08時57分33秒 - Build completed in 00m02s.
03/26/08 上午 11時55分38秒 - Building message catalogs...
03/26/08 上午 11時55分38秒 - Building FreeBSD x86 install...  
03/26/08 上午 11時55分38秒 - Building main.tcl...
03/26/08 上午 11時55分38秒 - Refreshing file groups...
03/26/08 上午 11時55分38秒 - Getting file list...
03/26/08 上午 11時55分38秒 - Building file manifest...
03/26/08 上午 11時55分38秒 - Saving install information...
03/26/08 上午 11時55分39秒 - Building install...
03/26/08 上午 11時55分39秒 - Wrapping install files...
03/26/08 上午 11時55分40秒 - FreeBSD x86 build completed in 00m02s.
03/26/08 上午 11時55分40秒 - Installer size is 1.56 MB.
03/26/08 上午 11時55分40秒 - Build completed in 00m02s.
03/26/08 下午 04時00分38秒 - Building message catalogs...
03/26/08 下午 04時00分38秒 - Building FreeBSD x86 install...  
03/26/08 下午 04時00分38秒 - Building main.tcl...
03/26/08 下午 04時00分38秒 - Refreshing file groups...
03/26/08 下午 04時00分38秒 - Getting file list...
03/26/08 下午 04時00分39秒 - Building file manifest...
03/26/08 下午 04時00分39秒 - Saving install information...
03/26/08 下午 04時00分40秒 - Building install...
03/26/08 下午 04時00分40秒 - Wrapping install files...
03/26/08 下午 04時00分40秒 - FreeBSD x86 build completed in 00m02s.
03/26/08 下午 04時00分40秒 - Installer size is 1.56 MB.
03/26/08 下午 04時00分40秒 - Build completed in 00m02s.
04/08/08 下午 02時36分05秒 - Building message catalogs...
04/08/08 下午 02時36分05秒 - Building FreeBSD x86 install...  
04/08/08 下午 02時36分05秒 - Building main.tcl...
04/08/08 下午 02時36分05秒 - Refreshing file groups...
04/08/08 下午 02時36分05秒 - Getting file list...
04/08/08 下午 02時36分05秒 - Building file manifest...
04/08/08 下午 02時36分05秒 - Saving install information...
04/08/08 下午 02時36分06秒 - Building install...
04/08/08 下午 02時36分06秒 - Wrapping install files...
04/08/08 下午 02時36分07秒 - FreeBSD x86 build completed in 00m02s.
04/08/08 下午 02時36分07秒 - Installer size is 1.57 MB.
04/08/08 下午 02時36分07秒 - Build completed in 00m02s.
04/08/08 下午 02時38分09秒 - Building message catalogs...
04/08/08 下午 02時38分09秒 - Building FreeBSD x86 install...  
04/08/08 下午 02時38分09秒 - Building main.tcl...
04/08/08 下午 02時38分09秒 - Refreshing file groups...
04/08/08 下午 02時38分10秒 - Getting file list...
04/08/08 下午 02時38分10秒 - Building file manifest...
04/08/08 下午 02時38分10秒 - Saving install information...
04/08/08 下午 02時38分11秒 - Building install...
04/08/08 下午 02時38分11秒 - Wrapping install files...
04/08/08 下午 02時38分11秒 - FreeBSD x86 build completed in 00m02s.
04/08/08 下午 02時38分11秒 - Installer size is 1.57 MB.
04/08/08 下午 02時38分11秒 - Build completed in 00m02s.
04/08/08 下午 03時30分41秒 - Building message catalogs...
04/08/08 下午 03時30分41秒 - Building FreeBSD x86 install...  
04/08/08 下午 03時30分41秒 - Building main.tcl...
04/08/08 下午 03時30分41秒 - Refreshing file groups...
04/08/08 下午 03時30分41秒 - Getting file list...
04/08/08 下午 03時30分41秒 - File '/media/sda3/_work/rt/.install.sh.swp' does not exist!
04/08/08 下午 03時30分41秒 - FreeBSD x86 build completed with errors
04/08/08 下午 03時30分41秒 - Build completed in 00m00s.
04/08/08 下午 03時43分50秒 - Building message catalogs...
04/08/08 下午 03時43分50秒 - Building FreeBSD x86 install...  
04/08/08 下午 03時43分50秒 - Building main.tcl...
04/08/08 下午 03時43分50秒 - Refreshing file groups...
04/08/08 下午 03時43分50秒 - Getting file list...
04/08/08 下午 03時43分51秒 - File '/media/sda3/_work/rt/.install.sh.swp' does not exist!
04/08/08 下午 03時43分51秒 - FreeBSD x86 build completed with errors
04/08/08 下午 03時43分51秒 - Build completed in 00m01s.
04/09/08 下午 01時49分44秒 - Building message catalogs...
04/09/08 下午 01時49分44秒 - Building FreeBSD x86 install...  
04/09/08 下午 01時49分44秒 - Rebuilding without repackaging files...
04/09/08 下午 01時49分44秒 - Building main.tcl...
04/09/08 下午 01時49分44秒 - Saving install information...
04/09/08 下午 01時49分45秒 - Building install...
04/09/08 下午 01時49分45秒 - FreeBSD x86 build completed in 00m01s.
04/09/08 下午 01時49分45秒 - Installer size is 1.71 MB.
04/09/08 下午 01時49分45秒 - Build completed in 00m01s.
04/09/08 下午 01時49分46秒 - Building message catalogs...
04/09/08 下午 01時49分46秒 - Building FreeBSD x86 install...  
04/09/08 下午 01時49分46秒 - Building main.tcl...
04/09/08 下午 01時49分46秒 - Refreshing file groups...
04/09/08 下午 01時49分46秒 - Getting file list...
04/09/08 下午 01時49分47秒 - File '/media/sda3/_work/rt/.install.sh.swp' does not exist!
04/09/08 下午 01時49分47秒 - FreeBSD x86 build completed with errors
04/09/08 下午 01時49分47秒 - Build completed in 00m01s.
04/09/08 下午 01時49分50秒 - Building message catalogs...
04/09/08 下午 01時49分50秒 - Building FreeBSD x86 install...  
04/09/08 下午 01時49分50秒 - Building main.tcl...
04/09/08 下午 01時49分50秒 - Refreshing file groups...
04/09/08 下午 01時49分50秒 - Getting file list...
04/09/08 下午 01時49分51秒 - File '/media/sda3/_work/rt/.install.sh.swp' does not exist!
04/09/08 下午 01時49分51秒 - FreeBSD x86 build completed with errors
04/09/08 下午 01時49分51秒 - Build completed in 00m01s.
04/09/08 下午 01時49分53秒 - Building message catalogs...
04/09/08 下午 01時49分53秒 - Building FreeBSD x86 install...  
04/09/08 下午 01時49分53秒 - Rebuilding without repackaging files...
04/09/08 下午 01時49分53秒 - Building main.tcl...
04/09/08 下午 01時49分53秒 - Saving install information...
04/09/08 下午 01時49分53秒 - Building install...
04/09/08 下午 01時49分54秒 - FreeBSD x86 build completed in 00m01s.
04/09/08 下午 01時49分54秒 - Installer size is 1.85 MB.
04/09/08 下午 01時49分54秒 - Build completed in 00m01s.
04/09/08 下午 01時49分55秒 - Building message catalogs...
04/09/08 下午 01時49分55秒 - Building FreeBSD x86 install...  
04/09/08 下午 01時49分55秒 - Building main.tcl...
04/09/08 下午 01時49分55秒 - Refreshing file groups...
04/09/08 下午 01時49分55秒 - Getting file list...
04/09/08 下午 01時49分55秒 - File '/media/sda3/_work/rt/.install.sh.swp' does not exist!
04/09/08 下午 01時49分55秒 - FreeBSD x86 build completed with errors
04/09/08 下午 01時49分55秒 - Build completed in 00m00s.
04/09/08 下午 01時49分57秒 - Building message catalogs...
04/09/08 下午 01時49分57秒 - Building FreeBSD x86 install...  
04/09/08 下午 01時49分57秒 - Rebuilding without repackaging files...
04/09/08 下午 01時49分57秒 - Building main.tcl...
04/09/08 下午 01時49分57秒 - Saving install information...
04/09/08 下午 01時49分58秒 - Building install...
04/09/08 下午 01時49分58秒 - FreeBSD x86 build completed in 00m01s.
04/09/08 下午 01時49分58秒 - Installer size is 1.99 MB.
04/09/08 下午 01時49分58秒 - Build completed in 00m01s.
04/09/08 下午 05時13分56秒 - Building message catalogs...
04/09/08 下午 05時13分56秒 - Building FreeBSD x86 install...  
04/09/08 下午 05時13分56秒 - Building main.tcl...
04/09/08 下午 05時13分56秒 - Refreshing file groups...
04/09/08 下午 05時13分56秒 - Getting file list...
04/09/08 下午 05時13分57秒 - File '/media/sda3/_work/rt/.install.sh.swp' does not exist!
04/09/08 下午 05時13分57秒 - FreeBSD x86 build completed with errors
04/09/08 下午 05時13分57秒 - Build completed in 00m01s.
04/09/08 下午 05時13分58秒 - Building message catalogs...
04/09/08 下午 05時13分58秒 - Building FreeBSD x86 install...  
04/09/08 下午 05時13分58秒 - Rebuilding without repackaging files...
04/09/08 下午 05時13分58秒 - Building main.tcl...
04/09/08 下午 05時13分58秒 - Saving install information...
04/09/08 下午 05時13分59秒 - Building install...
04/09/08 下午 05時13分59秒 - FreeBSD x86 build completed in 00m01s.
04/09/08 下午 05時13分59秒 - Installer size is 2.14 MB.
04/09/08 下午 05時13分59秒 - Build completed in 00m01s.
04/09/08 下午 05時14分00秒 - Building message catalogs...
04/09/08 下午 05時14分00秒 - Building FreeBSD x86 install...  
04/09/08 下午 05時14分00秒 - Building main.tcl...
04/09/08 下午 05時14分00秒 - Refreshing file groups...
04/09/08 下午 05時14分00秒 - Getting file list...
04/09/08 下午 05時14分00秒 - File '/media/sda3/_work/rt/.install.sh.swp' does not exist!
04/09/08 下午 05時14分00秒 - FreeBSD x86 build completed with errors
04/09/08 下午 05時14分00秒 - Build completed in 00m00s.
04/10/08 上午 10時17分35秒 - Building message catalogs...
04/10/08 上午 10時17分35秒 - Building FreeBSD x86 install...  
04/10/08 上午 10時17分35秒 - Building main.tcl...
04/10/08 上午 10時17分35秒 - Refreshing file groups...
04/10/08 上午 10時17分35秒 - Getting file list...
04/10/08 上午 10時17分35秒 - File '/media/sda3/_work/rt/.install.sh.swp' does not exist!
04/10/08 上午 10時17分35秒 - FreeBSD x86 build completed with errors
04/10/08 上午 10時17分35秒 - Build completed in 00m00s.
04/10/08 上午 10時17分36秒 - Building message catalogs...
04/10/08 上午 10時17分36秒 - Building FreeBSD x86 install...  
04/10/08 上午 10時17分36秒 - Rebuilding without repackaging files...
04/10/08 上午 10時17分36秒 - Building main.tcl...
04/10/08 上午 10時17分36秒 - Saving install information...
04/10/08 上午 10時17分37秒 - Building install...
04/10/08 上午 10時17分37秒 - FreeBSD x86 build completed in 00m01s.
04/10/08 上午 10時17分37秒 - Installer size is 2.28 MB.
04/10/08 上午 10時17分37秒 - Build completed in 00m01s.
04/10/08 上午 10時17分38秒 - Building message catalogs...
04/10/08 上午 10時17分38秒 - Building FreeBSD x86 install...  
04/10/08 上午 10時17分38秒 - Building main.tcl...
04/10/08 上午 10時17分38秒 - Refreshing file groups...
04/10/08 上午 10時17分38秒 - Getting file list...
04/10/08 上午 10時17分39秒 - File '/media/sda3/_work/rt/.install.sh.swp' does not exist!
04/10/08 上午 10時17分39秒 - FreeBSD x86 build completed with errors
04/10/08 上午 10時17分39秒 - Build completed in 00m01s.
04/10/08 上午 10時17分39秒 - Building message catalogs...
04/10/08 上午 10時17分39秒 - Building FreeBSD x86 install...  
04/10/08 上午 10時17分39秒 - Rebuilding without repackaging files...
04/10/08 上午 10時17分39秒 - Building main.tcl...
04/10/08 上午 10時17分39秒 - Saving install information...
04/10/08 上午 10時17分40秒 - Building install...
04/10/08 上午 10時17分40秒 - FreeBSD x86 build completed in 00m01s.
04/10/08 上午 10時17分40秒 - Installer size is 2.42 MB.
04/10/08 上午 10時17分40秒 - Build completed in 00m01s.
04/10/08 上午 11時31分58秒 - Building message catalogs...
04/10/08 上午 11時31分58秒 - Building FreeBSD x86 install...  
04/10/08 上午 11時31分58秒 - Building main.tcl...
04/10/08 上午 11時31分58秒 - Refreshing file groups...
04/10/08 上午 11時31分59秒 - Getting file list...
04/10/08 上午 11時31分59秒 - File '/media/sda3/_work/rt/.install.sh.swp' does not exist!
04/10/08 上午 11時31分59秒 - FreeBSD x86 build completed with errors
04/10/08 上午 11時31分59秒 - Build completed in 00m01s.
04/10/08 上午 11時31分59秒 - Building message catalogs...
04/10/08 上午 11時31分59秒 - Building FreeBSD x86 install...  
04/10/08 上午 11時31分59秒 - Rebuilding without repackaging files...
04/10/08 上午 11時31分59秒 - Building main.tcl...
04/10/08 上午 11時31分59秒 - Saving install information...
04/10/08 上午 11時32分00秒 - Building install...
04/10/08 上午 11時32分00秒 - FreeBSD x86 build completed in 00m01s.
04/10/08 上午 11時32分00秒 - Installer size is 2.57 MB.
04/10/08 上午 11時32分00秒 - Build completed in 00m01s.
04/10/08 上午 11時32分00秒 - Building message catalogs...
04/10/08 上午 11時32分00秒 - Building FreeBSD x86 install...  
04/10/08 上午 11時32分00秒 - Rebuilding without repackaging files...
04/10/08 上午 11時32分00秒 - Building main.tcl...
04/10/08 上午 11時32分00秒 - Saving install information...
04/10/08 上午 11時32分01秒 - Building install...
04/10/08 上午 11時32分01秒 - FreeBSD x86 build completed in 00m01s.
04/10/08 上午 11時32分01秒 - Installer size is 2.71 MB.
04/10/08 上午 11時32分01秒 - Build completed in 00m01s.
04/10/08 上午 11時32分01秒 - Building message catalogs...
04/10/08 上午 11時32分01秒 - Building FreeBSD x86 install...  
04/10/08 上午 11時32分01秒 - Rebuilding without repackaging files...
04/10/08 上午 11時32分01秒 - Building main.tcl...
04/10/08 上午 11時32分01秒 - Saving install information...
04/10/08 上午 11時32分02秒 - Building install...
04/10/08 上午 11時32分02秒 - FreeBSD x86 build completed in 00m01s.
04/10/08 上午 11時32分02秒 - Installer size is 2.85 MB.
04/10/08 上午 11時32分02秒 - Build completed in 00m01s.
04/10/08 上午 11時32分02秒 - Building message catalogs...
04/10/08 上午 11時32分02秒 - Building FreeBSD x86 install...  
04/10/08 上午 11時32分02秒 - Rebuilding without repackaging files...
04/10/08 上午 11時32分02秒 - Building main.tcl...
04/10/08 上午 11時32分02秒 - Saving install information...
04/10/08 上午 11時32分03秒 - Building install...
04/10/08 上午 11時32分03秒 - FreeBSD x86 build completed in 00m01s.
04/10/08 上午 11時32分03秒 - Installer size is 2.99 MB.
04/10/08 上午 11時32分03秒 - Build completed in 00m01s.
04/10/08 上午 11時32分03秒 - Building message catalogs...
04/10/08 上午 11時32分03秒 - Building FreeBSD x86 install...  
04/10/08 上午 11時32分03秒 - Rebuilding without repackaging files...
04/10/08 上午 11時32分03秒 - Building main.tcl...
04/10/08 上午 11時32分03秒 - Saving install information...
04/10/08 上午 11時32分04秒 - Building install...
04/10/08 上午 11時32分04秒 - FreeBSD x86 build completed in 00m01s.
04/10/08 上午 11時32分04秒 - Installer size is 3.14 MB.
04/10/08 上午 11時32分04秒 - Build completed in 00m01s.
04/10/08 上午 11時32分04秒 - Building message catalogs...
04/10/08 上午 11時32分04秒 - Building FreeBSD x86 install...  
04/10/08 上午 11時32分04秒 - Building main.tcl...
04/10/08 上午 11時32分04秒 - Refreshing file groups...
04/10/08 上午 11時32分05秒 - Getting file list...
04/10/08 上午 11時32分05秒 - File '/media/sda3/_work/rt/.install.sh.swp' does not exist!
04/10/08 上午 11時32分05秒 - FreeBSD x86 build completed with errors
04/10/08 上午 11時32分05秒 - Build completed in 00m01s.
04/10/08 上午 11時32分05秒 - Building message catalogs...
04/10/08 上午 11時32分05秒 - Building FreeBSD x86 install...  
04/10/08 上午 11時32分05秒 - Building main.tcl...
04/10/08 上午 11時32分05秒 - Refreshing file groups...
04/10/08 上午 11時32分05秒 - Getting file list...
04/10/08 上午 11時32分05秒 - File '/media/sda3/_work/rt/.install.sh.swp' does not exist!
04/10/08 上午 11時32分05秒 - FreeBSD x86 build completed with errors
04/10/08 上午 11時32分05秒 - Build completed in 00m00s.
04/10/08 上午 11時32分05秒 - Building message catalogs...
04/10/08 上午 11時32分05秒 - Building FreeBSD x86 install...  
04/10/08 上午 11時32分05秒 - Building main.tcl...
04/10/08 上午 11時32分05秒 - Refreshing file groups...
04/10/08 上午 11時32分05秒 - Getting file list...
04/10/08 上午 11時32分06秒 - File '/media/sda3/_work/rt/.install.sh.swp' does not exist!
04/10/08 上午 11時32分06秒 - FreeBSD x86 build completed with errors
04/10/08 上午 11時32分06秒 - Build completed in 00m01s.
04/10/08 上午 11時32分06秒 - Building message catalogs...
04/10/08 上午 11時32分06秒 - Building FreeBSD x86 install...  
04/10/08 上午 11時32分06秒 - Building main.tcl...
04/10/08 上午 11時32分06秒 - Refreshing file groups...
04/10/08 上午 11時32分06秒 - Getting file list...
04/10/08 上午 11時32分06秒 - File '/media/sda3/_work/rt/.install.sh.swp' does not exist!
04/10/08 上午 11時32分06秒 - FreeBSD x86 build completed with errors
04/10/08 上午 11時32分06秒 - Build completed in 00m00s.
04/10/08 上午 11時32分06秒 - Building message catalogs...
04/10/08 上午 11時32分06秒 - Building FreeBSD x86 install...  
04/10/08 上午 11時32分06秒 - Building main.tcl...
04/10/08 上午 11時32分06秒 - Refreshing file groups...
04/10/08 上午 11時32分06秒 - Getting file list...
04/10/08 上午 11時32分07秒 - File '/media/sda3/_work/rt/.install.sh.swp' does not exist!
04/10/08 上午 11時32分07秒 - FreeBSD x86 build completed with errors
04/10/08 上午 11時32分07秒 - Build completed in 00m01s.
04/10/08 下午 12時05分05秒 - Building message catalogs...
04/10/08 下午 12時05分05秒 - Building FreeBSD x86 install...  
04/10/08 下午 12時05分05秒 - Building main.tcl...
04/10/08 下午 12時05分05秒 - Refreshing file groups...
04/10/08 下午 12時05分05秒 - Getting file list...
04/10/08 下午 12時05分05秒 - File '/media/sda3/_work/rt/.install.sh.swp' does not exist!
04/10/08 下午 12時05分05秒 - FreeBSD x86 build completed with errors
04/10/08 下午 12時05分05秒 - Build completed in 00m00s.
04/10/08 下午 12時06分48秒 - Building message catalogs...
04/10/08 下午 12時06分48秒 - Building FreeBSD x86 install...  
04/10/08 下午 12時06分48秒 - Building main.tcl...
04/10/08 下午 12時06分48秒 - Refreshing file groups...
04/10/08 下午 12時06分48秒 - Getting file list...
04/10/08 下午 12時06分49秒 - File '/media/sda3/_work/rt/.install.sh.swp' does not exist!
04/10/08 下午 12時06分49秒 - FreeBSD x86 build completed with errors
04/10/08 下午 12時06分49秒 - Build completed in 00m01s.
04/10/08 下午 12時06分58秒 - Building message catalogs...
04/10/08 下午 12時06分58秒 - Building FreeBSD x86 install...  
04/10/08 下午 12時06分58秒 - Install does not exist.  Building all files...
04/10/08 下午 12時06分58秒 - Building main.tcl...
04/10/08 下午 12時06分58秒 - Refreshing file groups...
04/10/08 下午 12時06分58秒 - Getting file list...
04/10/08 下午 12時06分58秒 - File '/media/sda3/_work/rt/.install.sh.swp' does not exist!
04/10/08 下午 12時06分58秒 - FreeBSD x86 build completed with errors
04/10/08 下午 12時06分58秒 - Build completed in 00m00s.
04/10/08 下午 12時06分59秒 - Building message catalogs...
04/10/08 下午 12時06分59秒 - Building FreeBSD x86 install...  
04/10/08 下午 12時06分59秒 - Building main.tcl...
04/10/08 下午 12時06分59秒 - Refreshing file groups...
04/10/08 下午 12時06分59秒 - Getting file list...
04/10/08 下午 12時07分00秒 - File '/media/sda3/_work/rt/.install.sh.swp' does not exist!
04/10/08 下午 12時07分00秒 - FreeBSD x86 build completed with errors
04/10/08 下午 12時07分00秒 - Build completed in 00m01s.
04/10/08 下午 01時07分13秒 - Building message catalogs...
04/10/08 下午 01時07分13秒 - Building FreeBSD x86 install...  
04/10/08 下午 01時07分13秒 - Building main.tcl...
04/10/08 下午 01時07分13秒 - Refreshing file groups...
04/10/08 下午 01時07分13秒 - Getting file list...
04/10/08 下午 01時07分13秒 - File '/media/sda3/_work/rt/.install.sh.swp' does not exist!
04/10/08 下午 01時07分13秒 - FreeBSD x86 build completed with errors
04/10/08 下午 01時07分13秒 - Build completed in 00m00s.
04/10/08 下午 01時07分25秒 - Building message catalogs...
04/10/08 下午 01時07分25秒 - Building FreeBSD x86 install...  
04/10/08 下午 01時07分25秒 - Building main.tcl...
04/10/08 下午 01時07分25秒 - Refreshing file groups...
04/10/08 下午 01時07分25秒 - Getting file list...
04/10/08 下午 01時07分25秒 - Building file manifest...
04/10/08 下午 01時07分25秒 - Saving install information...
04/10/08 下午 01時07分26秒 - Building install...
04/10/08 下午 01時07分26秒 - Wrapping install files...
04/10/08 下午 01時07分27秒 - FreeBSD x86 build completed in 00m02s.
04/10/08 下午 01時07分27秒 - Installer size is 1.57 MB.
04/10/08 下午 01時07分27秒 - Build completed in 00m02s.
