04/01/08 下午 05時43分55秒 - Building message catalogs...
04/01/08 下午 05時43分55秒 - Building FreeBSD x86 install...  
04/01/08 下午 05時43分55秒 - Building main.tcl...
04/01/08 下午 05時43分55秒 - Refreshing file groups...
04/01/08 下午 05時43分55秒 - Getting file list...
04/01/08 下午 05時43分55秒 - Building file manifest...
04/01/08 下午 05時43分55秒 - Saving install information...
04/01/08 下午 05時43分56秒 - Building install...
04/01/08 下午 05時43分56秒 - Wrapping install files...
04/01/08 下午 05時43分56秒 - FreeBSD x86 build completed in 00m01s.
04/01/08 下午 05時43分56秒 - Installer size is 1.52 MB.
04/01/08 下午 05時43分56秒 - Build completed in 00m01s.
04/08/08 下午 01時55分52秒 - Building message catalogs...
04/08/08 下午 01時55分52秒 - Building FreeBSD x86 install...  
04/08/08 下午 01時55分52秒 - Building main.tcl...
04/08/08 下午 01時55分52秒 - Refreshing file groups...
04/08/08 下午 01時55分52秒 - Getting file list...
04/08/08 下午 01時55分52秒 - Building file manifest...
04/08/08 下午 01時55分52秒 - Saving install information...
04/08/08 下午 01時55分53秒 - Building install...
04/08/08 下午 01時55分53秒 - Wrapping install files...
04/08/08 下午 01時55分53秒 - FreeBSD x86 build completed in 00m01s.
04/08/08 下午 01時55分53秒 - Installer size is 1.52 MB.
04/08/08 下午 01時55分53秒 - Build completed in 00m01s.
