03/17/08 上午 11時20分43秒 - Building message catalogs...
03/17/08 上午 11時20分43秒 - Building Linux x86 install...  
03/17/08 上午 11時20分43秒 - Building main.tcl...
03/17/08 上午 11時20分43秒 - Refreshing file groups...
03/17/08 上午 11時20分43秒 - Getting file list...
03/17/08 上午 11時20分44秒 - Building file manifest...
03/17/08 上午 11時20分44秒 - Saving install information...
03/17/08 上午 11時20分45秒 - Building install...
03/17/08 上午 11時20分45秒 - Wrapping install files...
03/17/08 上午 11時20分49秒 - Linux x86 build completed in 00m06s.
03/17/08 上午 11時20分49秒 - Installer size is 29.80 MB.
03/17/08 上午 11時20分49秒 - Build completed in 00m06s.
03/17/08 上午 11時25分11秒 - Building message catalogs...
03/17/08 上午 11時25分11秒 - Building Linux x86 install...  
03/17/08 上午 11時25分12秒 - Building main.tcl...
03/17/08 上午 11時25分12秒 - Refreshing file groups...
03/17/08 上午 11時25分12秒 - Getting file list...
03/17/08 上午 11時25分12秒 - Building file manifest...
03/17/08 上午 11時25分12秒 - Saving install information...
03/17/08 上午 11時25分13秒 - Building install...
03/17/08 上午 11時25分13秒 - Wrapping install files...
03/17/08 上午 11時25分17秒 - Linux x86 build completed in 00m06s.
03/17/08 上午 11時25分17秒 - Installer size is 29.80 MB.
03/17/08 上午 11時25分17秒 - Build completed in 00m06s.
03/17/08 上午 11時35分05秒 - Building message catalogs...
03/17/08 上午 11時35分05秒 - Building Linux x86 install...  
03/17/08 上午 11時35分05秒 - Building main.tcl...
03/17/08 上午 11時35分05秒 - Refreshing file groups...
03/17/08 上午 11時35分06秒 - Getting file list...
03/17/08 上午 11時35分06秒 - Building file manifest...
03/17/08 上午 11時35分06秒 - Saving install information...
03/17/08 上午 11時35分07秒 - Building install...
03/17/08 上午 11時35分07秒 - Wrapping install files...
03/17/08 上午 11時35分11秒 - Linux x86 build completed in 00m06s.
03/17/08 上午 11時35分11秒 - Installer size is 29.80 MB.
03/17/08 上午 11時35分11秒 - Building Windows install...  
03/17/08 上午 11時35分11秒 - Building main.tcl...
03/17/08 上午 11時35分11秒 - Refreshing file groups...
03/17/08 上午 11時35分11秒 - Getting file list...
03/17/08 上午 11時35分11秒 - Building file manifest...
03/17/08 上午 11時35分11秒 - Saving install information...
03/17/08 上午 11時35分12秒 - Building install...
03/17/08 上午 11時35分12秒 - Wrapping install files...
03/17/08 上午 11時35分17秒 - Windows build completed in 00m06s.
03/17/08 上午 11時35分17秒 - Installer size is 29.69 MB.
03/17/08 上午 11時35分17秒 - Build completed in 00m12s.
03/17/08 上午 11時45分34秒 - Building message catalogs...
03/17/08 上午 11時45分34秒 - Building Linux x86 install...  
03/17/08 上午 11時45分34秒 - Building main.tcl...
03/17/08 上午 11時45分34秒 - Refreshing file groups...
03/17/08 上午 11時45分34秒 - Getting file list...
03/17/08 上午 11時45分34秒 - Building file manifest...
03/17/08 上午 11時45分34秒 - Saving install information...
03/17/08 上午 11時45分35秒 - Building install...
03/17/08 上午 11時45分35秒 - Wrapping install files...
03/17/08 上午 11時45分39秒 - Linux x86 build completed in 00m05s.
03/17/08 上午 11時45分39秒 - Installer size is 29.80 MB.
03/17/08 上午 11時45分39秒 - Building Windows install...  
03/17/08 上午 11時45分39秒 - Building main.tcl...
03/17/08 上午 11時45分39秒 - Refreshing file groups...
03/17/08 上午 11時45分39秒 - Getting file list...
03/17/08 上午 11時45分40秒 - Building file manifest...
03/17/08 上午 11時45分40秒 - Saving install information...
03/17/08 上午 11時45分41秒 - Building install...
03/17/08 上午 11時45分41秒 - Wrapping install files...
03/17/08 上午 11時45分45秒 - Windows build completed in 00m06s.
03/17/08 上午 11時45分45秒 - Installer size is 29.69 MB.
03/17/08 上午 11時45分45秒 - Build completed in 00m11s.
03/17/08 下午 03時11分45秒 - Building message catalogs...
03/17/08 下午 03時11分45秒 - Building Linux x86 install...  
03/17/08 下午 03時11分45秒 - Building main.tcl...
03/17/08 下午 03時11分45秒 - Refreshing file groups...
03/17/08 下午 03時11分45秒 - Getting file list...
03/17/08 下午 03時11分45秒 - Building file manifest...
03/17/08 下午 03時11分45秒 - Saving install information...
03/17/08 下午 03時11分46秒 - Building install...
03/17/08 下午 03時11分46秒 - Wrapping install files...
03/17/08 下午 03時11分50秒 - Linux x86 build completed in 00m05s.
03/17/08 下午 03時11分50秒 - Installer size is 29.80 MB.
03/17/08 下午 03時11分50秒 - Building Windows install...  
03/17/08 下午 03時11分50秒 - Building main.tcl...
03/17/08 下午 03時11分50秒 - Refreshing file groups...
03/17/08 下午 03時11分50秒 - Getting file list...
03/17/08 下午 03時11分51秒 - Building file manifest...
03/17/08 下午 03時11分51秒 - Saving install information...
03/17/08 下午 03時11分52秒 - Building install...
03/17/08 下午 03時11分52秒 - Wrapping install files...
03/17/08 下午 03時11分56秒 - Windows build completed in 00m06s.
03/17/08 下午 03時11分56秒 - Installer size is 29.69 MB.
03/17/08 下午 03時11分56秒 - Build completed in 00m11s.
03/17/08 下午 03時12分14秒 - Building message catalogs...
03/17/08 下午 03時12分14秒 - Building FreeBSD x86 install...  
03/17/08 下午 03時12分14秒 - Building main.tcl...
03/17/08 下午 03時12分14秒 - Refreshing file groups...
03/17/08 下午 03時12分14秒 - Getting file list...
03/17/08 下午 03時12分14秒 - Building file manifest...
03/17/08 下午 03時12分14秒 - Saving install information...
03/17/08 下午 03時12分15秒 - Building install...
03/17/08 下午 03時12分15秒 - Wrapping install files...
03/17/08 下午 03時12分20秒 - FreeBSD x86 build completed in 00m06s.
03/17/08 下午 03時12分20秒 - Installer size is 30.15 MB.
03/17/08 下午 03時12分20秒 - Build completed in 00m07s.
03/17/08 下午 04時35分10秒 - Building message catalogs...
03/17/08 下午 04時35分10秒 - Building FreeBSD x86 install...  
03/17/08 下午 04時35分10秒 - Building main.tcl...
03/17/08 下午 04時35分10秒 - Refreshing file groups...
03/17/08 下午 04時35分10秒 - Getting file list...
03/17/08 下午 04時35分10秒 - Building file manifest...
03/17/08 下午 04時35分11秒 - Saving install information...
03/17/08 下午 04時35分11秒 - Building install...
03/17/08 下午 04時35分12秒 - Wrapping install files...
03/17/08 下午 04時35分16秒 - FreeBSD x86 build completed in 00m06s.
03/17/08 下午 04時35分16秒 - Installer size is 30.15 MB.
03/17/08 下午 04時35分16秒 - Build completed in 00m06s.
03/17/08 下午 04時35分23秒 - Building message catalogs...
03/17/08 下午 04時35分23秒 - Building Linux x86 install...  
03/17/08 下午 04時35分23秒 - Building main.tcl...
03/17/08 下午 04時35分23秒 - Refreshing file groups...
03/17/08 下午 04時35分23秒 - Getting file list...
03/17/08 下午 04時35分23秒 - Building file manifest...
03/17/08 下午 04時35分23秒 - Saving install information...
03/17/08 下午 04時35分24秒 - Building install...
03/17/08 下午 04時35分24秒 - Wrapping install files...
03/17/08 下午 04時35分29秒 - Linux x86 build completed in 00m06s.
03/17/08 下午 04時35分29秒 - Installer size is 29.81 MB.
03/17/08 下午 04時35分29秒 - Build completed in 00m06s.
03/17/08 下午 04時44分34秒 - Building message catalogs...
03/17/08 下午 04時44分34秒 - Building Linux x86 install...  
03/17/08 下午 04時44分34秒 - Building main.tcl...
03/17/08 下午 04時44分34秒 - Refreshing file groups...
03/17/08 下午 04時44分34秒 - Getting file list...
03/17/08 下午 04時44分35秒 - Building file manifest...
03/17/08 下午 04時44分35秒 - Saving install information...
03/17/08 下午 04時44分36秒 - Building install...
03/17/08 下午 04時44分36秒 - Wrapping install files...
03/17/08 下午 04時44分41秒 - Linux x86 build completed in 00m07s.
03/17/08 下午 04時44分41秒 - Installer size is 29.81 MB.
03/17/08 下午 04時44分41秒 - Build completed in 00m07s.
03/17/08 下午 04時54分27秒 - Building message catalogs...
03/17/08 下午 04時54分27秒 - Building Linux x86 install...  
03/17/08 下午 04時54分27秒 - Building main.tcl...
03/17/08 下午 04時54分27秒 - Refreshing file groups...
03/17/08 下午 04時54分27秒 - Getting file list...
03/17/08 下午 04時54分27秒 - Building file manifest...
03/17/08 下午 04時54分27秒 - Saving install information...
03/17/08 下午 04時54分28秒 - Building install...
03/17/08 下午 04時54分28秒 - Wrapping install files...
03/17/08 下午 04時54分33秒 - Linux x86 build completed in 00m06s.
03/17/08 下午 04時54分33秒 - Installer size is 29.81 MB.
03/17/08 下午 04時54分33秒 - Build completed in 00m06s.
03/17/08 下午 05時09分51秒 - Building message catalogs...
03/17/08 下午 05時09分51秒 - Building Linux x86 install...  
03/17/08 下午 05時09分51秒 - Rebuilding without repackaging files...
03/17/08 下午 05時09分51秒 - Building main.tcl...
03/17/08 下午 05時09分51秒 - Saving install information...
03/17/08 下午 05時09分52秒 - Building install...
03/17/08 下午 05時09分52秒 - Linux x86 build completed in 00m01s.
03/17/08 下午 05時09分52秒 - Installer size is 29.96 MB.
03/17/08 下午 05時09分52秒 - Build completed in 00m01s.
03/17/08 下午 05時10分05秒 - Building message catalogs...
03/17/08 下午 05時10分05秒 - Building Linux x86 install...  
03/17/08 下午 05時10分05秒 - Building main.tcl...
03/17/08 下午 05時10分05秒 - Refreshing file groups...
03/17/08 下午 05時10分05秒 - Getting file list...
03/17/08 下午 05時10分05秒 - Building file manifest...
03/17/08 下午 05時10分05秒 - Saving install information...
03/17/08 下午 05時10分06秒 - Building install...
03/17/08 下午 05時10分06秒 - Wrapping install files...
03/17/08 下午 05時10分11秒 - Linux x86 build completed in 00m06s.
03/17/08 下午 05時10分11秒 - Installer size is 29.81 MB.
03/17/08 下午 05時10分11秒 - Build completed in 00m06s.
03/17/08 下午 05時17分40秒 - Building message catalogs...
03/17/08 下午 05時17分40秒 - Building Linux x86 install...  
03/17/08 下午 05時17分40秒 - Building main.tcl...
03/17/08 下午 05時17分40秒 - Refreshing file groups...
03/17/08 下午 05時17分40秒 - Getting file list...
03/17/08 下午 05時17分40秒 - Building file manifest...
03/17/08 下午 05時17分40秒 - Saving install information...
03/17/08 下午 05時17分41秒 - Building install...
03/17/08 下午 05時17分41秒 - Wrapping install files...
03/17/08 下午 05時17分46秒 - Linux x86 build completed in 00m06s.
03/17/08 下午 05時17分46秒 - Installer size is 29.81 MB.
03/17/08 下午 05時17分46秒 - Build completed in 00m06s.
03/17/08 下午 05時23分22秒 - Building message catalogs...
03/17/08 下午 05時23分22秒 - Building Linux x86 install...  
03/17/08 下午 05時23分22秒 - Building main.tcl...
03/17/08 下午 05時23分22秒 - Refreshing file groups...
03/17/08 下午 05時23分22秒 - Getting file list...
03/17/08 下午 05時23分22秒 - Building file manifest...
03/17/08 下午 05時23分22秒 - Saving install information...
03/17/08 下午 05時23分23秒 - Building install...
03/17/08 下午 05時23分23秒 - Wrapping install files...
03/17/08 下午 05時23分28秒 - Linux x86 build completed in 00m06s.
03/17/08 下午 05時23分28秒 - Installer size is 29.81 MB.
03/17/08 下午 05時23分28秒 - Build completed in 00m06s.
03/18/08 上午 09時54分05秒 - Building message catalogs...
03/18/08 上午 09時54分05秒 - Building Linux x86 install...  
03/18/08 上午 09時54分05秒 - Building main.tcl...
03/18/08 上午 09時54分05秒 - Refreshing file groups...
03/18/08 上午 09時54分05秒 - Getting file list...
03/18/08 上午 09時54分06秒 - Building file manifest...
03/18/08 上午 09時54分06秒 - Saving install information...
03/18/08 上午 09時54分07秒 - Building install...
03/18/08 上午 09時54分07秒 - Wrapping install files...
03/18/08 上午 09時54分11秒 - Linux x86 build completed in 00m06s.
03/18/08 上午 09時54分11秒 - Installer size is 29.81 MB.
03/18/08 上午 09時54分11秒 - Build completed in 00m06s.
03/18/08 上午 10時03分52秒 - Building message catalogs...
03/18/08 上午 10時03分52秒 - Building Linux x86 install...  
03/18/08 上午 10時03分52秒 - Building main.tcl...
03/18/08 上午 10時03分52秒 - Refreshing file groups...
03/18/08 上午 10時03分52秒 - Getting file list...
03/18/08 上午 10時03分52秒 - Building file manifest...
03/18/08 上午 10時03分52秒 - Saving install information...
03/18/08 上午 10時03分53秒 - Building install...
03/18/08 上午 10時03分53秒 - Wrapping install files...
03/18/08 上午 10時03分58秒 - Linux x86 build completed in 00m06s.
03/18/08 上午 10時03分58秒 - Installer size is 29.81 MB.
03/18/08 上午 10時03分58秒 - Build completed in 00m06s.
03/18/08 上午 10時05分34秒 - Building message catalogs...
03/18/08 上午 10時05分34秒 - Building Linux x86 install...  
03/18/08 上午 10時05分34秒 - Building main.tcl...
03/18/08 上午 10時05分34秒 - Refreshing file groups...
03/18/08 上午 10時05分34秒 - Getting file list...
03/18/08 上午 10時05分35秒 - Building file manifest...
03/18/08 上午 10時05分35秒 - Saving install information...
03/18/08 上午 10時05分36秒 - Building install...
03/18/08 上午 10時05分36秒 - Wrapping install files...
03/18/08 上午 10時05分40秒 - Linux x86 build completed in 00m06s.
03/18/08 上午 10時05分40秒 - Installer size is 29.81 MB.
03/18/08 上午 10時05分40秒 - Build completed in 00m06s.
03/18/08 上午 10時25分34秒 - Building message catalogs...
03/18/08 上午 10時25分34秒 - Building Linux x86 install...  
03/18/08 上午 10時25分34秒 - Building main.tcl...
03/18/08 上午 10時25分34秒 - Refreshing file groups...
03/18/08 上午 10時25分34秒 - Getting file list...
03/18/08 上午 10時25分34秒 - Building file manifest...
03/18/08 上午 10時25分34秒 - Saving install information...
03/18/08 上午 10時25分35秒 - Building install...
03/18/08 上午 10時25分35秒 - Wrapping install files...
03/18/08 上午 10時25分39秒 - Linux x86 build completed in 00m05s.
03/18/08 上午 10時25分39秒 - Installer size is 29.81 MB.
03/18/08 上午 10時25分39秒 - Build completed in 00m05s.
03/18/08 上午 10時31分14秒 - Building message catalogs...
03/18/08 上午 10時31分14秒 - Building Linux x86 install...  
03/18/08 上午 10時31分14秒 - Building main.tcl...
03/18/08 上午 10時31分14秒 - Refreshing file groups...
03/18/08 上午 10時31分14秒 - Getting file list...
03/18/08 上午 10時31分15秒 - File '/media/sda3/_work/ActiveMQ/apache-activemq-5.1-SNAPSHOT/conf/.openfoundry_mq.xml.swp' does not exist!
03/18/08 上午 10時31分15秒 - Linux x86 build completed with errors
03/18/08 上午 10時31分15秒 - Build completed in 00m01s.
03/18/08 上午 10時31分31秒 - Building message catalogs...
03/18/08 上午 10時31分31秒 - Building Linux x86 install...  
03/18/08 上午 10時31分31秒 - Building main.tcl...
03/18/08 上午 10時31分31秒 - Refreshing file groups...
03/18/08 上午 10時31分31秒 - Getting file list...
03/18/08 上午 10時31分31秒 - File '/media/sda3/_work/ActiveMQ/apache-activemq-5.1-SNAPSHOT/conf/.openfoundry_mq.xml.swp' does not exist!
03/18/08 上午 10時31分31秒 - Linux x86 build completed with errors
03/18/08 上午 10時31分31秒 - Build completed in 00m00s.
03/18/08 上午 10時33分14秒 - Building message catalogs...
03/18/08 上午 10時33分14秒 - Building Linux x86 install...  
03/18/08 上午 10時33分14秒 - Building main.tcl...
03/18/08 上午 10時33分14秒 - Refreshing file groups...
03/18/08 上午 10時33分14秒 - Getting file list...
03/18/08 上午 10時33分14秒 - Building file manifest...
03/18/08 上午 10時33分14秒 - Saving install information...
03/18/08 上午 10時33分15秒 - Building install...
03/18/08 上午 10時33分15秒 - Wrapping install files...
03/18/08 上午 10時33分19秒 - Linux x86 build completed in 00m05s.
03/18/08 上午 10時33分19秒 - Installer size is 29.81 MB.
03/18/08 上午 10時33分19秒 - Build completed in 00m05s.
03/18/08 上午 10時40分22秒 - Building message catalogs...
03/18/08 上午 10時40分22秒 - Building Linux x86 install...  
03/18/08 上午 10時40分22秒 - Building main.tcl...
03/18/08 上午 10時40分22秒 - Refreshing file groups...
03/18/08 上午 10時40分22秒 - Getting file list...
03/18/08 上午 10時40分22秒 - Building file manifest...
03/18/08 上午 10時40分22秒 - Saving install information...
03/18/08 上午 10時40分23秒 - Building install...
03/18/08 上午 10時40分23秒 - Wrapping install files...
03/18/08 上午 10時40分28秒 - Linux x86 build completed in 00m06s.
03/18/08 上午 10時40分28秒 - Installer size is 29.81 MB.
03/18/08 上午 10時40分28秒 - Build completed in 00m07s.
03/18/08 上午 10時56分13秒 - Building message catalogs...
03/18/08 上午 10時56分13秒 - Building Linux x86 install...  
03/18/08 上午 10時56分13秒 - Building main.tcl...
03/18/08 上午 10時56分13秒 - Refreshing file groups...
03/18/08 上午 10時56分13秒 - Getting file list...
03/18/08 上午 10時56分13秒 - Building file manifest...
03/18/08 上午 10時56分13秒 - Saving install information...
03/18/08 上午 10時56分14秒 - Building install...
03/18/08 上午 10時56分14秒 - Wrapping install files...
03/18/08 上午 10時56分18秒 - Linux x86 build completed in 00m05s.
03/18/08 上午 10時56分18秒 - Installer size is 29.80 MB.
03/18/08 上午 10時56分18秒 - Build completed in 00m05s.
03/18/08 上午 10時58分56秒 - Building message catalogs...
03/18/08 上午 10時58分56秒 - Building Linux x86 install...  
03/18/08 上午 10時58分56秒 - Building main.tcl...
03/18/08 上午 10時58分56秒 - Refreshing file groups...
03/18/08 上午 10時58分57秒 - Getting file list...
03/18/08 上午 10時58分57秒 - Building file manifest...
03/18/08 上午 10時58分57秒 - Saving install information...
03/18/08 上午 10時58分58秒 - Building install...
03/18/08 上午 10時58分58秒 - Wrapping install files...
03/18/08 上午 10時59分02秒 - Linux x86 build completed in 00m06s.
03/18/08 上午 10時59分02秒 - Installer size is 29.80 MB.
03/18/08 上午 10時59分02秒 - Build completed in 00m06s.
03/18/08 下午 01時55分36秒 - Building message catalogs...
03/18/08 下午 01時55分36秒 - Building FreeBSD x86 install...  
03/18/08 下午 01時55分36秒 - Building main.tcl...
03/18/08 下午 01時55分36秒 - Refreshing file groups...
03/18/08 下午 01時55分36秒 - Getting file list...
03/18/08 下午 01時55分36秒 - Building file manifest...
03/18/08 下午 01時55分36秒 - Saving install information...
03/18/08 下午 01時55分37秒 - Building install...
03/18/08 下午 01時55分37秒 - Wrapping install files...
03/18/08 下午 01時55分43秒 - FreeBSD x86 build completed in 00m07s.
03/18/08 下午 01時55分43秒 - Installer size is 30.15 MB.
03/18/08 下午 01時55分43秒 - Building Linux x86 install...  
03/18/08 下午 01時55分43秒 - Building main.tcl...
03/18/08 下午 01時55分43秒 - Refreshing file groups...
03/18/08 下午 01時55分43秒 - Getting file list...
03/18/08 下午 01時55分44秒 - Building file manifest...
03/18/08 下午 01時55分45秒 - Saving install information...
03/18/08 下午 01時55分46秒 - Building install...
03/18/08 下午 01時55分46秒 - Wrapping install files...
03/18/08 下午 01時55分50秒 - Linux x86 build completed in 00m07s.
03/18/08 下午 01時55分50秒 - Installer size is 29.81 MB.
03/18/08 下午 01時55分50秒 - Building Windows install...  
03/18/08 下午 01時55分50秒 - Building main.tcl...
03/18/08 下午 01時55分50秒 - Refreshing file groups...
03/18/08 下午 01時55分50秒 - Getting file list...
03/18/08 下午 01時55分51秒 - Building file manifest...
03/18/08 下午 01時55分51秒 - Saving install information...
03/18/08 下午 01時55分51秒 - Building install...
03/18/08 下午 01時55分52秒 - Wrapping install files...
03/18/08 下午 01時55分56秒 - Windows build completed in 00m06s.
03/18/08 下午 01時55分56秒 - Installer size is 29.69 MB.
03/18/08 下午 01時55分56秒 - Build completed in 00m20s.
03/18/08 下午 02時03分20秒 - Building message catalogs...
03/18/08 下午 02時03分20秒 - Building FreeBSD x86 install...  
03/18/08 下午 02時03分20秒 - Building main.tcl...
03/18/08 下午 02時03分20秒 - Refreshing file groups...
03/18/08 下午 02時03分20秒 - Getting file list...
03/18/08 下午 02時03分21秒 - Building file manifest...
03/18/08 下午 02時03分21秒 - Saving install information...
03/18/08 下午 02時03分21秒 - Building install...
03/18/08 下午 02時03分22秒 - Wrapping install files...
03/18/08 下午 02時03分26秒 - FreeBSD x86 build completed in 00m06s.
03/18/08 下午 02時03分26秒 - Installer size is 30.15 MB.
03/18/08 下午 02時03分26秒 - Building Linux x86 install...  
03/18/08 下午 02時03分26秒 - Building main.tcl...
03/18/08 下午 02時03分26秒 - Refreshing file groups...
03/18/08 下午 02時03分26秒 - Getting file list...
03/18/08 下午 02時03分26秒 - Building file manifest...
03/18/08 下午 02時03分26秒 - Saving install information...
03/18/08 下午 02時03分27秒 - Building install...
03/18/08 下午 02時03分27秒 - Wrapping install files...
03/18/08 下午 02時03分31秒 - Linux x86 build completed in 00m05s.
03/18/08 下午 02時03分31秒 - Installer size is 29.81 MB.
03/18/08 下午 02時03分31秒 - Building Windows install...  
03/18/08 下午 02時03分31秒 - Building main.tcl...
03/18/08 下午 02時03分31秒 - Refreshing file groups...
03/18/08 下午 02時03分31秒 - Getting file list...
03/18/08 下午 02時03分31秒 - Building file manifest...
03/18/08 下午 02時03分32秒 - Saving install information...
03/18/08 下午 02時03分32秒 - Building install...
03/18/08 下午 02時03分32秒 - Wrapping install files...
03/18/08 下午 02時03分37秒 - Windows build completed in 00m06s.
03/18/08 下午 02時03分37秒 - Installer size is 29.69 MB.
03/18/08 下午 02時03分37秒 - Build completed in 00m17s.
03/18/08 下午 02時22分21秒 - Building message catalogs...
03/18/08 下午 02時22分21秒 - Building FreeBSD x86 install...  
03/18/08 下午 02時22分21秒 - Building main.tcl...
03/18/08 下午 02時22分21秒 - Refreshing file groups...
03/18/08 下午 02時22分21秒 - Getting file list...
03/18/08 下午 02時22分22秒 - Building file manifest...
03/18/08 下午 02時22分22秒 - Saving install information...
03/18/08 下午 02時22分23秒 - Building install...
03/18/08 下午 02時22分23秒 - Wrapping install files...
03/18/08 下午 02時22分27秒 - FreeBSD x86 build completed in 00m06s.
03/18/08 下午 02時22分27秒 - Installer size is 30.15 MB.
03/18/08 下午 02時22分27秒 - Building Linux x86 install...  
03/18/08 下午 02時22分27秒 - Building main.tcl...
03/18/08 下午 02時22分27秒 - Refreshing file groups...
03/18/08 下午 02時22分28秒 - Getting file list...
03/18/08 下午 02時22分28秒 - Building file manifest...
03/18/08 下午 02時22分28秒 - Saving install information...
03/18/08 下午 02時22分29秒 - Building install...
03/18/08 下午 02時22分29秒 - Wrapping install files...
03/18/08 下午 02時22分33秒 - Linux x86 build completed in 00m06s.
03/18/08 下午 02時22分33秒 - Installer size is 29.81 MB.
03/18/08 下午 02時22分33秒 - Building Windows install...  
03/18/08 下午 02時22分33秒 - Building main.tcl...
03/18/08 下午 02時22分33秒 - Refreshing file groups...
03/18/08 下午 02時22分33秒 - Getting file list...
03/18/08 下午 02時22分34秒 - Building file manifest...
03/18/08 下午 02時22分34秒 - Saving install information...
03/18/08 下午 02時22分34秒 - Building install...
03/18/08 下午 02時22分35秒 - Wrapping install files...
03/18/08 下午 02時22分39秒 - Windows build completed in 00m06s.
03/18/08 下午 02時22分39秒 - Installer size is 29.70 MB.
03/18/08 下午 02時22分39秒 - Build completed in 00m18s.
03/18/08 下午 02時27分20秒 - Building message catalogs...
03/18/08 下午 02時27分20秒 - Building FreeBSD x86 install...  
03/18/08 下午 02時27分20秒 - Building main.tcl...
03/18/08 下午 02時27分20秒 - Refreshing file groups...
03/18/08 下午 02時27分20秒 - Getting file list...
03/18/08 下午 02時27分20秒 - Building file manifest...
03/18/08 下午 02時27分21秒 - Saving install information...
03/18/08 下午 02時27分21秒 - Building install...
03/18/08 下午 02時27分21秒 - Wrapping install files...
03/18/08 下午 02時27分27秒 - FreeBSD x86 build completed in 00m07s.
03/18/08 下午 02時27分27秒 - Installer size is 30.15 MB.
03/18/08 下午 02時27分27秒 - Building Linux x86 install...  
03/18/08 下午 02時27分27秒 - Building main.tcl...
03/18/08 下午 02時27分27秒 - Refreshing file groups...
03/18/08 下午 02時27分27秒 - Getting file list...
03/18/08 下午 02時27分27秒 - Building file manifest...
03/18/08 下午 02時27分27秒 - Saving install information...
03/18/08 下午 02時27分28秒 - Building install...
03/18/08 下午 02時27分28秒 - Wrapping install files...
03/18/08 下午 02時27分32秒 - Linux x86 build completed in 00m05s.
03/18/08 下午 02時27分32秒 - Installer size is 29.81 MB.
03/18/08 下午 02時27分32秒 - Building Windows install...  
03/18/08 下午 02時27分32秒 - Building main.tcl...
03/18/08 下午 02時27分32秒 - Refreshing file groups...
03/18/08 下午 02時27分32秒 - Getting file list...
03/18/08 下午 02時27分32秒 - Building file manifest...
03/18/08 下午 02時27分32秒 - Saving install information...
03/18/08 下午 02時27分33秒 - Building install...
03/18/08 下午 02時27分33秒 - Wrapping install files...
03/18/08 下午 02時27分38秒 - Windows build completed in 00m06s.
03/18/08 下午 02時27分38秒 - Installer size is 29.70 MB.
03/18/08 下午 02時27分38秒 - Build completed in 00m18s.
03/18/08 下午 03時03分01秒 - Building message catalogs...
03/18/08 下午 03時03分01秒 - Building FreeBSD x86 install...  
03/18/08 下午 03時03分01秒 - Building main.tcl...
03/18/08 下午 03時03分01秒 - Refreshing file groups...
03/18/08 下午 03時03分01秒 - Getting file list...
03/18/08 下午 03時03分01秒 - Building file manifest...
03/18/08 下午 03時03分01秒 - Saving install information...
03/18/08 下午 03時03分02秒 - Building install...
03/18/08 下午 03時03分02秒 - Wrapping install files...
03/18/08 下午 03時03分06秒 - FreeBSD x86 build completed in 00m05s.
03/18/08 下午 03時03分06秒 - Installer size is 30.15 MB.
03/18/08 下午 03時03分06秒 - Building Linux x86 install...  
03/18/08 下午 03時03分06秒 - Building main.tcl...
03/18/08 下午 03時03分06秒 - Refreshing file groups...
03/18/08 下午 03時03分06秒 - Getting file list...
03/18/08 下午 03時03分06秒 - Building file manifest...
03/18/08 下午 03時03分06秒 - Saving install information...
03/18/08 下午 03時03分07秒 - Building install...
03/18/08 下午 03時03分07秒 - Wrapping install files...
03/18/08 下午 03時03分11秒 - Linux x86 build completed in 00m05s.
03/18/08 下午 03時03分11秒 - Installer size is 29.81 MB.
03/18/08 下午 03時03分11秒 - Building Windows install...  
03/18/08 下午 03時03分11秒 - Building main.tcl...
03/18/08 下午 03時03分11秒 - Refreshing file groups...
03/18/08 下午 03時03分11秒 - Getting file list...
03/18/08 下午 03時03分12秒 - Building file manifest...
03/18/08 下午 03時03分12秒 - Saving install information...
03/18/08 下午 03時03分13秒 - Building install...
03/18/08 下午 03時03分13秒 - Wrapping install files...
03/18/08 下午 03時03分17秒 - Windows build completed in 00m06s.
03/18/08 下午 03時03分17秒 - Installer size is 29.70 MB.
03/18/08 下午 03時03分17秒 - Build completed in 00m17s.
03/18/08 下午 03時33分26秒 - Building message catalogs...
03/18/08 下午 03時33分26秒 - Building FreeBSD x86 install...  
03/18/08 下午 03時33分26秒 - Building main.tcl...
03/18/08 下午 03時33分26秒 - Refreshing file groups...
03/18/08 下午 03時33分26秒 - Getting file list...
03/18/08 下午 03時33分26秒 - Building file manifest...
03/18/08 下午 03時33分27秒 - Saving install information...
03/18/08 下午 03時33分27秒 - Building install...
03/18/08 下午 03時33分27秒 - Wrapping install files...
03/18/08 下午 03時33分32秒 - FreeBSD x86 build completed in 00m06s.
03/18/08 下午 03時33分32秒 - Installer size is 30.15 MB.
03/18/08 下午 03時33分32秒 - Building Linux x86 install...  
03/18/08 下午 03時33分32秒 - Building main.tcl...
03/18/08 下午 03時33分32秒 - Refreshing file groups...
03/18/08 下午 03時33分32秒 - Getting file list...
03/18/08 下午 03時33分32秒 - Building file manifest...
03/18/08 下午 03時33分32秒 - Saving install information...
03/18/08 下午 03時33分33秒 - Building install...
03/18/08 下午 03時33分33秒 - Wrapping install files...
03/18/08 下午 03時33分37秒 - Linux x86 build completed in 00m05s.
03/18/08 下午 03時33分37秒 - Installer size is 29.81 MB.
03/18/08 下午 03時33分37秒 - Building Windows install...  
03/18/08 下午 03時33分37秒 - Building main.tcl...
03/18/08 下午 03時33分37秒 - Refreshing file groups...
03/18/08 下午 03時33分37秒 - Getting file list...
03/18/08 下午 03時33分37秒 - Building file manifest...
03/18/08 下午 03時33分37秒 - Saving install information...
03/18/08 下午 03時33分38秒 - Building install...
03/18/08 下午 03時33分39秒 - Wrapping install files...
03/18/08 下午 03時33分43秒 - Windows build completed in 00m06s.
03/18/08 下午 03時33分43秒 - Installer size is 29.70 MB.
03/18/08 下午 03時33分43秒 - Build completed in 00m17s.
03/18/08 下午 03時37分54秒 - Building message catalogs...
03/18/08 下午 03時37分54秒 - Building Linux x86 install...  
03/18/08 下午 03時37分54秒 - Rebuilding without repackaging files...
03/18/08 下午 03時37分54秒 - Building main.tcl...
03/18/08 下午 03時37分54秒 - Saving install information...
03/18/08 下午 03時37分55秒 - Building install...
03/18/08 下午 03時37分55秒 - Linux x86 build completed in 00m01s.
03/18/08 下午 03時37分55秒 - Installer size is 29.96 MB.
03/18/08 下午 03時37分55秒 - Build completed in 00m01s.
03/18/08 下午 03時44分01秒 - Building message catalogs...
03/18/08 下午 03時44分01秒 - Building FreeBSD x86 install...  
03/18/08 下午 03時44分01秒 - Rebuilding without repackaging files...
03/18/08 下午 03時44分01秒 - Building main.tcl...
03/18/08 下午 03時44分01秒 - Saving install information...
03/18/08 下午 03時44分01秒 - Building install...
03/18/08 下午 03時44分02秒 - FreeBSD x86 build completed in 00m01s.
03/18/08 下午 03時44分02秒 - Installer size is 30.30 MB.
03/18/08 下午 03時44分02秒 - Building Linux x86 install...  
03/18/08 下午 03時44分02秒 - Rebuilding without repackaging files...
03/18/08 下午 03時44分02秒 - Building main.tcl...
03/18/08 下午 03時44分02秒 - Saving install information...
03/18/08 下午 03時44分02秒 - Building install...
03/18/08 下午 03時44分03秒 - Linux x86 build completed in 00m01s.
03/18/08 下午 03時44分03秒 - Installer size is 30.11 MB.
03/18/08 下午 03時44分03秒 - Building Windows install...  
03/18/08 下午 03時44分03秒 - Rebuilding without repackaging files...
03/18/08 下午 03時44分03秒 - Building main.tcl...
03/18/08 下午 03時44分03秒 - Saving install information...
03/18/08 下午 03時44分04秒 - Building install...
03/18/08 下午 03時44分04秒 - Windows build completed in 00m01s.
03/18/08 下午 03時44分04秒 - Installer size is 29.85 MB.
03/18/08 下午 03時44分04秒 - Build completed in 00m04s.
03/18/08 下午 03時46分58秒 - Building message catalogs...
03/18/08 下午 03時46分58秒 - Building FreeBSD x86 install...  
03/18/08 下午 03時46分58秒 - Building main.tcl...
03/18/08 下午 03時46分58秒 - Refreshing file groups...
03/18/08 下午 03時46分58秒 - Getting file list...
03/18/08 下午 03時46分59秒 - Building file manifest...
03/18/08 下午 03時46分59秒 - Saving install information...
03/18/08 下午 03時46分59秒 - Building install...
03/18/08 下午 03時46分59秒 - Wrapping install files...
03/18/08 下午 03時47分03秒 - FreeBSD x86 build completed in 00m05s.
03/18/08 下午 03時47分03秒 - Installer size is 30.15 MB.
03/18/08 下午 03時47分03秒 - Building Linux x86 install...  
03/18/08 下午 03時47分03秒 - Building main.tcl...
03/18/08 下午 03時47分03秒 - Refreshing file groups...
03/18/08 下午 03時47分03秒 - Getting file list...
03/18/08 下午 03時47分04秒 - Building file manifest...
03/18/08 下午 03時47分04秒 - Saving install information...
03/18/08 下午 03時47分05秒 - Building install...
03/18/08 下午 03時47分05秒 - Wrapping install files...
03/18/08 下午 03時47分09秒 - Linux x86 build completed in 00m06s.
03/18/08 下午 03時47分09秒 - Installer size is 29.81 MB.
03/18/08 下午 03時47分09秒 - Building Windows install...  
03/18/08 下午 03時47分09秒 - Building main.tcl...
03/18/08 下午 03時47分09秒 - Refreshing file groups...
03/18/08 下午 03時47分09秒 - Getting file list...
03/18/08 下午 03時47分09秒 - Building file manifest...
03/18/08 下午 03時47分09秒 - Saving install information...
03/18/08 下午 03時47分10秒 - Building install...
03/18/08 下午 03時47分10秒 - Wrapping install files...
03/18/08 下午 03時47分14秒 - Windows build completed in 00m05s.
03/18/08 下午 03時47分14秒 - Installer size is 29.70 MB.
03/18/08 下午 03時47分14秒 - Build completed in 00m16s.
03/18/08 下午 03時49分13秒 - Building message catalogs...
03/18/08 下午 03時49分13秒 - Building FreeBSD x86 install...  
03/18/08 下午 03時49分13秒 - Building main.tcl...
03/18/08 下午 03時49分13秒 - Refreshing file groups...
03/18/08 下午 03時49分13秒 - Getting file list...
03/18/08 下午 03時49分13秒 - Building file manifest...
03/18/08 下午 03時49分13秒 - Saving install information...
03/18/08 下午 03時49分14秒 - Building install...
03/18/08 下午 03時49分14秒 - Wrapping install files...
03/18/08 下午 03時49分18秒 - FreeBSD x86 build completed in 00m05s.
03/18/08 下午 03時49分18秒 - Installer size is 30.15 MB.
03/18/08 下午 03時49分18秒 - Building Linux x86 install...  
03/18/08 下午 03時49分18秒 - Building main.tcl...
03/18/08 下午 03時49分18秒 - Refreshing file groups...
03/18/08 下午 03時49分18秒 - Getting file list...
03/18/08 下午 03時49分18秒 - Building file manifest...
03/18/08 下午 03時49分18秒 - Saving install information...
03/18/08 下午 03時49分19秒 - Building install...
03/18/08 下午 03時49分19秒 - Wrapping install files...
03/18/08 下午 03時49分23秒 - Linux x86 build completed in 00m05s.
03/18/08 下午 03時49分23秒 - Installer size is 29.81 MB.
03/18/08 下午 03時49分23秒 - Building Windows install...  
03/18/08 下午 03時49分23秒 - Building main.tcl...
03/18/08 下午 03時49分23秒 - Refreshing file groups...
03/18/08 下午 03時49分23秒 - Getting file list...
03/18/08 下午 03時49分24秒 - Building file manifest...
03/18/08 下午 03時49分24秒 - Saving install information...
03/18/08 下午 03時49分25秒 - Building install...
03/18/08 下午 03時49分25秒 - Wrapping install files...
03/18/08 下午 03時49分29秒 - Windows build completed in 00m06s.
03/18/08 下午 03時49分29秒 - Installer size is 29.70 MB.
03/18/08 下午 03時49分29秒 - Build completed in 00m16s.
03/18/08 下午 03時55分34秒 - Building message catalogs...
03/18/08 下午 03時55分34秒 - Building FreeBSD x86 install...  
03/18/08 下午 03時55分34秒 - Building main.tcl...
03/18/08 下午 03時55分34秒 - Refreshing file groups...
03/18/08 下午 03時55分34秒 - Getting file list...
03/18/08 下午 03時55分35秒 - Building file manifest...
03/18/08 下午 03時55分35秒 - Saving install information...
03/18/08 下午 03時55分36秒 - Building install...
03/18/08 下午 03時55分36秒 - Wrapping install files...
03/18/08 下午 03時55分40秒 - FreeBSD x86 build completed in 00m06s.
03/18/08 下午 03時55分40秒 - Installer size is 30.15 MB.
03/18/08 下午 03時55分40秒 - Building Linux x86 install...  
03/18/08 下午 03時55分40秒 - Building main.tcl...
03/18/08 下午 03時55分40秒 - Refreshing file groups...
03/18/08 下午 03時55分40秒 - Getting file list...
03/18/08 下午 03時55分40秒 - Building file manifest...
03/18/08 下午 03時55分41秒 - Saving install information...
03/18/08 下午 03時55分41秒 - Building install...
03/18/08 下午 03時55分41秒 - Wrapping install files...
03/18/08 下午 03時55分45秒 - Linux x86 build completed in 00m05s.
03/18/08 下午 03時55分45秒 - Installer size is 29.81 MB.
03/18/08 下午 03時55分45秒 - Building Windows install...  
03/18/08 下午 03時55分45秒 - Building main.tcl...
03/18/08 下午 03時55分45秒 - Refreshing file groups...
03/18/08 下午 03時55分45秒 - Getting file list...
03/18/08 下午 03時55分46秒 - Building file manifest...
03/18/08 下午 03時55分46秒 - Saving install information...
03/18/08 下午 03時55分47秒 - Building install...
03/18/08 下午 03時55分47秒 - Wrapping install files...
03/18/08 下午 03時55分51秒 - Windows build completed in 00m06s.
03/18/08 下午 03時55分51秒 - Installer size is 29.70 MB.
03/18/08 下午 03時55分51秒 - Build completed in 00m17s.
03/19/08 上午 09時44分15秒 - Building message catalogs...
03/19/08 上午 09時44分15秒 - Building FreeBSD x86 install...  
03/19/08 上午 09時44分15秒 - Building main.tcl...
03/19/08 上午 09時44分15秒 - Refreshing file groups...
03/19/08 上午 09時44分15秒 - Getting file list...
03/19/08 上午 09時44分16秒 - Building file manifest...
03/19/08 上午 09時44分16秒 - Saving install information...
03/19/08 上午 09時44分17秒 - Building install...
03/19/08 上午 09時44分17秒 - Wrapping install files...
03/19/08 上午 09時44分21秒 - FreeBSD x86 build completed in 00m06s.
03/19/08 上午 09時44分21秒 - Installer size is 30.15 MB.
03/19/08 上午 09時44分21秒 - Building Linux x86 install...  
03/19/08 上午 09時44分21秒 - Building main.tcl...
03/19/08 上午 09時44分21秒 - Refreshing file groups...
03/19/08 上午 09時44分21秒 - Getting file list...
03/19/08 上午 09時44分21秒 - Building file manifest...
03/19/08 上午 09時44分21秒 - Saving install information...
03/19/08 上午 09時44分22秒 - Building install...
03/19/08 上午 09時44分22秒 - Wrapping install files...
03/19/08 上午 09時44分26秒 - Linux x86 build completed in 00m05s.
03/19/08 上午 09時44分26秒 - Installer size is 29.81 MB.
03/19/08 上午 09時44分26秒 - Building Windows install...  
03/19/08 上午 09時44分26秒 - Building main.tcl...
03/19/08 上午 09時44分26秒 - Refreshing file groups...
03/19/08 上午 09時44分26秒 - Getting file list...
03/19/08 上午 09時44分27秒 - Building file manifest...
03/19/08 上午 09時44分27秒 - Saving install information...
03/19/08 上午 09時44分28秒 - Building install...
03/19/08 上午 09時44分28秒 - Wrapping install files...
03/19/08 上午 09時44分32秒 - Windows build completed in 00m06s.
03/19/08 上午 09時44分32秒 - Installer size is 29.70 MB.
03/19/08 上午 09時44分32秒 - Build completed in 00m17s.
03/19/08 上午 09時57分50秒 - Building message catalogs...
03/19/08 上午 09時57分50秒 - Building FreeBSD x86 install...  
03/19/08 上午 09時57分50秒 - Building main.tcl...
03/19/08 上午 09時57分50秒 - Refreshing file groups...
03/19/08 上午 09時57分50秒 - Getting file list...
03/19/08 上午 09時57分51秒 - Building file manifest...
03/19/08 上午 09時57分51秒 - Saving install information...
03/19/08 上午 09時57分52秒 - Building install...
03/19/08 上午 09時57分52秒 - Wrapping install files...
03/19/08 上午 09時57分56秒 - FreeBSD x86 build completed in 00m06s.
03/19/08 上午 09時57分56秒 - Installer size is 30.15 MB.
03/19/08 上午 09時57分56秒 - Build completed in 00m06s.
03/19/08 上午 10時09分13秒 - Building message catalogs...
03/19/08 上午 10時09分13秒 - Building FreeBSD x86 install...  
03/19/08 上午 10時09分13秒 - Building main.tcl...
03/19/08 上午 10時09分13秒 - Refreshing file groups...
03/19/08 上午 10時09分13秒 - Getting file list...
03/19/08 上午 10時09分13秒 - Building file manifest...
03/19/08 上午 10時09分13秒 - Saving install information...
03/19/08 上午 10時09分14秒 - Building install...
03/19/08 上午 10時09分14秒 - Wrapping install files...
03/19/08 上午 10時09分18秒 - FreeBSD x86 build completed in 00m05s.
03/19/08 上午 10時09分18秒 - Installer size is 30.15 MB.
03/19/08 上午 10時09分18秒 - Build completed in 00m05s.
03/19/08 上午 10時16分34秒 - Building message catalogs...
03/19/08 上午 10時16分34秒 - Building FreeBSD x86 install...  
03/19/08 上午 10時16分34秒 - Building main.tcl...
03/19/08 上午 10時16分34秒 - Refreshing file groups...
03/19/08 上午 10時16分34秒 - Getting file list...
03/19/08 上午 10時16分34秒 - Building file manifest...
03/19/08 上午 10時16分34秒 - Saving install information...
03/19/08 上午 10時16分35秒 - Building install...
03/19/08 上午 10時16分35秒 - Wrapping install files...
03/19/08 上午 10時16分39秒 - FreeBSD x86 build completed in 00m05s.
03/19/08 上午 10時16分39秒 - Installer size is 30.15 MB.
03/19/08 上午 10時16分39秒 - Build completed in 00m05s.
03/19/08 上午 10時29分00秒 - Building message catalogs...
03/19/08 上午 10時29分00秒 - Building FreeBSD x86 install...  
03/19/08 上午 10時29分00秒 - Building main.tcl...
03/19/08 上午 10時29分00秒 - Refreshing file groups...
03/19/08 上午 10時29分00秒 - Getting file list...
03/19/08 上午 10時29分00秒 - Building file manifest...
03/19/08 上午 10時29分00秒 - Saving install information...
03/19/08 上午 10時29分01秒 - Building install...
03/19/08 上午 10時29分01秒 - Wrapping install files...
03/19/08 上午 10時29分05秒 - FreeBSD x86 build completed in 00m05s.
03/19/08 上午 10時29分05秒 - Installer size is 30.15 MB.
03/19/08 上午 10時29分05秒 - Build completed in 00m05s.
03/19/08 上午 10時57分40秒 - Building message catalogs...
03/19/08 上午 10時57分40秒 - Building FreeBSD x86 install...  
03/19/08 上午 10時57分40秒 - Building main.tcl...
03/19/08 上午 10時57分40秒 - Refreshing file groups...
03/19/08 上午 10時57分40秒 - Getting file list...
03/19/08 上午 10時57分41秒 - Building file manifest...
03/19/08 上午 10時57分41秒 - Saving install information...
03/19/08 上午 10時57分42秒 - Building install...
03/19/08 上午 10時57分42秒 - Wrapping install files...
03/19/08 上午 10時57分46秒 - FreeBSD x86 build completed in 00m06s.
03/19/08 上午 10時57分46秒 - Installer size is 30.15 MB.
03/19/08 上午 10時57分46秒 - Build completed in 00m06s.
03/19/08 上午 11時19分08秒 - Building message catalogs...
03/19/08 上午 11時19分08秒 - Building FreeBSD x86 install...  
03/19/08 上午 11時19分08秒 - Building main.tcl...
03/19/08 上午 11時19分08秒 - Refreshing file groups...
03/19/08 上午 11時19分08秒 - Getting file list...
03/19/08 上午 11時19分09秒 - Building file manifest...
03/19/08 上午 11時19分09秒 - Saving install information...
03/19/08 上午 11時19分09秒 - Building install...
03/19/08 上午 11時19分10秒 - Wrapping install files...
03/19/08 上午 11時19分13秒 - FreeBSD x86 build completed in 00m05s.
03/19/08 上午 11時19分13秒 - Installer size is 30.15 MB.
03/19/08 上午 11時19分13秒 - Build completed in 00m05s.
03/19/08 上午 11時24分40秒 - Building message catalogs...
03/19/08 上午 11時24分40秒 - Building FreeBSD x86 install...  
03/19/08 上午 11時24分40秒 - Building main.tcl...
03/19/08 上午 11時24分40秒 - Refreshing file groups...
03/19/08 上午 11時24分40秒 - Getting file list...
03/19/08 上午 11時24分40秒 - Building file manifest...
03/19/08 上午 11時24分40秒 - Saving install information...
03/19/08 上午 11時24分41秒 - Building install...
03/19/08 上午 11時24分41秒 - Wrapping install files...
03/19/08 上午 11時24分45秒 - FreeBSD x86 build completed in 00m05s.
03/19/08 上午 11時24分45秒 - Installer size is 30.15 MB.
03/19/08 上午 11時24分45秒 - Build completed in 00m05s.
03/19/08 上午 11時29分58秒 - Building message catalogs...
03/19/08 上午 11時29分59秒 - Building FreeBSD x86 install...  
03/19/08 上午 11時29分59秒 - Building main.tcl...
03/19/08 上午 11時29分59秒 - Refreshing file groups...
03/19/08 上午 11時29分59秒 - Getting file list...
03/19/08 上午 11時29分59秒 - Building file manifest...
03/19/08 上午 11時29分59秒 - Saving install information...
03/19/08 上午 11時30分00秒 - Building install...
03/19/08 上午 11時30分00秒 - Wrapping install files...
03/19/08 上午 11時30分04秒 - FreeBSD x86 build completed in 00m05s.
03/19/08 上午 11時30分04秒 - Installer size is 30.15 MB.
03/19/08 上午 11時30分04秒 - Build completed in 00m06s.
03/19/08 上午 11時32分31秒 - Building message catalogs...
03/19/08 上午 11時32分31秒 - Building FreeBSD x86 install...  
03/19/08 上午 11時32分31秒 - Building main.tcl...
03/19/08 上午 11時32分31秒 - Refreshing file groups...
03/19/08 上午 11時32分31秒 - Getting file list...
03/19/08 上午 11時32分31秒 - Building file manifest...
03/19/08 上午 11時32分32秒 - Saving install information...
03/19/08 上午 11時32分32秒 - Building install...
03/19/08 上午 11時32分32秒 - Wrapping install files...
03/19/08 上午 11時32分36秒 - FreeBSD x86 build completed in 00m05s.
03/19/08 上午 11時32分36秒 - Installer size is 30.15 MB.
03/19/08 上午 11時32分36秒 - Build completed in 00m05s.
03/19/08 上午 11時44分55秒 - Building message catalogs...
03/19/08 上午 11時44分55秒 - Building FreeBSD x86 install...  
03/19/08 上午 11時44分55秒 - Building main.tcl...
03/19/08 上午 11時44分55秒 - Refreshing file groups...
03/19/08 上午 11時44分55秒 - Getting file list...
03/19/08 上午 11時44分55秒 - Building file manifest...
03/19/08 上午 11時44分55秒 - Saving install information...
03/19/08 上午 11時44分56秒 - Building install...
03/19/08 上午 11時44分56秒 - Wrapping install files...
03/19/08 上午 11時45分00秒 - FreeBSD x86 build completed in 00m05s.
03/19/08 上午 11時45分00秒 - Installer size is 30.15 MB.
03/19/08 上午 11時45分00秒 - Build completed in 00m05s.
03/19/08 上午 11時50分14秒 - Building message catalogs...
03/19/08 上午 11時50分15秒 - Building FreeBSD x86 install...  
03/19/08 上午 11時50分15秒 - Building main.tcl...
03/19/08 上午 11時50分15秒 - Refreshing file groups...
03/19/08 上午 11時50分15秒 - Getting file list...
03/19/08 上午 11時50分15秒 - Building file manifest...
03/19/08 上午 11時50分15秒 - Saving install information...
03/19/08 上午 11時50分16秒 - Building install...
03/19/08 上午 11時50分16秒 - Wrapping install files...
03/19/08 上午 11時50分20秒 - FreeBSD x86 build completed in 00m06s.
03/19/08 上午 11時50分20秒 - Installer size is 30.15 MB.
03/19/08 上午 11時50分20秒 - Build completed in 00m06s.
03/19/08 上午 11時53分24秒 - Building message catalogs...
03/19/08 上午 11時53分24秒 - Building FreeBSD x86 install...  
03/19/08 上午 11時53分24秒 - Building main.tcl...
03/19/08 上午 11時53分24秒 - Refreshing file groups...
03/19/08 上午 11時53分24秒 - Getting file list...
03/19/08 上午 11時53分24秒 - Building file manifest...
03/19/08 上午 11時53分24秒 - Saving install information...
03/19/08 上午 11時53分25秒 - Building install...
03/19/08 上午 11時53分25秒 - Wrapping install files...
03/19/08 上午 11時53分30秒 - FreeBSD x86 build completed in 00m06s.
03/19/08 上午 11時53分30秒 - Installer size is 30.15 MB.
03/19/08 上午 11時53分30秒 - Build completed in 00m06s.
03/19/08 上午 11時57分07秒 - Building message catalogs...
03/19/08 上午 11時57分07秒 - Building FreeBSD x86 install...  
03/19/08 上午 11時57分07秒 - Building main.tcl...
03/19/08 上午 11時57分07秒 - Refreshing file groups...
03/19/08 上午 11時57分07秒 - Getting file list...
03/19/08 上午 11時57分07秒 - Building file manifest...
03/19/08 上午 11時57分07秒 - Saving install information...
03/19/08 上午 11時57分08秒 - Building install...
03/19/08 上午 11時57分08秒 - Wrapping install files...
03/19/08 上午 11時57分12秒 - FreeBSD x86 build completed in 00m05s.
03/19/08 上午 11時57分12秒 - Installer size is 30.15 MB.
03/19/08 上午 11時57分12秒 - Build completed in 00m05s.
03/19/08 下午 12時00分35秒 - Building message catalogs...
03/19/08 下午 12時00分35秒 - Building FreeBSD x86 install...  
03/19/08 下午 12時00分35秒 - Rebuilding without repackaging files...
03/19/08 下午 12時00分35秒 - Building main.tcl...
03/19/08 下午 12時00分35秒 - Saving install information...
03/19/08 下午 12時00分36秒 - Building install...
03/19/08 下午 12時00分36秒 - FreeBSD x86 build completed in 00m01s.
03/19/08 下午 12時00分36秒 - Installer size is 30.31 MB.
03/19/08 下午 12時00分36秒 - Build completed in 00m01s.
03/19/08 下午 12時00分41秒 - Building message catalogs...
03/19/08 下午 12時00分41秒 - Building FreeBSD x86 install...  
03/19/08 下午 12時00分41秒 - Building main.tcl...
03/19/08 下午 12時00分41秒 - Refreshing file groups...
03/19/08 下午 12時00分41秒 - Getting file list...
03/19/08 下午 12時00分42秒 - Building file manifest...
03/19/08 下午 12時00分42秒 - Saving install information...
03/19/08 下午 12時00分43秒 - Building install...
03/19/08 下午 12時00分43秒 - Wrapping install files...
03/19/08 下午 12時00分47秒 - FreeBSD x86 build completed in 00m06s.
03/19/08 下午 12時00分47秒 - Installer size is 30.15 MB.
03/19/08 下午 12時00分47秒 - Build completed in 00m06s.
03/19/08 下午 12時03分03秒 - Building message catalogs...
03/19/08 下午 12時03分03秒 - Building FreeBSD x86 install...  
03/19/08 下午 12時03分03秒 - Building main.tcl...
03/19/08 下午 12時03分03秒 - Refreshing file groups...
03/19/08 下午 12時03分03秒 - Getting file list...
03/19/08 下午 12時03分04秒 - Building file manifest...
03/19/08 下午 12時03分04秒 - Saving install information...
03/19/08 下午 12時03分05秒 - Building install...
03/19/08 下午 12時03分05秒 - Wrapping install files...
03/19/08 下午 12時03分09秒 - FreeBSD x86 build completed in 00m06s.
03/19/08 下午 12時03分09秒 - Installer size is 30.15 MB.
03/19/08 下午 12時03分09秒 - Build completed in 00m06s.
03/19/08 下午 03時54分50秒 - Building message catalogs...
03/19/08 下午 03時54分50秒 - Building FreeBSD x86 install...  
03/19/08 下午 03時54分50秒 - Building main.tcl...
03/19/08 下午 03時54分50秒 - Refreshing file groups...
03/19/08 下午 03時54分50秒 - Getting file list...
03/19/08 下午 03時54分51秒 - Building file manifest...
03/19/08 下午 03時54分51秒 - Saving install information...
03/19/08 下午 03時54分52秒 - Building install...
03/19/08 下午 03時54分52秒 - Wrapping install files...
03/19/08 下午 03時54分56秒 - FreeBSD x86 build completed in 00m06s.
03/19/08 下午 03時54分56秒 - Installer size is 30.16 MB.
03/19/08 下午 03時54分56秒 - Build completed in 00m06s.
03/19/08 下午 04時08分51秒 - Building message catalogs...
03/19/08 下午 04時08分51秒 - Building FreeBSD x86 install...  
03/19/08 下午 04時08分51秒 - Building main.tcl...
03/19/08 下午 04時08分51秒 - Refreshing file groups...
03/19/08 下午 04時08分51秒 - Getting file list...
03/19/08 下午 04時08分51秒 - Building file manifest...
03/19/08 下午 04時08分51秒 - Saving install information...
03/19/08 下午 04時08分52秒 - Building install...
03/19/08 下午 04時08分52秒 - Wrapping install files...
03/19/08 下午 04時08分57秒 - FreeBSD x86 build completed in 00m06s.
03/19/08 下午 04時08分57秒 - Installer size is 30.16 MB.
03/19/08 下午 04時08分57秒 - Build completed in 00m06s.
03/19/08 下午 04時15分53秒 - Building message catalogs...
03/19/08 下午 04時15分53秒 - Building FreeBSD x86 install...  
03/19/08 下午 04時15分53秒 - Building main.tcl...
03/19/08 下午 04時15分53秒 - Refreshing file groups...
03/19/08 下午 04時15分53秒 - Getting file list...
03/19/08 下午 04時15分54秒 - Building file manifest...
03/19/08 下午 04時15分54秒 - Saving install information...
03/19/08 下午 04時15分55秒 - Building install...
03/19/08 下午 04時15分55秒 - Wrapping install files...
03/19/08 下午 04時15分59秒 - FreeBSD x86 build completed in 00m06s.
03/19/08 下午 04時15分59秒 - Installer size is 30.16 MB.
03/19/08 下午 04時15分59秒 - Build completed in 00m06s.
03/19/08 下午 04時17分08秒 - Building message catalogs...
03/19/08 下午 04時17分08秒 - Building FreeBSD x86 install...  
03/19/08 下午 04時17分08秒 - Building main.tcl...
03/19/08 下午 04時17分08秒 - Refreshing file groups...
03/19/08 下午 04時17分08秒 - Getting file list...
03/19/08 下午 04時17分08秒 - Building file manifest...
03/19/08 下午 04時17分08秒 - Saving install information...
03/19/08 下午 04時17分09秒 - Building install...
03/19/08 下午 04時17分09秒 - Wrapping install files...
03/19/08 下午 04時17分13秒 - FreeBSD x86 build completed in 00m05s.
03/19/08 下午 04時17分13秒 - Installer size is 30.16 MB.
03/19/08 下午 04時17分13秒 - Build completed in 00m05s.
03/19/08 下午 04時23分57秒 - Building message catalogs...
03/19/08 下午 04時23分57秒 - Building FreeBSD x86 install...  
03/19/08 下午 04時23分57秒 - Building main.tcl...
03/19/08 下午 04時23分57秒 - Refreshing file groups...
03/19/08 下午 04時23分58秒 - Getting file list...
03/19/08 下午 04時23分58秒 - Building file manifest...
03/19/08 下午 04時23分58秒 - Saving install information...
03/19/08 下午 04時23分59秒 - Building install...
03/19/08 下午 04時23分59秒 - Wrapping install files...
03/19/08 下午 04時24分03秒 - FreeBSD x86 build completed in 00m06s.
03/19/08 下午 04時24分03秒 - Installer size is 30.16 MB.
03/19/08 下午 04時24分03秒 - Build completed in 00m06s.
03/19/08 下午 04時32分33秒 - Building message catalogs...
03/19/08 下午 04時32分33秒 - Building FreeBSD x86 install...  
03/19/08 下午 04時32分33秒 - Building main.tcl...
03/19/08 下午 04時32分33秒 - Refreshing file groups...
03/19/08 下午 04時32分33秒 - Getting file list...
03/19/08 下午 04時32分33秒 - Building file manifest...
03/19/08 下午 04時32分33秒 - Saving install information...
03/19/08 下午 04時32分34秒 - Building install...
03/19/08 下午 04時32分34秒 - Wrapping install files...
03/19/08 下午 04時32分38秒 - FreeBSD x86 build completed in 00m05s.
03/19/08 下午 04時32分38秒 - Installer size is 30.16 MB.
03/19/08 下午 04時32分38秒 - Build completed in 00m05s.
03/19/08 下午 04時45分08秒 - Building message catalogs...
03/19/08 下午 04時45分08秒 - Building FreeBSD x86 install...  
03/19/08 下午 04時45分08秒 - Building main.tcl...
03/19/08 下午 04時45分08秒 - Refreshing file groups...
03/19/08 下午 04時45分08秒 - Getting file list...
03/19/08 下午 04時45分09秒 - Building file manifest...
03/19/08 下午 04時45分09秒 - Saving install information...
03/19/08 下午 04時45分09秒 - Building install...
03/19/08 下午 04時45分09秒 - Wrapping install files...
03/19/08 下午 04時45分14秒 - FreeBSD x86 build completed in 00m06s.
03/19/08 下午 04時45分14秒 - Installer size is 30.16 MB.
03/19/08 下午 04時45分14秒 - Build completed in 00m06s.
03/19/08 下午 05時15分15秒 - Building message catalogs...
03/19/08 下午 05時15分15秒 - Building FreeBSD x86 install...  
03/19/08 下午 05時15分15秒 - Building main.tcl...
03/19/08 下午 05時15分15秒 - Refreshing file groups...
03/19/08 下午 05時15分15秒 - Getting file list...
03/19/08 下午 05時15分16秒 - Building file manifest...
03/19/08 下午 05時15分16秒 - Saving install information...
03/19/08 下午 05時15分17秒 - Building install...
03/19/08 下午 05時15分17秒 - Wrapping install files...
03/19/08 下午 05時15分21秒 - FreeBSD x86 build completed in 00m06s.
03/19/08 下午 05時15分21秒 - Installer size is 30.16 MB.
03/19/08 下午 05時15分21秒 - Build completed in 00m06s.
