04/07/08 下午 04時15分51秒 - Building message catalogs...
04/07/08 下午 04時15分52秒 - Building FreeBSD x86 install...  
04/07/08 下午 04時15分52秒 - Building main.tcl...
04/07/08 下午 04時15分52秒 - Refreshing file groups...
04/07/08 下午 04時15分52秒 - Getting file list...
04/07/08 下午 04時15分52秒 - Building file manifest...
04/07/08 下午 04時15分52秒 - Saving install information...
04/07/08 下午 04時15分52秒 - Building install...
04/07/08 下午 04時15分52秒 - Wrapping install files...
04/07/08 下午 04時15分53秒 - FreeBSD x86 build completed in 00m01s.
04/07/08 下午 04時15分53秒 - Installer size is 1.50 MB.
04/07/08 下午 04時15分53秒 - Build completed in 00m02s.
04/08/08 下午 03時21分39秒 - Building message catalogs...
04/08/08 下午 03時21分39秒 - Building FreeBSD x86 install...  
04/08/08 下午 03時21分39秒 - Building main.tcl...
04/08/08 下午 03時21分39秒 - Refreshing file groups...
04/08/08 下午 03時21分39秒 - Getting file list...
04/08/08 下午 03時21分39秒 - Building file manifest...
04/08/08 下午 03時21分39秒 - Saving install information...
04/08/08 下午 03時21分40秒 - Building install...
04/08/08 下午 03時21分40秒 - Wrapping install files...
04/08/08 下午 03時21分40秒 - FreeBSD x86 build completed in 00m01s.
04/08/08 下午 03時21分40秒 - Installer size is 1.50 MB.
04/08/08 下午 03時21分40秒 - Build completed in 00m01s.
04/08/08 下午 03時43分40秒 - Building message catalogs...
04/08/08 下午 03時43分40秒 - Building FreeBSD x86 install...  
04/08/08 下午 03時43分40秒 - Building main.tcl...
04/08/08 下午 03時43分40秒 - Refreshing file groups...
04/08/08 下午 03時43分40秒 - Getting file list...
04/08/08 下午 03時43分40秒 - Building file manifest...
04/08/08 下午 03時43分40秒 - Saving install information...
04/08/08 下午 03時43分40秒 - Building install...
04/08/08 下午 03時43分40秒 - Wrapping install files...
04/08/08 下午 03時43分41秒 - FreeBSD x86 build completed in 00m01s.
04/08/08 下午 03時43分41秒 - Installer size is 1.50 MB.
04/08/08 下午 03時43分41秒 - Build completed in 00m01s.
