03/21/08 下午 12時03分38秒 - Building message catalogs...
03/21/08 下午 12時03分38秒 - Building FreeBSD x86 install...  
03/21/08 下午 12時03分38秒 - Building main.tcl...
03/21/08 下午 12時03分38秒 - Refreshing file groups...
03/21/08 下午 12時03分39秒 - Getting file list...
03/21/08 下午 12時03分39秒 - Building file manifest...
03/21/08 下午 12時03分39秒 - Saving install information...
03/21/08 下午 12時03分40秒 - Building install...
03/21/08 下午 12時03分40秒 - Wrapping install files...
03/21/08 下午 12時03分41秒 - FreeBSD x86 build completed in 00m03s.
03/21/08 下午 12時03分41秒 - Installer size is 1.56 MB.
03/21/08 下午 12時03分41秒 - Build completed in 00m03s.
03/21/08 下午 03時59分58秒 - Building message catalogs...
03/21/08 下午 03時59分58秒 - Building FreeBSD x86 install...  
03/21/08 下午 03時59分58秒 - Building main.tcl...
03/21/08 下午 03時59分58秒 - Refreshing file groups...
03/21/08 下午 03時59分58秒 - Getting file list...
03/21/08 下午 03時59分59秒 - Building file manifest...
03/21/08 下午 03時59分59秒 - Saving install information...
03/21/08 下午 04時00分00秒 - Building install...
03/21/08 下午 04時00分00秒 - Wrapping install files...
03/21/08 下午 04時00分01秒 - FreeBSD x86 build completed in 00m03s.
03/21/08 下午 04時00分01秒 - Installer size is 1.56 MB.
03/21/08 下午 04時00分01秒 - Build completed in 00m03s.
03/21/08 下午 04時09分14秒 - Building message catalogs...
03/21/08 下午 04時09分14秒 - Building FreeBSD x86 install...  
03/21/08 下午 04時09分14秒 - Building main.tcl...
03/21/08 下午 04時09分14秒 - Refreshing file groups...
03/21/08 下午 04時09分14秒 - Getting file list...
03/21/08 下午 04時09分15秒 - Building file manifest...
03/21/08 下午 04時09分15秒 - Saving install information...
03/21/08 下午 04時09分16秒 - Building install...
03/21/08 下午 04時09分16秒 - Wrapping install files...
03/21/08 下午 04時09分16秒 - FreeBSD x86 build completed in 00m02s.
03/21/08 下午 04時09分16秒 - Installer size is 1.56 MB.
03/21/08 下午 04時09分16秒 - Build completed in 00m02s.
03/21/08 下午 04時15分43秒 - Building message catalogs...
03/21/08 下午 04時15分43秒 - Building FreeBSD x86 install...  
03/21/08 下午 04時15分43秒 - Building main.tcl...
03/21/08 下午 04時15分43秒 - Refreshing file groups...
03/21/08 下午 04時15分44秒 - Getting file list...
03/21/08 下午 04時15分44秒 - Building file manifest...
03/21/08 下午 04時15分44秒 - Saving install information...
03/21/08 下午 04時15分45秒 - Building install...
03/21/08 下午 04時15分45秒 - Wrapping install files...
03/21/08 下午 04時15分45秒 - FreeBSD x86 build completed in 00m02s.
03/21/08 下午 04時15分45秒 - Installer size is 1.56 MB.
03/21/08 下午 04時15分45秒 - Build completed in 00m02s.
03/21/08 下午 04時18分00秒 - Building message catalogs...
03/21/08 下午 04時18分00秒 - Building FreeBSD x86 install...  
03/21/08 下午 04時18分00秒 - Building main.tcl...
03/21/08 下午 04時18分00秒 - Refreshing file groups...
03/21/08 下午 04時18分00秒 - Getting file list...
03/21/08 下午 04時18分01秒 - Building file manifest...
03/21/08 下午 04時18分01秒 - Saving install information...
03/21/08 下午 04時18分02秒 - Building install...
03/21/08 下午 04時18分02秒 - Wrapping install files...
03/21/08 下午 04時18分02秒 - FreeBSD x86 build completed in 00m02s.
03/21/08 下午 04時18分02秒 - Installer size is 1.56 MB.
03/21/08 下午 04時18分02秒 - Build completed in 00m02s.
03/21/08 下午 04時25分50秒 - Building message catalogs...
03/21/08 下午 04時25分50秒 - Building FreeBSD x86 install...  
03/21/08 下午 04時25分50秒 - Building main.tcl...
03/21/08 下午 04時25分50秒 - Refreshing file groups...
03/21/08 下午 04時25分50秒 - Getting file list...
03/21/08 下午 04時25分51秒 - Building file manifest...
03/21/08 下午 04時25分51秒 - Saving install information...
03/21/08 下午 04時25分52秒 - Building install...
03/21/08 下午 04時25分52秒 - Wrapping install files...
03/21/08 下午 04時25分52秒 - FreeBSD x86 build completed in 00m02s.
03/21/08 下午 04時25分52秒 - Installer size is 1.56 MB.
03/21/08 下午 04時25分52秒 - Build completed in 00m02s.
03/21/08 下午 04時29分02秒 - Building message catalogs...
03/21/08 下午 04時29分02秒 - Building FreeBSD x86 install...  
03/21/08 下午 04時29分02秒 - Building main.tcl...
03/21/08 下午 04時29分02秒 - Refreshing file groups...
03/21/08 下午 04時29分02秒 - Getting file list...
03/21/08 下午 04時29分02秒 - Building file manifest...
03/21/08 下午 04時29分02秒 - Saving install information...
03/21/08 下午 04時29分03秒 - Building install...
03/21/08 下午 04時29分03秒 - Wrapping install files...
03/21/08 下午 04時29分03秒 - FreeBSD x86 build completed in 00m01s.
03/21/08 下午 04時29分03秒 - Installer size is 1.56 MB.
03/21/08 下午 04時29分03秒 - Build completed in 00m01s.
03/21/08 下午 05時02分09秒 - Building message catalogs...
03/21/08 下午 05時02分09秒 - Building FreeBSD x86 install...  
03/21/08 下午 05時02分09秒 - Building main.tcl...
03/21/08 下午 05時02分09秒 - Refreshing file groups...
03/21/08 下午 05時02分09秒 - Getting file list...
03/21/08 下午 05時02分10秒 - Building file manifest...
03/21/08 下午 05時02分10秒 - Saving install information...
03/21/08 下午 05時02分11秒 - Building install...
03/21/08 下午 05時02分11秒 - Wrapping install files...
03/21/08 下午 05時02分11秒 - FreeBSD x86 build completed in 00m02s.
03/21/08 下午 05時02分11秒 - Installer size is 1.56 MB.
03/21/08 下午 05時02分11秒 - Build completed in 00m02s.
03/21/08 下午 05時35分16秒 - Building message catalogs...
03/21/08 下午 05時35分16秒 - Building FreeBSD x86 install...  
03/21/08 下午 05時35分16秒 - Building main.tcl...
03/21/08 下午 05時35分16秒 - Refreshing file groups...
03/21/08 下午 05時35分16秒 - Getting file list...
03/21/08 下午 05時35分17秒 - Building file manifest...
03/21/08 下午 05時35分17秒 - Saving install information...
03/21/08 下午 05時35分17秒 - Building install...
03/21/08 下午 05時35分17秒 - Wrapping install files...
03/21/08 下午 05時35分18秒 - FreeBSD x86 build completed in 00m02s.
03/21/08 下午 05時35分18秒 - Installer size is 1.56 MB.
03/21/08 下午 05時35分18秒 - Build completed in 00m02s.
03/21/08 下午 05時51分40秒 - Building message catalogs...
03/21/08 下午 05時51分40秒 - Building FreeBSD x86 install...  
03/21/08 下午 05時51分40秒 - Building main.tcl...
03/21/08 下午 05時51分40秒 - Refreshing file groups...
03/21/08 下午 05時51分40秒 - Getting file list...
03/21/08 下午 05時51分40秒 - Building file manifest...
03/21/08 下午 05時51分40秒 - Saving install information...
03/21/08 下午 05時51分41秒 - Building install...
03/21/08 下午 05時51分41秒 - Wrapping install files...
03/21/08 下午 05時51分42秒 - FreeBSD x86 build completed in 00m02s.
03/21/08 下午 05時51分42秒 - Installer size is 1.56 MB.
03/21/08 下午 05時51分42秒 - Build completed in 00m02s.
03/24/08 上午 11時20分16秒 - Building message catalogs...
03/24/08 上午 11時20分16秒 - Building FreeBSD x86 install...  
03/24/08 上午 11時20分16秒 - Building main.tcl...
03/24/08 上午 11時20分16秒 - Refreshing file groups...
03/24/08 上午 11時20分16秒 - Getting file list...
03/24/08 上午 11時20分16秒 - Building file manifest...
03/24/08 上午 11時20分16秒 - Saving install information...
03/24/08 上午 11時20分17秒 - Building install...
03/24/08 上午 11時20分17秒 - Wrapping install files...
03/24/08 上午 11時20分18秒 - FreeBSD x86 build completed in 00m02s.
03/24/08 上午 11時20分18秒 - Installer size is 1.56 MB.
03/24/08 上午 11時20分18秒 - Build completed in 00m02s.
03/24/08 下午 05時13分45秒 - Building message catalogs...
03/24/08 下午 05時13分45秒 - Building FreeBSD x86 install...  
03/24/08 下午 05時13分45秒 - Building main.tcl...
03/24/08 下午 05時13分45秒 - Refreshing file groups...
03/24/08 下午 05時13分45秒 - Getting file list...
03/24/08 下午 05時13分46秒 - Building file manifest...
03/24/08 下午 05時13分46秒 - Saving install information...
03/24/08 下午 05時13分47秒 - Building install...
03/24/08 下午 05時13分47秒 - Wrapping install files...
03/24/08 下午 05時13分47秒 - FreeBSD x86 build completed in 00m02s.
03/24/08 下午 05時13分47秒 - Installer size is 1.56 MB.
03/24/08 下午 05時13分47秒 - Build completed in 00m02s.
03/24/08 下午 06時05分36秒 - Building message catalogs...
03/24/08 下午 06時05分36秒 - Building FreeBSD x86 install...  
03/24/08 下午 06時05分36秒 - Building main.tcl...
03/24/08 下午 06時05分36秒 - Refreshing file groups...
03/24/08 下午 06時05分36秒 - Getting file list...
03/24/08 下午 06時05分36秒 - Building file manifest...
03/24/08 下午 06時05分36秒 - Saving install information...
03/24/08 下午 06時05分37秒 - Building install...
03/24/08 下午 06時05分37秒 - Wrapping install files...
03/24/08 下午 06時05分38秒 - FreeBSD x86 build completed in 00m02s.
03/24/08 下午 06時05分38秒 - Installer size is 1.56 MB.
03/24/08 下午 06時05分38秒 - Build completed in 00m02s.
03/24/08 下午 06時11分19秒 - Building message catalogs...
03/24/08 下午 06時11分19秒 - Building FreeBSD x86 install...  
03/24/08 下午 06時11分19秒 - Building main.tcl...
03/24/08 下午 06時11分19秒 - Refreshing file groups...
03/24/08 下午 06時11分20秒 - Getting file list...
03/24/08 下午 06時11分20秒 - Building file manifest...
03/24/08 下午 06時11分20秒 - Saving install information...
03/24/08 下午 06時11分21秒 - Building install...
03/24/08 下午 06時11分21秒 - Wrapping install files...
03/24/08 下午 06時11分21秒 - FreeBSD x86 build completed in 00m02s.
03/24/08 下午 06時11分21秒 - Installer size is 1.56 MB.
03/24/08 下午 06時11分21秒 - Build completed in 00m02s.
03/24/08 下午 06時11分25秒 - Building message catalogs...
03/24/08 下午 06時11分25秒 - Building FreeBSD x86 install...  
03/24/08 下午 06時11分25秒 - Building main.tcl...
03/24/08 下午 06時11分25秒 - Refreshing file groups...
03/24/08 下午 06時11分25秒 - Getting file list...
03/24/08 下午 06時11分25秒 - Building file manifest...
03/24/08 下午 06時11分25秒 - Saving install information...
03/24/08 下午 06時11分26秒 - Building install...
03/24/08 下午 06時11分26秒 - Wrapping install files...
03/24/08 下午 06時11分27秒 - FreeBSD x86 build completed in 00m02s.
03/24/08 下午 06時11分27秒 - Installer size is 1.56 MB.
03/24/08 下午 06時11分27秒 - Build completed in 00m02s.
03/24/08 下午 06時20分19秒 - Building message catalogs...
03/24/08 下午 06時20分19秒 - Building FreeBSD x86 install...  
03/24/08 下午 06時20分19秒 - Building main.tcl...
03/24/08 下午 06時20分19秒 - Refreshing file groups...
03/24/08 下午 06時20分19秒 - Getting file list...
03/24/08 下午 06時20分20秒 - Building file manifest...
03/24/08 下午 06時20分20秒 - Saving install information...
03/24/08 下午 06時20分20秒 - Building install...
03/24/08 下午 06時20分21秒 - Wrapping install files...
03/24/08 下午 06時20分21秒 - FreeBSD x86 build completed in 00m02s.
03/24/08 下午 06時20分21秒 - Installer size is 1.56 MB.
03/24/08 下午 06時20分21秒 - Build completed in 00m02s.
03/24/08 下午 06時33分07秒 - Building message catalogs...
03/24/08 下午 06時33分07秒 - Building FreeBSD x86 install...  
03/24/08 下午 06時33分07秒 - Building main.tcl...
03/24/08 下午 06時33分07秒 - Refreshing file groups...
03/24/08 下午 06時33分07秒 - Getting file list...
03/24/08 下午 06時33分08秒 - Building file manifest...
03/24/08 下午 06時33分08秒 - Saving install information...
03/24/08 下午 06時33分09秒 - Building install...
03/24/08 下午 06時33分09秒 - Wrapping install files...
03/24/08 下午 06時33分09秒 - FreeBSD x86 build completed in 00m02s.
03/24/08 下午 06時33分09秒 - Installer size is 1.56 MB.
03/24/08 下午 06時33分09秒 - Build completed in 00m02s.
03/25/08 上午 08時13分47秒 - Building message catalogs...
03/25/08 上午 08時13分47秒 - Building FreeBSD x86 install...  
03/25/08 上午 08時13分47秒 - Building main.tcl...
03/25/08 上午 08時13分47秒 - Refreshing file groups...
03/25/08 上午 08時13分47秒 - Getting file list...
03/25/08 上午 08時13分47秒 - Building file manifest...
03/25/08 上午 08時13分47秒 - Saving install information...
03/25/08 上午 08時13分48秒 - Building install...
03/25/08 上午 08時13分48秒 - Wrapping install files...
03/25/08 上午 08時13分49秒 - FreeBSD x86 build completed in 00m02s.
03/25/08 上午 08時13分49秒 - Installer size is 1.56 MB.
03/25/08 上午 08時13分49秒 - Build completed in 00m02s.
03/25/08 上午 08時57分31秒 - Building message catalogs...
03/25/08 上午 08時57分31秒 - Building FreeBSD x86 install...  
03/25/08 上午 08時57分31秒 - Building main.tcl...
03/25/08 上午 08時57分31秒 - Refreshing file groups...
03/25/08 上午 08時57分31秒 - Getting file list...
03/25/08 上午 08時57分31秒 - Building file manifest...
03/25/08 上午 08時57分31秒 - Saving install information...
03/25/08 上午 08時57分32秒 - Building install...
03/25/08 上午 08時57分32秒 - Wrapping install files...
03/25/08 上午 08時57分33秒 - FreeBSD x86 build completed in 00m02s.
03/25/08 上午 08時57分33秒 - Installer size is 1.56 MB.
03/25/08 上午 08時57分33秒 - Build completed in 00m02s.
03/26/08 上午 11時55分38秒 - Building message catalogs...
03/26/08 上午 11時55分38秒 - Building FreeBSD x86 install...  
03/26/08 上午 11時55分38秒 - Building main.tcl...
03/26/08 上午 11時55分38秒 - Refreshing file groups...
03/26/08 上午 11時55分38秒 - Getting file list...
03/26/08 上午 11時55分38秒 - Building file manifest...
03/26/08 上午 11時55分38秒 - Saving install information...
03/26/08 上午 11時55分39秒 - Building install...
03/26/08 上午 11時55分39秒 - Wrapping install files...
03/26/08 上午 11時55分40秒 - FreeBSD x86 build completed in 00m02s.
03/26/08 上午 11時55分40秒 - Installer size is 1.56 MB.
03/26/08 上午 11時55分40秒 - Build completed in 00m02s.
03/26/08 下午 04時00分38秒 - Building message catalogs...
03/26/08 下午 04時00分38秒 - Building FreeBSD x86 install...  
03/26/08 下午 04時00分38秒 - Building main.tcl...
03/26/08 下午 04時00分38秒 - Refreshing file groups...
03/26/08 下午 04時00分38秒 - Getting file list...
03/26/08 下午 04時00分39秒 - Building file manifest...
03/26/08 下午 04時00分39秒 - Saving install information...
03/26/08 下午 04時00分40秒 - Building install...
03/26/08 下午 04時00分40秒 - Wrapping install files...
03/26/08 下午 04時00分40秒 - FreeBSD x86 build completed in 00m02s.
03/26/08 下午 04時00分40秒 - Installer size is 1.56 MB.
03/26/08 下午 04時00分40秒 - Build completed in 00m02s.
