04/02/08 下午 05時09分04秒 - Building message catalogs...
04/02/08 下午 05時09分04秒 - Building FreeBSD x86 install...  
04/02/08 下午 05時09分04秒 - Building main.tcl...
04/02/08 下午 05時09分04秒 - Refreshing file groups...
04/02/08 下午 05時09分04秒 - Getting file list...
04/02/08 下午 05時09分04秒 - Building file manifest...
04/02/08 下午 05時09分04秒 - Saving install information...
04/02/08 下午 05時09分05秒 - Building install...
04/02/08 下午 05時09分05秒 - Wrapping install files...
04/02/08 下午 05時09分05秒 - FreeBSD x86 build completed in 00m01s.
04/02/08 下午 05時09分05秒 - Installer size is 1.53 MB.
04/02/08 下午 05時09分05秒 - Build completed in 00m01s.
04/02/08 下午 05時58分13秒 - Building message catalogs...
04/02/08 下午 05時58分13秒 - Building FreeBSD x86 install...  
04/02/08 下午 05時58分13秒 - Building main.tcl...
04/02/08 下午 05時58分13秒 - Refreshing file groups...
04/02/08 下午 05時58分13秒 - Getting file list...
04/02/08 下午 05時58分13秒 - Building file manifest...
04/02/08 下午 05時58分13秒 - Saving install information...
04/02/08 下午 05時58分14秒 - Building install...
04/02/08 下午 05時58分14秒 - Wrapping install files...
04/02/08 下午 05時58分14秒 - FreeBSD x86 build completed in 00m01s.
04/02/08 下午 05時58分14秒 - Installer size is 1.52 MB.
04/02/08 下午 05時58分14秒 - Build completed in 00m01s.
04/02/08 下午 06時23分21秒 - Building message catalogs...
04/02/08 下午 06時23分21秒 - Building FreeBSD x86 install...  
04/02/08 下午 06時23分21秒 - Building main.tcl...
04/02/08 下午 06時23分21秒 - Refreshing file groups...
04/02/08 下午 06時23分21秒 - Getting file list...
04/02/08 下午 06時23分21秒 - Building file manifest...
04/02/08 下午 06時23分21秒 - Saving install information...
04/02/08 下午 06時23分22秒 - Building install...
04/02/08 下午 06時23分22秒 - Wrapping install files...
04/02/08 下午 06時23分22秒 - FreeBSD x86 build completed in 00m01s.
04/02/08 下午 06時23分22秒 - Installer size is 1.52 MB.
04/02/08 下午 06時23分22秒 - Build completed in 00m01s.
